2026-05-19 00:29:26,685 INFO georag.ingest.derive derive.project start project_id=762b147e-af53-4593-b569-04ee46f31d97 collars=66
2026-05-19 00:29:29,548 INFO georag.ingest.derive derive.progress 10/66
2026-05-19 00:29:32,671 INFO georag.ingest.derive derive.progress 20/66
2026-05-19 00:29:35,832 INFO georag.ingest.derive derive.progress 30/66
2026-05-19 00:29:38,996 INFO georag.ingest.derive derive.progress 40/66
2026-05-19 00:29:42,153 INFO georag.ingest.derive derive.progress 50/66
2026-05-19 00:29:45,076 INFO georag.ingest.derive derive.progress 60/66
2026-05-19 00:29:47,218 INFO georag.ingest.derive derive.project done {'project_id': '762b147e-af53-4593-b569-04ee46f31d97', 'collars_total': 66, 'collars_emitted': 66, 'collars_skipped': 0, 'intervals_total': 2444, 'samples_total': 489, 'ore_bands_total': 835}
derive over 120 projects (post-GRANT)
[1/120] cameco-shirley-basin: collars=66 emitted=66 intervals=2444 samples=489
2026-05-19 00:29:47,257 INFO georag.ingest.derive derive.project start project_id=cb067754-b191-4b62-a6a5-0f0712d29a8d collars=94
2026-05-19 00:29:51,582 INFO georag.ingest.derive derive.progress 10/94
2026-05-19 00:29:56,062 INFO georag.ingest.derive derive.progress 20/94
2026-05-19 00:30:00,313 INFO georag.ingest.derive derive.progress 30/94
2026-05-19 00:30:04,190 INFO georag.ingest.derive derive.progress 40/94
2026-05-19 00:30:07,906 INFO georag.ingest.derive derive.progress 50/94
2026-05-19 00:30:11,224 INFO georag.ingest.derive derive.progress 60/94
2026-05-19 00:30:14,225 INFO georag.ingest.derive derive.progress 70/94
2026-05-19 00:30:16,850 INFO georag.ingest.derive derive.progress 80/94
2026-05-19 00:30:20,105 INFO georag.ingest.derive derive.progress 90/94
2026-05-19 00:30:21,759 INFO georag.ingest.derive derive.project done {'project_id': 'cb067754-b191-4b62-a6a5-0f0712d29a8d', 'collars_total': 94, 'collars_emitted': 94, 'collars_skipped': 0, 'intervals_total': 3562, 'samples_total': 1853, 'ore_bands_total': 1475}
[2/120] gas-hills-033n089w28: collars=94 emitted=94 intervals=3562 samples=1853
2026-05-19 00:30:21,799 INFO georag.ingest.derive derive.project start project_id=019d74a1-fba8-7165-9ae6-a5bf93eef97d collars=20
2026-05-19 00:30:21,828 INFO georag.ingest.derive derive.progress 10/20
2026-05-19 00:30:21,835 INFO georag.ingest.derive derive.progress 20/20
2026-05-19 00:30:21,835 INFO georag.ingest.derive derive.project done {'project_id': '019d74a1-fba8-7165-9ae6-a5bf93eef97d', 'collars_total': 20, 'collars_emitted': 0, 'collars_skipped': 20, 'intervals_total': 0, 'samples_total': 0, 'ore_bands_total': 0}
2026-05-19 00:30:21,875 INFO georag.ingest.derive derive.project start project_id=df4980b0-119e-413c-8f86-5a6117d3b3e5 collars=0
2026-05-19 00:30:21,875 INFO georag.ingest.derive derive.project done {'project_id': 'df4980b0-119e-413c-8f86-5a6117d3b3e5', 'collars_total': 0, 'collars_emitted': 0, 'collars_skipped': 0, 'intervals_total': 0, 'samples_total': 0, 'ore_bands_total': 0}
2026-05-19 00:30:21,912 INFO georag.ingest.derive derive.project start project_id=d7626d4f-1d99-467f-8331-d1bedca7d9f4 collars=0
2026-05-19 00:30:21,913 INFO georag.ingest.derive derive.project done {'project_id': 'd7626d4f-1d99-467f-8331-d1bedca7d9f4', 'collars_total': 0, 'collars_emitted': 0, 'collars_skipped': 0, 'intervals_total': 0, 'samples_total': 0, 'ore_bands_total': 0}
2026-05-19 00:30:21,948 INFO georag.ingest.derive derive.project start project_id=8ddbf229-9860-4db0-96eb-6c77dcf4e987 collars=0
2026-05-19 00:30:21,948 INFO georag.ingest.derive derive.project done {'project_id': '8ddbf229-9860-4db0-96eb-6c77dcf4e987', 'collars_total': 0, 'collars_emitted': 0, 'collars_skipped': 0, 'intervals_total': 0, 'samples_total': 0, 'ore_bands_total': 0}
2026-05-19 00:30:21,985 INFO georag.ingest.derive derive.project start project_id=e9e2809c-25e4-4a6e-8e7c-b78f3d6f006d collars=0
2026-05-19 00:30:21,985 INFO georag.ingest.derive derive.project done {'project_id': 'e9e2809c-25e4-4a6e-8e7c-b78f3d6f006d', 'collars_total': 0, 'collars_emitted': 0, 'collars_skipped': 0, 'intervals_total': 0, 'samples_total': 0, 'ore_bands_total': 0}
2026-05-19 00:30:22,021 INFO georag.ingest.derive derive.project start project_id=159faea4-d106-40a6-8c5f-7850fbf9b584 collars=0
2026-05-19 00:30:22,021 INFO georag.ingest.derive derive.project done {'project_id': '159faea4-d106-40a6-8c5f-7850fbf9b584', 'collars_total': 0, 'collars_emitted': 0, 'collars_skipped': 0, 'intervals_total': 0, 'samples_total': 0, 'ore_bands_total': 0}
2026-05-19 00:30:22,057 INFO georag.ingest.derive derive.project start project_id=a62512c9-d449-4164-8c93-c09502c71090 collars=0
2026-05-19 00:30:22,057 INFO georag.ingest.derive derive.project done {'project_id': 'a62512c9-d449-4164-8c93-c09502c71090', 'collars_total': 0, 'collars_emitted': 0, 'collars_skipped': 0, 'intervals_total': 0, 'samples_total': 0, 'ore_bands_total': 0}
2026-05-19 00:30:22,095 INFO georag.ingest.derive derive.project start project_id=a198a1f8-b75b-4922-8d43-67589b41ec5f collars=0
2026-05-19 00:30:22,095 INFO georag.ingest.derive derive.project done {'project_id': 'a198a1f8-b75b-4922-8d43-67589b41ec5f', 'collars_total': 0, 'collars_emitted': 0, 'collars_skipped': 0, 'intervals_total': 0, 'samples_total': 0, 'ore_bands_total': 0}
[10/120] wsgs-uranium-025n091w02: collars=0 emitted=0 intervals=0 samples=0
2026-05-19 00:30:22,132 INFO georag.ingest.derive derive.project start project_id=2c8b7f37-901f-4f8b-b4c2-ec1f78f6f80e collars=0
2026-05-19 00:30:22,132 INFO georag.ingest.derive derive.project done {'project_id': '2c8b7f37-901f-4f8b-b4c2-ec1f78f6f80e', 'collars_total': 0, 'collars_emitted': 0, 'collars_skipped': 0, 'intervals_total': 0, 'samples_total': 0, 'ore_bands_total': 0}
2026-05-19 00:30:22,168 INFO georag.ingest.derive derive.project start project_id=7225185a-dd84-45e7-89d3-eef5db6f9912 collars=0
2026-05-19 00:30:22,168 INFO georag.ingest.derive derive.project done {'project_id': '7225185a-dd84-45e7-89d3-eef5db6f9912', 'collars_total': 0, 'collars_emitted': 0, 'collars_skipped': 0, 'intervals_total': 0, 'samples_total': 0, 'ore_bands_total': 0}
2026-05-19 00:30:22,205 INFO georag.ingest.derive derive.project start project_id=560cf796-1ef2-408d-9a55-efdd0ffe5754 collars=0
2026-05-19 00:30:22,205 INFO georag.ingest.derive derive.project done {'project_id': '560cf796-1ef2-408d-9a55-efdd0ffe5754', 'collars_total': 0, 'collars_emitted': 0, 'collars_skipped': 0, 'intervals_total': 0, 'samples_total': 0, 'ore_bands_total': 0}
2026-05-19 00:30:22,243 INFO georag.ingest.derive derive.project start project_id=0f8fc0a4-78df-4c78-bc1a-0f890e1cbd8c collars=0
2026-05-19 00:30:22,243 INFO georag.ingest.derive derive.project done {'project_id': '0f8fc0a4-78df-4c78-bc1a-0f890e1cbd8c', 'collars_total': 0, 'collars_emitted': 0, 'collars_skipped': 0, 'intervals_total': 0, 'samples_total': 0, 'ore_bands_total': 0}
2026-05-19 00:30:22,282 INFO georag.ingest.derive derive.project start project_id=ece5656c-e4ee-4978-8e50-f0b3f2cebabf collars=0
2026-05-19 00:30:22,282 INFO georag.ingest.derive derive.project done {'project_id': 'ece5656c-e4ee-4978-8e50-f0b3f2cebabf', 'collars_total': 0, 'collars_emitted': 0, 'collars_skipped': 0, 'intervals_total': 0, 'samples_total': 0, 'ore_bands_total': 0}
2026-05-19 00:30:22,322 INFO georag.ingest.derive derive.project start project_id=b04c041c-440d-49f6-96f2-7874b3f2ecc8 collars=0
2026-05-19 00:30:22,322 INFO georag.ingest.derive derive.project done {'project_id': 'b04c041c-440d-49f6-96f2-7874b3f2ecc8', 'collars_total': 0, 'collars_emitted': 0, 'collars_skipped': 0, 'intervals_total': 0, 'samples_total': 0, 'ore_bands_total': 0}
2026-05-19 00:30:22,361 INFO georag.ingest.derive derive.project start project_id=51b48559-90ff-47fd-838d-5ed38587ca6a collars=0
2026-05-19 00:30:22,361 INFO georag.ingest.derive derive.project done {'project_id': '51b48559-90ff-47fd-838d-5ed38587ca6a', 'collars_total': 0, 'collars_emitted': 0, 'collars_skipped': 0, 'intervals_total': 0, 'samples_total': 0, 'ore_bands_total': 0}
2026-05-19 00:30:22,398 INFO georag.ingest.derive derive.project start project_id=1c4860d2-00b7-4a5a-bf21-3c728c435185 collars=0
2026-05-19 00:30:22,398 INFO georag.ingest.derive derive.project done {'project_id': '1c4860d2-00b7-4a5a-bf21-3c728c435185', 'collars_total': 0, 'collars_emitted': 0, 'collars_skipped': 0, 'intervals_total': 0, 'samples_total': 0, 'ore_bands_total': 0}
2026-05-19 00:30:22,433 INFO georag.ingest.derive derive.project start project_id=ce247f2b-88f1-4cbb-b3f3-825d5bf50e22 collars=0
2026-05-19 00:30:22,433 INFO georag.ingest.derive derive.project done {'project_id': 'ce247f2b-88f1-4cbb-b3f3-825d5bf50e22', 'collars_total': 0, 'collars_emitted': 0, 'collars_skipped': 0, 'intervals_total': 0, 'samples_total': 0, 'ore_bands_total': 0}
2026-05-19 00:30:22,469 INFO georag.ingest.derive derive.project start project_id=45f2fc20-1679-4212-a064-884d6ca11dbd collars=0
2026-05-19 00:30:22,469 INFO georag.ingest.derive derive.project done {'project_id': '45f2fc20-1679-4212-a064-884d6ca11dbd', 'collars_total': 0, 'collars_emitted': 0, 'collars_skipped': 0, 'intervals_total': 0, 'samples_total': 0, 'ore_bands_total': 0}
[20/120] wsgs-uranium-026n091w27: collars=0 emitted=0 intervals=0 samples=0
2026-05-19 00:30:22,504 INFO georag.ingest.derive derive.project start project_id=7d5ffe91-e79b-415c-b0fa-ec59b9f73ae8 collars=0
2026-05-19 00:30:22,504 INFO georag.ingest.derive derive.project done {'project_id': '7d5ffe91-e79b-415c-b0fa-ec59b9f73ae8', 'collars_total': 0, 'collars_emitted': 0, 'collars_skipped': 0, 'intervals_total': 0, 'samples_total': 0, 'ore_bands_total': 0}
2026-05-19 00:30:22,541 INFO georag.ingest.derive derive.project start project_id=c8373541-93cb-461f-a20f-0acf96617789 collars=0
2026-05-19 00:30:22,541 INFO georag.ingest.derive derive.project done {'project_id': 'c8373541-93cb-461f-a20f-0acf96617789', 'collars_total': 0, 'collars_emitted': 0, 'collars_skipped': 0, 'intervals_total': 0, 'samples_total': 0, 'ore_bands_total': 0}
2026-05-19 00:30:22,578 INFO georag.ingest.derive derive.project start project_id=57631c22-f4df-44be-bd10-60f34acd0098 collars=0
2026-05-19 00:30:22,578 INFO georag.ingest.derive derive.project done {'project_id': '57631c22-f4df-44be-bd10-60f34acd0098', 'collars_total': 0, 'collars_emitted': 0, 'collars_skipped': 0, 'intervals_total': 0, 'samples_total': 0, 'ore_bands_total': 0}
2026-05-19 00:30:22,614 INFO georag.ingest.derive derive.project start project_id=9812469c-605b-4098-b81d-af8e3a2033d3 collars=0
2026-05-19 00:30:22,614 INFO georag.ingest.derive derive.project done {'project_id': '9812469c-605b-4098-b81d-af8e3a2033d3', 'collars_total': 0, 'collars_emitted': 0, 'collars_skipped': 0, 'intervals_total': 0, 'samples_total': 0, 'ore_bands_total': 0}
2026-05-19 00:30:22,648 INFO georag.ingest.derive derive.project start project_id=8d76b368-7cb2-4548-959b-a6903e8caa7e collars=0
2026-05-19 00:30:22,648 INFO georag.ingest.derive derive.project done {'project_id': '8d76b368-7cb2-4548-959b-a6903e8caa7e', 'collars_total': 0, 'collars_emitted': 0, 'collars_skipped': 0, 'intervals_total': 0, 'samples_total': 0, 'ore_bands_total': 0}
2026-05-19 00:30:22,684 INFO georag.ingest.derive derive.project start project_id=1160d799-427f-48ff-aa0e-a7258ddefaee collars=0
2026-05-19 00:30:22,684 INFO georag.ingest.derive derive.project done {'project_id': '1160d799-427f-48ff-aa0e-a7258ddefaee', 'collars_total': 0, 'collars_emitted': 0, 'collars_skipped': 0, 'intervals_total': 0, 'samples_total': 0, 'ore_bands_total': 0}
2026-05-19 00:30:22,720 INFO georag.ingest.derive derive.project start project_id=d8b6652b-e5f1-4108-9b6d-296359897aaa collars=0
2026-05-19 00:30:22,721 INFO georag.ingest.derive derive.project done {'project_id': 'd8b6652b-e5f1-4108-9b6d-296359897aaa', 'collars_total': 0, 'collars_emitted': 0, 'collars_skipped': 0, 'intervals_total': 0, 'samples_total': 0, 'ore_bands_total': 0}
2026-05-19 00:30:22,757 INFO georag.ingest.derive derive.project start project_id=3e713945-68e7-4a5a-9dcc-89a328d265d8 collars=0
2026-05-19 00:30:22,757 INFO georag.ingest.derive derive.project done {'project_id': '3e713945-68e7-4a5a-9dcc-89a328d265d8', 'collars_total': 0, 'collars_emitted': 0, 'collars_skipped': 0, 'intervals_total': 0, 'samples_total': 0, 'ore_bands_total': 0}
2026-05-19 00:30:22,794 INFO georag.ingest.derive derive.project start project_id=3be0fc66-14e9-4751-85d6-6a152563d4f0 collars=0
2026-05-19 00:30:22,794 INFO georag.ingest.derive derive.project done {'project_id': '3be0fc66-14e9-4751-85d6-6a152563d4f0', 'collars_total': 0, 'collars_emitted': 0, 'collars_skipped': 0, 'intervals_total': 0, 'samples_total': 0, 'ore_bands_total': 0}
2026-05-19 00:30:22,831 INFO georag.ingest.derive derive.project start project_id=11a834c1-fdd0-47db-978d-9a90cacd7e69 collars=0
2026-05-19 00:30:22,831 INFO georag.ingest.derive derive.project done {'project_id': '11a834c1-fdd0-47db-978d-9a90cacd7e69', 'collars_total': 0, 'collars_emitted': 0, 'collars_skipped': 0, 'intervals_total': 0, 'samples_total': 0, 'ore_bands_total': 0}
[30/120] wsgs-uranium-027n079w01: collars=0 emitted=0 intervals=0 samples=0
2026-05-19 00:30:22,867 INFO georag.ingest.derive derive.project start project_id=5f957bdd-cd68-4c53-acbb-5f075f25ad80 collars=0
2026-05-19 00:30:22,867 INFO georag.ingest.derive derive.project done {'project_id': '5f957bdd-cd68-4c53-acbb-5f075f25ad80', 'collars_total': 0, 'collars_emitted': 0, 'collars_skipped': 0, 'intervals_total': 0, 'samples_total': 0, 'ore_bands_total': 0}
2026-05-19 00:30:22,909 INFO georag.ingest.derive derive.project start project_id=79209632-cb21-46b8-a768-ba6d975c9372 collars=0
2026-05-19 00:30:22,909 INFO georag.ingest.derive derive.project done {'project_id': '79209632-cb21-46b8-a768-ba6d975c9372', 'collars_total': 0, 'collars_emitted': 0, 'collars_skipped': 0, 'intervals_total': 0, 'samples_total': 0, 'ore_bands_total': 0}
2026-05-19 00:30:22,944 INFO georag.ingest.derive derive.project start project_id=80ffc5e5-3138-43c0-b246-0dd584a98bc7 collars=0
2026-05-19 00:30:22,944 INFO georag.ingest.derive derive.project done {'project_id': '80ffc5e5-3138-43c0-b246-0dd584a98bc7', 'collars_total': 0, 'collars_emitted': 0, 'collars_skipped': 0, 'intervals_total': 0, 'samples_total': 0, 'ore_bands_total': 0}
2026-05-19 00:30:22,982 INFO georag.ingest.derive derive.project start project_id=1a17f6d6-5b20-482e-9ca3-30e05f300018 collars=0
2026-05-19 00:30:22,982 INFO georag.ingest.derive derive.project done {'project_id': '1a17f6d6-5b20-482e-9ca3-30e05f300018', 'collars_total': 0, 'collars_emitted': 0, 'collars_skipped': 0, 'intervals_total': 0, 'samples_total': 0, 'ore_bands_total': 0}
2026-05-19 00:30:23,020 INFO georag.ingest.derive derive.project start project_id=27a3505b-8f3b-4705-bfdb-cf483e59444d collars=0
2026-05-19 00:30:23,020 INFO georag.ingest.derive derive.project done {'project_id': '27a3505b-8f3b-4705-bfdb-cf483e59444d', 'collars_total': 0, 'collars_emitted': 0, 'collars_skipped': 0, 'intervals_total': 0, 'samples_total': 0, 'ore_bands_total': 0}
2026-05-19 00:30:23,057 INFO georag.ingest.derive derive.project start project_id=cf5372a9-be0d-428e-9e5c-76a2b32494af collars=0
2026-05-19 00:30:23,057 INFO georag.ingest.derive derive.project done {'project_id': 'cf5372a9-be0d-428e-9e5c-76a2b32494af', 'collars_total': 0, 'collars_emitted': 0, 'collars_skipped': 0, 'intervals_total': 0, 'samples_total': 0, 'ore_bands_total': 0}
2026-05-19 00:30:23,095 INFO georag.ingest.derive derive.project start project_id=d3a10baa-ab6b-48a1-88f0-8107b0de793e collars=0
2026-05-19 00:30:23,095 INFO georag.ingest.derive derive.project done {'project_id': 'd3a10baa-ab6b-48a1-88f0-8107b0de793e', 'collars_total': 0, 'collars_emitted': 0, 'collars_skipped': 0, 'intervals_total': 0, 'samples_total': 0, 'ore_bands_total': 0}
2026-05-19 00:30:23,131 INFO georag.ingest.derive derive.project start project_id=271e25c6-7652-4036-8e90-d2ec8345343e collars=0
2026-05-19 00:30:23,132 INFO georag.ingest.derive derive.project done {'project_id': '271e25c6-7652-4036-8e90-d2ec8345343e', 'collars_total': 0, 'collars_emitted': 0, 'collars_skipped': 0, 'intervals_total': 0, 'samples_total': 0, 'ore_bands_total': 0}
2026-05-19 00:30:23,168 INFO georag.ingest.derive derive.project start project_id=39f6a226-162b-42ac-91f1-8ae7a9c2ffa8 collars=0
2026-05-19 00:30:23,168 INFO georag.ingest.derive derive.project done {'project_id': '39f6a226-162b-42ac-91f1-8ae7a9c2ffa8', 'collars_total': 0, 'collars_emitted': 0, 'collars_skipped': 0, 'intervals_total': 0, 'samples_total': 0, 'ore_bands_total': 0}
2026-05-19 00:30:23,204 INFO georag.ingest.derive derive.project start project_id=0dce84f9-b21d-462f-bc0e-6c9c60f3b0ef collars=0
2026-05-19 00:30:23,204 INFO georag.ingest.derive derive.project done {'project_id': '0dce84f9-b21d-462f-bc0e-6c9c60f3b0ef', 'collars_total': 0, 'collars_emitted': 0, 'collars_skipped': 0, 'intervals_total': 0, 'samples_total': 0, 'ore_bands_total': 0}
[40/120] wsgs-uranium-027n091w16: collars=0 emitted=0 intervals=0 samples=0
2026-05-19 00:30:23,242 INFO georag.ingest.derive derive.project start project_id=134cac8e-8dab-415f-bf26-ff57ad48cc90 collars=0
2026-05-19 00:30:23,242 INFO georag.ingest.derive derive.project done {'project_id': '134cac8e-8dab-415f-bf26-ff57ad48cc90', 'collars_total': 0, 'collars_emitted': 0, 'collars_skipped': 0, 'intervals_total': 0, 'samples_total': 0, 'ore_bands_total': 0}
2026-05-19 00:30:23,280 INFO georag.ingest.derive derive.project start project_id=0c7b9b74-69a2-4ebe-9210-e42a331b02d0 collars=0
2026-05-19 00:30:23,280 INFO georag.ingest.derive derive.project done {'project_id': '0c7b9b74-69a2-4ebe-9210-e42a331b02d0', 'collars_total': 0, 'collars_emitted': 0, 'collars_skipped': 0, 'intervals_total': 0, 'samples_total': 0, 'ore_bands_total': 0}
2026-05-19 00:30:23,319 INFO georag.ingest.derive derive.project start project_id=c5c3d1d0-faa5-449a-8c59-85ee55f1af40 collars=0
2026-05-19 00:30:23,320 INFO georag.ingest.derive derive.project done {'project_id': 'c5c3d1d0-faa5-449a-8c59-85ee55f1af40', 'collars_total': 0, 'collars_emitted': 0, 'collars_skipped': 0, 'intervals_total': 0, 'samples_total': 0, 'ore_bands_total': 0}
2026-05-19 00:30:23,356 INFO georag.ingest.derive derive.project start project_id=f793a2a9-b60f-4e73-bb56-b9e085ebc3b0 collars=0
2026-05-19 00:30:23,356 INFO georag.ingest.derive derive.project done {'project_id': 'f793a2a9-b60f-4e73-bb56-b9e085ebc3b0', 'collars_total': 0, 'collars_emitted': 0, 'collars_skipped': 0, 'intervals_total': 0, 'samples_total': 0, 'ore_bands_total': 0}
2026-05-19 00:30:23,396 INFO georag.ingest.derive derive.project start project_id=9b9ea02d-29fd-4874-bba2-567d1ddfc90b collars=0
2026-05-19 00:30:23,397 INFO georag.ingest.derive derive.project done {'project_id': '9b9ea02d-29fd-4874-bba2-567d1ddfc90b', 'collars_total': 0, 'collars_emitted': 0, 'collars_skipped': 0, 'intervals_total': 0, 'samples_total': 0, 'ore_bands_total': 0}
2026-05-19 00:30:23,434 INFO georag.ingest.derive derive.project start project_id=4a0657ef-ec2f-4f27-95e0-5066fbd83a3e collars=0
2026-05-19 00:30:23,434 INFO georag.ingest.derive derive.project done {'project_id': '4a0657ef-ec2f-4f27-95e0-5066fbd83a3e', 'collars_total': 0, 'collars_emitted': 0, 'collars_skipped': 0, 'intervals_total': 0, 'samples_total': 0, 'ore_bands_total': 0}
2026-05-19 00:30:23,471 INFO georag.ingest.derive derive.project start project_id=d866a9cb-9375-45eb-88bf-8e81b58f94b4 collars=0
2026-05-19 00:30:23,471 INFO georag.ingest.derive derive.project done {'project_id': 'd866a9cb-9375-45eb-88bf-8e81b58f94b4', 'collars_total': 0, 'collars_emitted': 0, 'collars_skipped': 0, 'intervals_total': 0, 'samples_total': 0, 'ore_bands_total': 0}
2026-05-19 00:30:23,507 INFO georag.ingest.derive derive.project start project_id=9a389632-6618-4f1b-9dd5-7da79d9071f1 collars=0
2026-05-19 00:30:23,508 INFO georag.ingest.derive derive.project done {'project_id': '9a389632-6618-4f1b-9dd5-7da79d9071f1', 'collars_total': 0, 'collars_emitted': 0, 'collars_skipped': 0, 'intervals_total': 0, 'samples_total': 0, 'ore_bands_total': 0}
2026-05-19 00:30:23,543 INFO georag.ingest.derive derive.project start project_id=7830fe95-3172-4d4f-bf82-dd105e6f805a collars=0
2026-05-19 00:30:23,543 INFO georag.ingest.derive derive.project done {'project_id': '7830fe95-3172-4d4f-bf82-dd105e6f805a', 'collars_total': 0, 'collars_emitted': 0, 'collars_skipped': 0, 'intervals_total': 0, 'samples_total': 0, 'ore_bands_total': 0}
2026-05-19 00:30:23,580 INFO georag.ingest.derive derive.project start project_id=26721431-3774-4fce-baf8-19311a0fe2bf collars=0
2026-05-19 00:30:23,580 INFO georag.ingest.derive derive.project done {'project_id': '26721431-3774-4fce-baf8-19311a0fe2bf', 'collars_total': 0, 'collars_emitted': 0, 'collars_skipped': 0, 'intervals_total': 0, 'samples_total': 0, 'ore_bands_total': 0}
[50/120] wsgs-uranium-027n091w36: collars=0 emitted=0 intervals=0 samples=0
2026-05-19 00:30:23,619 INFO georag.ingest.derive derive.project start project_id=30c91acf-83eb-4891-858f-8a0049154d9e collars=0
2026-05-19 00:30:23,619 INFO georag.ingest.derive derive.project done {'project_id': '30c91acf-83eb-4891-858f-8a0049154d9e', 'collars_total': 0, 'collars_emitted': 0, 'collars_skipped': 0, 'intervals_total': 0, 'samples_total': 0, 'ore_bands_total': 0}
2026-05-19 00:30:23,654 INFO georag.ingest.derive derive.project start project_id=9a5d2bd5-4515-4ead-a9ea-27a6e74077ab collars=0
2026-05-19 00:30:23,654 INFO georag.ingest.derive derive.project done {'project_id': '9a5d2bd5-4515-4ead-a9ea-27a6e74077ab', 'collars_total': 0, 'collars_emitted': 0, 'collars_skipped': 0, 'intervals_total': 0, 'samples_total': 0, 'ore_bands_total': 0}
2026-05-19 00:30:23,691 INFO georag.ingest.derive derive.project start project_id=ffc4f1d5-1cc8-43b3-9d16-f303da0b076c collars=0
2026-05-19 00:30:23,691 INFO georag.ingest.derive derive.project done {'project_id': 'ffc4f1d5-1cc8-43b3-9d16-f303da0b076c', 'collars_total': 0, 'collars_emitted': 0, 'collars_skipped': 0, 'intervals_total': 0, 'samples_total': 0, 'ore_bands_total': 0}
2026-05-19 00:30:23,726 INFO georag.ingest.derive derive.project start project_id=4c88b271-20f7-479c-b296-936f07b84d36 collars=0
2026-05-19 00:30:23,726 INFO georag.ingest.derive derive.project done {'project_id': '4c88b271-20f7-479c-b296-936f07b84d36', 'collars_total': 0, 'collars_emitted': 0, 'collars_skipped': 0, 'intervals_total': 0, 'samples_total': 0, 'ore_bands_total': 0}
2026-05-19 00:30:23,760 INFO georag.ingest.derive derive.project start project_id=f09babd6-a141-43bb-b6f0-035f6e72f8a8 collars=0
2026-05-19 00:30:23,760 INFO georag.ingest.derive derive.project done {'project_id': 'f09babd6-a141-43bb-b6f0-035f6e72f8a8', 'collars_total': 0, 'collars_emitted': 0, 'collars_skipped': 0, 'intervals_total': 0, 'samples_total': 0, 'ore_bands_total': 0}
2026-05-19 00:30:23,795 INFO georag.ingest.derive derive.project start project_id=9486548f-57f5-41c0-a9d9-e68bc6322876 collars=0
2026-05-19 00:30:23,795 INFO georag.ingest.derive derive.project done {'project_id': '9486548f-57f5-41c0-a9d9-e68bc6322876', 'collars_total': 0, 'collars_emitted': 0, 'collars_skipped': 0, 'intervals_total': 0, 'samples_total': 0, 'ore_bands_total': 0}
2026-05-19 00:30:23,830 INFO georag.ingest.derive derive.project start project_id=413be833-7016-4f15-82ef-21797e3b715d collars=0
2026-05-19 00:30:23,830 INFO georag.ingest.derive derive.project done {'project_id': '413be833-7016-4f15-82ef-21797e3b715d', 'collars_total': 0, 'collars_emitted': 0, 'collars_skipped': 0, 'intervals_total': 0, 'samples_total': 0, 'ore_bands_total': 0}
2026-05-19 00:30:23,864 INFO georag.ingest.derive derive.project start project_id=42f7be22-dcd3-44a6-9130-a85447ca25ac collars=0
2026-05-19 00:30:23,864 INFO georag.ingest.derive derive.project done {'project_id': '42f7be22-dcd3-44a6-9130-a85447ca25ac', 'collars_total': 0, 'collars_emitted': 0, 'collars_skipped': 0, 'intervals_total': 0, 'samples_total': 0, 'ore_bands_total': 0}
2026-05-19 00:30:23,900 INFO georag.ingest.derive derive.project start project_id=720a2c60-66b8-4479-a219-2ee448def220 collars=0
2026-05-19 00:30:23,900 INFO georag.ingest.derive derive.project done {'project_id': '720a2c60-66b8-4479-a219-2ee448def220', 'collars_total': 0, 'collars_emitted': 0, 'collars_skipped': 0, 'intervals_total': 0, 'samples_total': 0, 'ore_bands_total': 0}
2026-05-19 00:30:23,935 INFO georag.ingest.derive derive.project start project_id=f5e2be38-4086-4532-bed5-9d7f3482c8ff collars=0
2026-05-19 00:30:23,935 INFO georag.ingest.derive derive.project done {'project_id': 'f5e2be38-4086-4532-bed5-9d7f3482c8ff', 'collars_total': 0, 'collars_emitted': 0, 'collars_skipped': 0, 'intervals_total': 0, 'samples_total': 0, 'ore_bands_total': 0}
[60/120] wsgs-uranium-028n079w34: collars=0 emitted=0 intervals=0 samples=0
2026-05-19 00:30:23,972 INFO georag.ingest.derive derive.project start project_id=b707a26b-d0cb-4e4b-ace2-9be0bfa3e9d2 collars=0
2026-05-19 00:30:23,972 INFO georag.ingest.derive derive.project done {'project_id': 'b707a26b-d0cb-4e4b-ace2-9be0bfa3e9d2', 'collars_total': 0, 'collars_emitted': 0, 'collars_skipped': 0, 'intervals_total': 0, 'samples_total': 0, 'ore_bands_total': 0}
2026-05-19 00:30:24,007 INFO georag.ingest.derive derive.project start project_id=546588e8-36b1-4239-ba8f-3343d3251021 collars=0
2026-05-19 00:30:24,007 INFO georag.ingest.derive derive.project done {'project_id': '546588e8-36b1-4239-ba8f-3343d3251021', 'collars_total': 0, 'collars_emitted': 0, 'collars_skipped': 0, 'intervals_total': 0, 'samples_total': 0, 'ore_bands_total': 0}
2026-05-19 00:30:24,042 INFO georag.ingest.derive derive.project start project_id=e7e9d82e-a112-4671-a3bd-fa5077306ba0 collars=0
2026-05-19 00:30:24,042 INFO georag.ingest.derive derive.project done {'project_id': 'e7e9d82e-a112-4671-a3bd-fa5077306ba0', 'collars_total': 0, 'collars_emitted': 0, 'collars_skipped': 0, 'intervals_total': 0, 'samples_total': 0, 'ore_bands_total': 0}
2026-05-19 00:30:24,077 INFO georag.ingest.derive derive.project start project_id=1a57c66c-39ac-4b9f-b5fc-7466fba5ebd7 collars=0
2026-05-19 00:30:24,078 INFO georag.ingest.derive derive.project done {'project_id': '1a57c66c-39ac-4b9f-b5fc-7466fba5ebd7', 'collars_total': 0, 'collars_emitted': 0, 'collars_skipped': 0, 'intervals_total': 0, 'samples_total': 0, 'ore_bands_total': 0}
2026-05-19 00:30:24,116 INFO georag.ingest.derive derive.project start project_id=46cbd386-eebc-4840-8e39-7cb8ea8d0b63 collars=0
2026-05-19 00:30:24,116 INFO georag.ingest.derive derive.project done {'project_id': '46cbd386-eebc-4840-8e39-7cb8ea8d0b63', 'collars_total': 0, 'collars_emitted': 0, 'collars_skipped': 0, 'intervals_total': 0, 'samples_total': 0, 'ore_bands_total': 0}
2026-05-19 00:30:24,152 INFO georag.ingest.derive derive.project start project_id=63f629f8-a1ed-4016-86a1-43a6ff2cad62 collars=0
2026-05-19 00:30:24,152 INFO georag.ingest.derive derive.project done {'project_id': '63f629f8-a1ed-4016-86a1-43a6ff2cad62', 'collars_total': 0, 'collars_emitted': 0, 'collars_skipped': 0, 'intervals_total': 0, 'samples_total': 0, 'ore_bands_total': 0}
2026-05-19 00:30:24,188 INFO georag.ingest.derive derive.project start project_id=779d592f-8c9d-4249-98e2-075f07b390a9 collars=0
2026-05-19 00:30:24,188 INFO georag.ingest.derive derive.project done {'project_id': '779d592f-8c9d-4249-98e2-075f07b390a9', 'collars_total': 0, 'collars_emitted': 0, 'collars_skipped': 0, 'intervals_total': 0, 'samples_total': 0, 'ore_bands_total': 0}
2026-05-19 00:30:24,225 INFO georag.ingest.derive derive.project start project_id=613f1c61-a9df-450c-a408-a75fd1c8c6f0 collars=0
2026-05-19 00:30:24,226 INFO georag.ingest.derive derive.project done {'project_id': '613f1c61-a9df-450c-a408-a75fd1c8c6f0', 'collars_total': 0, 'collars_emitted': 0, 'collars_skipped': 0, 'intervals_total': 0, 'samples_total': 0, 'ore_bands_total': 0}
2026-05-19 00:30:24,262 INFO georag.ingest.derive derive.project start project_id=75545754-f0ef-41c4-9639-c221a2e18dd8 collars=0
2026-05-19 00:30:24,262 INFO georag.ingest.derive derive.project done {'project_id': '75545754-f0ef-41c4-9639-c221a2e18dd8', 'collars_total': 0, 'collars_emitted': 0, 'collars_skipped': 0, 'intervals_total': 0, 'samples_total': 0, 'ore_bands_total': 0}
2026-05-19 00:30:24,300 INFO georag.ingest.derive derive.project start project_id=0fa53414-eb31-4bef-bca5-7ce58392ed1a collars=0
2026-05-19 00:30:24,300 INFO georag.ingest.derive derive.project done {'project_id': '0fa53414-eb31-4bef-bca5-7ce58392ed1a', 'collars_total': 0, 'collars_emitted': 0, 'collars_skipped': 0, 'intervals_total': 0, 'samples_total': 0, 'ore_bands_total': 0}
[70/120] wsgs-uranium-032n092w01: collars=0 emitted=0 intervals=0 samples=0
2026-05-19 00:30:24,346 INFO georag.ingest.derive derive.project start project_id=d9fb89f7-275f-471a-ad11-1d06946ce285 collars=0
2026-05-19 00:30:24,347 INFO georag.ingest.derive derive.project done {'project_id': 'd9fb89f7-275f-471a-ad11-1d06946ce285', 'collars_total': 0, 'collars_emitted': 0, 'collars_skipped': 0, 'intervals_total': 0, 'samples_total': 0, 'ore_bands_total': 0}
2026-05-19 00:30:24,385 INFO georag.ingest.derive derive.project start project_id=9cf08f26-7550-4a4d-a783-b41f612c9c99 collars=0
2026-05-19 00:30:24,385 INFO georag.ingest.derive derive.project done {'project_id': '9cf08f26-7550-4a4d-a783-b41f612c9c99', 'collars_total': 0, 'collars_emitted': 0, 'collars_skipped': 0, 'intervals_total': 0, 'samples_total': 0, 'ore_bands_total': 0}
2026-05-19 00:30:24,423 INFO georag.ingest.derive derive.project start project_id=8b1e8cf4-e7e7-4317-9922-98e953084fc4 collars=0
2026-05-19 00:30:24,423 INFO georag.ingest.derive derive.project done {'project_id': '8b1e8cf4-e7e7-4317-9922-98e953084fc4', 'collars_total': 0, 'collars_emitted': 0, 'collars_skipped': 0, 'intervals_total': 0, 'samples_total': 0, 'ore_bands_total': 0}
2026-05-19 00:30:24,462 INFO georag.ingest.derive derive.project start project_id=f78e9c7e-b29a-4f87-a9e9-fb7ef4844e67 collars=0
2026-05-19 00:30:24,462 INFO georag.ingest.derive derive.project done {'project_id': 'f78e9c7e-b29a-4f87-a9e9-fb7ef4844e67', 'collars_total': 0, 'collars_emitted': 0, 'collars_skipped': 0, 'intervals_total': 0, 'samples_total': 0, 'ore_bands_total': 0}
2026-05-19 00:30:24,499 INFO georag.ingest.derive derive.project start project_id=f40b3a53-5d1d-4505-8157-8fc1e660ca13 collars=0
2026-05-19 00:30:24,499 INFO georag.ingest.derive derive.project done {'project_id': 'f40b3a53-5d1d-4505-8157-8fc1e660ca13', 'collars_total': 0, 'collars_emitted': 0, 'collars_skipped': 0, 'intervals_total': 0, 'samples_total': 0, 'ore_bands_total': 0}
2026-05-19 00:30:24,539 INFO georag.ingest.derive derive.project start project_id=151c3afe-3698-49f1-bc04-455012dd7973 collars=0
2026-05-19 00:30:24,539 INFO georag.ingest.derive derive.project done {'project_id': '151c3afe-3698-49f1-bc04-455012dd7973', 'collars_total': 0, 'collars_emitted': 0, 'collars_skipped': 0, 'intervals_total': 0, 'samples_total': 0, 'ore_bands_total': 0}
2026-05-19 00:30:24,574 INFO georag.ingest.derive derive.project start project_id=b51d19be-9f74-4b97-8ac1-0991651dbf01 collars=0
2026-05-19 00:30:24,574 INFO georag.ingest.derive derive.project done {'project_id': 'b51d19be-9f74-4b97-8ac1-0991651dbf01', 'collars_total': 0, 'collars_emitted': 0, 'collars_skipped': 0, 'intervals_total': 0, 'samples_total': 0, 'ore_bands_total': 0}
2026-05-19 00:30:24,621 INFO georag.ingest.derive derive.project start project_id=c4cd584b-7828-488d-a35b-24429fdb219f collars=7
2026-05-19 00:30:27,864 INFO georag.ingest.derive derive.project done {'project_id': 'c4cd584b-7828-488d-a35b-24429fdb219f', 'collars_total': 7, 'collars_emitted': 7, 'collars_skipped': 0, 'intervals_total': 378, 'samples_total': 98, 'ore_bands_total': 152}
[78/120] wsgs-uranium-033n089w27: collars=7 emitted=7 intervals=378 samples=98
2026-05-19 00:30:27,905 INFO georag.ingest.derive derive.project start project_id=f88e8f4b-8773-4997-81e7-4b95eddcacd0 collars=94
2026-05-19 00:30:32,074 INFO georag.ingest.derive derive.progress 10/94
2026-05-19 00:30:36,180 INFO georag.ingest.derive derive.progress 20/94
2026-05-19 00:30:40,077 INFO georag.ingest.derive derive.progress 30/94
2026-05-19 00:30:43,643 INFO georag.ingest.derive derive.progress 40/94
2026-05-19 00:30:47,387 INFO georag.ingest.derive derive.progress 50/94
2026-05-19 00:30:50,568 INFO georag.ingest.derive derive.progress 60/94
2026-05-19 00:30:53,504 INFO georag.ingest.derive derive.progress 70/94
2026-05-19 00:30:55,973 INFO georag.ingest.derive derive.progress 80/94
2026-05-19 00:30:58,903 INFO georag.ingest.derive derive.progress 90/94
2026-05-19 00:31:00,683 INFO georag.ingest.derive derive.project done {'project_id': 'f88e8f4b-8773-4997-81e7-4b95eddcacd0', 'collars_total': 94, 'collars_emitted': 94, 'collars_skipped': 0, 'intervals_total': 3562, 'samples_total': 1853, 'ore_bands_total': 1475}
[79/120] wsgs-uranium-033n089w28: collars=94 emitted=94 intervals=3562 samples=1853
2026-05-19 00:31:00,724 INFO georag.ingest.derive derive.project start project_id=46d02e9b-557a-4572-bdb9-fd5f29211e54 collars=0
2026-05-19 00:31:00,724 INFO georag.ingest.derive derive.project done {'project_id': '46d02e9b-557a-4572-bdb9-fd5f29211e54', 'collars_total': 0, 'collars_emitted': 0, 'collars_skipped': 0, 'intervals_total': 0, 'samples_total': 0, 'ore_bands_total': 0}
[80/120] wsgs-uranium-033n092w16: collars=0 emitted=0 intervals=0 samples=0
2026-05-19 00:31:00,758 INFO georag.ingest.derive derive.project start project_id=f5e6cb13-25db-43c9-9b18-a2ea09d723b8 collars=0
2026-05-19 00:31:00,758 INFO georag.ingest.derive derive.project done {'project_id': 'f5e6cb13-25db-43c9-9b18-a2ea09d723b8', 'collars_total': 0, 'collars_emitted': 0, 'collars_skipped': 0, 'intervals_total': 0, 'samples_total': 0, 'ore_bands_total': 0}
2026-05-19 00:31:00,794 INFO georag.ingest.derive derive.project start project_id=e485b879-4688-404a-ab6a-4188c1211d2d collars=0
2026-05-19 00:31:00,794 INFO georag.ingest.derive derive.project done {'project_id': 'e485b879-4688-404a-ab6a-4188c1211d2d', 'collars_total': 0, 'collars_emitted': 0, 'collars_skipped': 0, 'intervals_total': 0, 'samples_total': 0, 'ore_bands_total': 0}
2026-05-19 00:31:00,829 INFO georag.ingest.derive derive.project start project_id=623e9405-c65b-43c6-b606-e06d73940a1d collars=0
2026-05-19 00:31:00,829 INFO georag.ingest.derive derive.project done {'project_id': '623e9405-c65b-43c6-b606-e06d73940a1d', 'collars_total': 0, 'collars_emitted': 0, 'collars_skipped': 0, 'intervals_total': 0, 'samples_total': 0, 'ore_bands_total': 0}
2026-05-19 00:31:00,863 INFO georag.ingest.derive derive.project start project_id=3e4d4fe5-76ab-4880-9a71-8caca1b70c25 collars=2
2026-05-19 00:31:01,596 INFO georag.ingest.derive derive.project done {'project_id': '3e4d4fe5-76ab-4880-9a71-8caca1b70c25', 'collars_total': 2, 'collars_emitted': 2, 'collars_skipped': 0, 'intervals_total': 99, 'samples_total': 0, 'ore_bands_total': 2}
[84/120] wsgs-uranium-034n062w03: collars=2 emitted=2 intervals=99 samples=0
2026-05-19 00:31:01,633 INFO georag.ingest.derive derive.project start project_id=a5b75668-5c80-4b43-83c9-df18f55bdc21 collars=4
2026-05-19 00:31:03,042 INFO georag.ingest.derive derive.project done {'project_id': 'a5b75668-5c80-4b43-83c9-df18f55bdc21', 'collars_total': 4, 'collars_emitted': 4, 'collars_skipped': 0, 'intervals_total': 193, 'samples_total': 0, 'ore_bands_total': 19}
[85/120] wsgs-uranium-034n062w16: collars=4 emitted=4 intervals=193 samples=0
2026-05-19 00:31:03,079 INFO georag.ingest.derive derive.project start project_id=1e94d8fc-a262-4ef7-8ee8-a6245ce45693 collars=2
2026-05-19 00:31:03,742 INFO georag.ingest.derive derive.project done {'project_id': '1e94d8fc-a262-4ef7-8ee8-a6245ce45693', 'collars_total': 2, 'collars_emitted': 2, 'collars_skipped': 0, 'intervals_total': 87, 'samples_total': 0, 'ore_bands_total': 0}
[86/120] wsgs-uranium-034n062w36: collars=2 emitted=2 intervals=87 samples=0
2026-05-19 00:31:03,779 INFO georag.ingest.derive derive.project start project_id=ce68968e-e29d-4218-b533-c02ecb475867 collars=2
2026-05-19 00:31:04,413 INFO georag.ingest.derive derive.project done {'project_id': 'ce68968e-e29d-4218-b533-c02ecb475867', 'collars_total': 2, 'collars_emitted': 2, 'collars_skipped': 0, 'intervals_total': 87, 'samples_total': 0, 'ore_bands_total': 0}
[87/120] wsgs-uranium-035n062w29: collars=2 emitted=2 intervals=87 samples=0
2026-05-19 00:31:04,450 INFO georag.ingest.derive derive.project start project_id=92975c65-ce65-4cf6-bf62-d14c568f5268 collars=4
2026-05-19 00:31:06,408 INFO georag.ingest.derive derive.project done {'project_id': '92975c65-ce65-4cf6-bf62-d14c568f5268', 'collars_total': 4, 'collars_emitted': 4, 'collars_skipped': 0, 'intervals_total': 277, 'samples_total': 2, 'ore_bands_total': 2}
[88/120] wsgs-uranium-035n062w33: collars=4 emitted=4 intervals=277 samples=2
2026-05-19 00:31:06,446 INFO georag.ingest.derive derive.project start project_id=5dcc71f3-9ac1-46d0-ba92-b3a2aab83e2e collars=1
2026-05-19 00:31:06,934 INFO georag.ingest.derive derive.project done {'project_id': '5dcc71f3-9ac1-46d0-ba92-b3a2aab83e2e', 'collars_total': 1, 'collars_emitted': 1, 'collars_skipped': 0, 'intervals_total': 65, 'samples_total': 0, 'ore_bands_total': 1}
[89/120] wsgs-uranium-035n062w34: collars=1 emitted=1 intervals=65 samples=0
2026-05-19 00:31:06,970 INFO georag.ingest.derive derive.project start project_id=f7b34c27-27ff-4a9f-91ec-144d7b146f5d collars=6
2026-05-19 00:31:11,388 INFO georag.ingest.derive derive.project done {'project_id': 'f7b34c27-27ff-4a9f-91ec-144d7b146f5d', 'collars_total': 6, 'collars_emitted': 6, 'collars_skipped': 0, 'intervals_total': 540, 'samples_total': 80, 'ore_bands_total': 95}
[90/120] wsgs-uranium-035n074w03: collars=6 emitted=6 intervals=540 samples=80
2026-05-19 00:31:11,426 INFO georag.ingest.derive derive.project start project_id=1cbba60c-6ac2-4f1b-8da8-a8e9d785cad8 collars=0
2026-05-19 00:31:11,427 INFO georag.ingest.derive derive.project done {'project_id': '1cbba60c-6ac2-4f1b-8da8-a8e9d785cad8', 'collars_total': 0, 'collars_emitted': 0, 'collars_skipped': 0, 'intervals_total': 0, 'samples_total': 0, 'ore_bands_total': 0}
2026-05-19 00:31:11,461 INFO georag.ingest.derive derive.project start project_id=52a4cced-dc1b-4545-9c2b-c144cfc2c649 collars=0
2026-05-19 00:31:11,462 INFO georag.ingest.derive derive.project done {'project_id': '52a4cced-dc1b-4545-9c2b-c144cfc2c649', 'collars_total': 0, 'collars_emitted': 0, 'collars_skipped': 0, 'intervals_total': 0, 'samples_total': 0, 'ore_bands_total': 0}
2026-05-19 00:31:11,497 INFO georag.ingest.derive derive.project start project_id=1ef99392-c70e-4898-9ef8-286163c4e6b0 collars=0
2026-05-19 00:31:11,497 INFO georag.ingest.derive derive.project done {'project_id': '1ef99392-c70e-4898-9ef8-286163c4e6b0', 'collars_total': 0, 'collars_emitted': 0, 'collars_skipped': 0, 'intervals_total': 0, 'samples_total': 0, 'ore_bands_total': 0}
2026-05-19 00:31:11,535 INFO georag.ingest.derive derive.project start project_id=18cfe811-451e-4d5b-af98-401fb09629c9 collars=0
2026-05-19 00:31:11,535 INFO georag.ingest.derive derive.project done {'project_id': '18cfe811-451e-4d5b-af98-401fb09629c9', 'collars_total': 0, 'collars_emitted': 0, 'collars_skipped': 0, 'intervals_total': 0, 'samples_total': 0, 'ore_bands_total': 0}
2026-05-19 00:31:11,577 INFO georag.ingest.derive derive.project start project_id=da277692-5862-4b94-87ad-0d2d53b0b286 collars=0
2026-05-19 00:31:11,577 INFO georag.ingest.derive derive.project done {'project_id': 'da277692-5862-4b94-87ad-0d2d53b0b286', 'collars_total': 0, 'collars_emitted': 0, 'collars_skipped': 0, 'intervals_total': 0, 'samples_total': 0, 'ore_bands_total': 0}
2026-05-19 00:31:11,616 INFO georag.ingest.derive derive.project start project_id=2cc3f1cf-7477-4538-a6c8-371862fb3ddc collars=0
2026-05-19 00:31:11,617 INFO georag.ingest.derive derive.project done {'project_id': '2cc3f1cf-7477-4538-a6c8-371862fb3ddc', 'collars_total': 0, 'collars_emitted': 0, 'collars_skipped': 0, 'intervals_total': 0, 'samples_total': 0, 'ore_bands_total': 0}
2026-05-19 00:31:11,651 INFO georag.ingest.derive derive.project start project_id=1ca24329-6f49-4ee2-b3eb-91c003b58074 collars=0
2026-05-19 00:31:11,651 INFO georag.ingest.derive derive.project done {'project_id': '1ca24329-6f49-4ee2-b3eb-91c003b58074', 'collars_total': 0, 'collars_emitted': 0, 'collars_skipped': 0, 'intervals_total': 0, 'samples_total': 0, 'ore_bands_total': 0}
2026-05-19 00:31:11,687 INFO georag.ingest.derive derive.project start project_id=3a348c5a-19df-479f-ae7c-76353d926e11 collars=0
2026-05-19 00:31:11,687 INFO georag.ingest.derive derive.project done {'project_id': '3a348c5a-19df-479f-ae7c-76353d926e11', 'collars_total': 0, 'collars_emitted': 0, 'collars_skipped': 0, 'intervals_total': 0, 'samples_total': 0, 'ore_bands_total': 0}
2026-05-19 00:31:11,724 INFO georag.ingest.derive derive.project start project_id=f5c4aa0c-a78a-4bf7-9d5e-55cf9d63cf90 collars=0
2026-05-19 00:31:11,724 INFO georag.ingest.derive derive.project done {'project_id': 'f5c4aa0c-a78a-4bf7-9d5e-55cf9d63cf90', 'collars_total': 0, 'collars_emitted': 0, 'collars_skipped': 0, 'intervals_total': 0, 'samples_total': 0, 'ore_bands_total': 0}
2026-05-19 00:31:11,761 INFO georag.ingest.derive derive.project start project_id=73f149c3-8faa-4ddc-9979-0f0e0cffd8ee collars=0
2026-05-19 00:31:11,761 INFO georag.ingest.derive derive.project done {'project_id': '73f149c3-8faa-4ddc-9979-0f0e0cffd8ee', 'collars_total': 0, 'collars_emitted': 0, 'collars_skipped': 0, 'intervals_total': 0, 'samples_total': 0, 'ore_bands_total': 0}
[100/120] wsgs-uranium-041n075w29: collars=0 emitted=0 intervals=0 samples=0
2026-05-19 00:31:11,797 INFO georag.ingest.derive derive.project start project_id=b948f4ec-1f87-4fd8-8395-ad4a1199d66f collars=0
2026-05-19 00:31:11,797 INFO georag.ingest.derive derive.project done {'project_id': 'b948f4ec-1f87-4fd8-8395-ad4a1199d66f', 'collars_total': 0, 'collars_emitted': 0, 'collars_skipped': 0, 'intervals_total': 0, 'samples_total': 0, 'ore_bands_total': 0}
2026-05-19 00:31:11,833 INFO georag.ingest.derive derive.project start project_id=68a9ce37-d6a5-4917-861b-d710978a1e43 collars=0
2026-05-19 00:31:11,833 INFO georag.ingest.derive derive.project done {'project_id': '68a9ce37-d6a5-4917-861b-d710978a1e43', 'collars_total': 0, 'collars_emitted': 0, 'collars_skipped': 0, 'intervals_total': 0, 'samples_total': 0, 'ore_bands_total': 0}
2026-05-19 00:31:11,868 INFO georag.ingest.derive derive.project start project_id=7cceb201-2f4d-4b9c-b586-3652c55ef21b collars=0
2026-05-19 00:31:11,868 INFO georag.ingest.derive derive.project done {'project_id': '7cceb201-2f4d-4b9c-b586-3652c55ef21b', 'collars_total': 0, 'collars_emitted': 0, 'collars_skipped': 0, 'intervals_total': 0, 'samples_total': 0, 'ore_bands_total': 0}
2026-05-19 00:31:11,905 INFO georag.ingest.derive derive.project start project_id=0a5ef9fa-c900-4336-90cd-83660e689d45 collars=0
2026-05-19 00:31:11,905 INFO georag.ingest.derive derive.project done {'project_id': '0a5ef9fa-c900-4336-90cd-83660e689d45', 'collars_total': 0, 'collars_emitted': 0, 'collars_skipped': 0, 'intervals_total': 0, 'samples_total': 0, 'ore_bands_total': 0}
2026-05-19 00:31:11,945 INFO georag.ingest.derive derive.project start project_id=58738339-58b2-47ae-a090-ad1aed67ce5e collars=0
2026-05-19 00:31:11,945 INFO georag.ingest.derive derive.project done {'project_id': '58738339-58b2-47ae-a090-ad1aed67ce5e', 'collars_total': 0, 'collars_emitted': 0, 'collars_skipped': 0, 'intervals_total': 0, 'samples_total': 0, 'ore_bands_total': 0}
2026-05-19 00:31:11,980 INFO georag.ingest.derive derive.project start project_id=804da33a-dd80-433d-912f-635492fe6fd5 collars=0
2026-05-19 00:31:11,980 INFO georag.ingest.derive derive.project done {'project_id': '804da33a-dd80-433d-912f-635492fe6fd5', 'collars_total': 0, 'collars_emitted': 0, 'collars_skipped': 0, 'intervals_total': 0, 'samples_total': 0, 'ore_bands_total': 0}
2026-05-19 00:31:12,015 INFO georag.ingest.derive derive.project start project_id=45aa1317-5130-468c-864f-247c07d06c09 collars=0
2026-05-19 00:31:12,016 INFO georag.ingest.derive derive.project done {'project_id': '45aa1317-5130-468c-864f-247c07d06c09', 'collars_total': 0, 'collars_emitted': 0, 'collars_skipped': 0, 'intervals_total': 0, 'samples_total': 0, 'ore_bands_total': 0}
2026-05-19 00:31:12,049 INFO georag.ingest.derive derive.project start project_id=7083bc22-81da-4fb5-9342-c080294af6f4 collars=0
2026-05-19 00:31:12,050 INFO georag.ingest.derive derive.project done {'project_id': '7083bc22-81da-4fb5-9342-c080294af6f4', 'collars_total': 0, 'collars_emitted': 0, 'collars_skipped': 0, 'intervals_total': 0, 'samples_total': 0, 'ore_bands_total': 0}
2026-05-19 00:31:12,083 INFO georag.ingest.derive derive.project start project_id=37a5410f-c13f-45a4-8552-cf0583731127 collars=0
2026-05-19 00:31:12,083 INFO georag.ingest.derive derive.project done {'project_id': '37a5410f-c13f-45a4-8552-cf0583731127', 'collars_total': 0, 'collars_emitted': 0, 'collars_skipped': 0, 'intervals_total': 0, 'samples_total': 0, 'ore_bands_total': 0}
2026-05-19 00:31:12,118 INFO georag.ingest.derive derive.project start project_id=32777e62-2a16-4dbf-81bc-b6bfaedb94d1 collars=0
2026-05-19 00:31:12,118 INFO georag.ingest.derive derive.project done {'project_id': '32777e62-2a16-4dbf-81bc-b6bfaedb94d1', 'collars_total': 0, 'collars_emitted': 0, 'collars_skipped': 0, 'intervals_total': 0, 'samples_total': 0, 'ore_bands_total': 0}
[110/120] wsgs-uranium-043n076w18: collars=0 emitted=0 intervals=0 samples=0
2026-05-19 00:31:12,152 INFO georag.ingest.derive derive.project start project_id=8395a18e-72d9-43e1-94c0-8588dce2158b collars=0
2026-05-19 00:31:12,153 INFO georag.ingest.derive derive.project done {'project_id': '8395a18e-72d9-43e1-94c0-8588dce2158b', 'collars_total': 0, 'collars_emitted': 0, 'collars_skipped': 0, 'intervals_total': 0, 'samples_total': 0, 'ore_bands_total': 0}
2026-05-19 00:31:12,187 INFO georag.ingest.derive derive.project start project_id=61101e81-718f-4e45-ad70-a5b7e5c11171 collars=0
2026-05-19 00:31:12,187 INFO georag.ingest.derive derive.project done {'project_id': '61101e81-718f-4e45-ad70-a5b7e5c11171', 'collars_total': 0, 'collars_emitted': 0, 'collars_skipped': 0, 'intervals_total': 0, 'samples_total': 0, 'ore_bands_total': 0}
2026-05-19 00:31:12,222 INFO georag.ingest.derive derive.project start project_id=c96eda52-1629-4bcb-b963-9f5b3e6c6d2d collars=0
2026-05-19 00:31:12,222 INFO georag.ingest.derive derive.project done {'project_id': 'c96eda52-1629-4bcb-b963-9f5b3e6c6d2d', 'collars_total': 0, 'collars_emitted': 0, 'collars_skipped': 0, 'intervals_total': 0, 'samples_total': 0, 'ore_bands_total': 0}
2026-05-19 00:31:12,257 INFO georag.ingest.derive derive.project start project_id=3ec7d6c2-b0aa-4ca0-8f53-47b7081c56a7 collars=0
2026-05-19 00:31:12,257 INFO georag.ingest.derive derive.project done {'project_id': '3ec7d6c2-b0aa-4ca0-8f53-47b7081c56a7', 'collars_total': 0, 'collars_emitted': 0, 'collars_skipped': 0, 'intervals_total': 0, 'samples_total': 0, 'ore_bands_total': 0}
2026-05-19 00:31:12,294 INFO georag.ingest.derive derive.project start project_id=2472fa96-da9e-47c6-a5ab-65c772ebd62c collars=0
2026-05-19 00:31:12,295 INFO georag.ingest.derive derive.project done {'project_id': '2472fa96-da9e-47c6-a5ab-65c772ebd62c', 'collars_total': 0, 'collars_emitted': 0, 'collars_skipped': 0, 'intervals_total': 0, 'samples_total': 0, 'ore_bands_total': 0}
2026-05-19 00:31:12,331 INFO georag.ingest.derive derive.project start project_id=264479c4-dbfb-4164-8fa2-916a853041da collars=0
2026-05-19 00:31:12,331 INFO georag.ingest.derive derive.project done {'project_id': '264479c4-dbfb-4164-8fa2-916a853041da', 'collars_total': 0, 'collars_emitted': 0, 'collars_skipped': 0, 'intervals_total': 0, 'samples_total': 0, 'ore_bands_total': 0}
2026-05-19 00:31:12,367 INFO georag.ingest.derive derive.project start project_id=ec743e7a-839c-439f-b6d1-5c300865617a collars=0
2026-05-19 00:31:12,367 INFO georag.ingest.derive derive.project done {'project_id': 'ec743e7a-839c-439f-b6d1-5c300865617a', 'collars_total': 0, 'collars_emitted': 0, 'collars_skipped': 0, 'intervals_total': 0, 'samples_total': 0, 'ore_bands_total': 0}
2026-05-19 00:31:12,405 INFO georag.ingest.derive derive.project start project_id=d0d8c500-2c10-4da9-b512-013d8251b7f9 collars=0
2026-05-19 00:31:12,405 INFO georag.ingest.derive derive.project done {'project_id': 'd0d8c500-2c10-4da9-b512-013d8251b7f9', 'collars_total': 0, 'collars_emitted': 0, 'collars_skipped': 0, 'intervals_total': 0, 'samples_total': 0, 'ore_bands_total': 0}
2026-05-19 00:31:12,441 INFO georag.ingest.derive derive.project start project_id=edea0ef5-b146-40f8-b58f-94f8bca5075b collars=0
2026-05-19 00:31:12,441 INFO georag.ingest.derive derive.project done {'project_id': 'edea0ef5-b146-40f8-b58f-94f8bca5075b', 'collars_total': 0, 'collars_emitted': 0, 'collars_skipped': 0, 'intervals_total': 0, 'samples_total': 0, 'ore_bands_total': 0}
2026-05-19 00:31:12,479 INFO georag.ingest.derive derive.project start project_id=9ceb4e57-f825-4e06-a285-3e1dd441bfeb collars=0
2026-05-19 00:31:12,479 INFO georag.ingest.derive derive.project done {'project_id': '9ceb4e57-f825-4e06-a285-3e1dd441bfeb', 'collars_total': 0, 'collars_emitted': 0, 'collars_skipped': 0, 'intervals_total': 0, 'samples_total': 0, 'ore_bands_total': 0}
[120/120] wsgs-uranium-046n078w36: collars=0 emitted=0 intervals=0 samples=0
---
{
  "intervals": 11294,
  "samples": 4375,
  "ore_bands": 4056,
  "collars": 302,
  "emitted": 282,
  "skipped": 20,
  "ok_projects": 120,
  "fail_projects": 0
}
