==> Lithology derive re-run starts 2026-05-18T17:57:41Z
  [1] df4980b0-119e-413c-8f86-5a6117d3b3e5 ok: 2026-05-18 17:57:42,272 INFO georag.ingest.derive derive.project start project_id=df4980b0-119e-413c-8f86-5a6117d3b3e5 collars=0
2026-05-18 17:57:42,272 INFO georag.ingest.derive derive.project done {'project_id': 'df4980b0-119e-413c-8f86-5a6117d3b3e5', 'collars_total': 0, 'collars_emitted': 0, 'collars_skipped': 0, 'intervals_total': 0, 'samples_total': 0, 'ore_bands_total': 0}
{'project_id': 'df4980b0-119e-413c-8f86-5a6117d3b3e5', 'collars_total': 0, 'collars_emitted': 0, 'collars_skipped': 0, 'intervals_total': 0, 'samples_total': 0, 'ore_bands_total': 0}
  [2] d7626d4f-1d99-467f-8331-d1bedca7d9f4 ok: 2026-05-18 17:57:43,018 INFO georag.ingest.derive derive.project start project_id=d7626d4f-1d99-467f-8331-d1bedca7d9f4 collars=0
2026-05-18 17:57:43,018 INFO georag.ingest.derive derive.project done {'project_id': 'd7626d4f-1d99-467f-8331-d1bedca7d9f4', 'collars_total': 0, 'collars_emitted': 0, 'collars_skipped': 0, 'intervals_total': 0, 'samples_total': 0, 'ore_bands_total': 0}
{'project_id': 'd7626d4f-1d99-467f-8331-d1bedca7d9f4', 'collars_total': 0, 'collars_emitted': 0, 'collars_skipped': 0, 'intervals_total': 0, 'samples_total': 0, 'ore_bands_total': 0}
  [3] 8ddbf229-9860-4db0-96eb-6c77dcf4e987 ok: 2026-05-18 17:57:43,724 INFO georag.ingest.derive derive.project start project_id=8ddbf229-9860-4db0-96eb-6c77dcf4e987 collars=0
2026-05-18 17:57:43,725 INFO georag.ingest.derive derive.project done {'project_id': '8ddbf229-9860-4db0-96eb-6c77dcf4e987', 'collars_total': 0, 'collars_emitted': 0, 'collars_skipped': 0, 'intervals_total': 0, 'samples_total': 0, 'ore_bands_total': 0}
{'project_id': '8ddbf229-9860-4db0-96eb-6c77dcf4e987', 'collars_total': 0, 'collars_emitted': 0, 'collars_skipped': 0, 'intervals_total': 0, 'samples_total': 0, 'ore_bands_total': 0}
  [4] e9e2809c-25e4-4a6e-8e7c-b78f3d6f006d ok: 2026-05-18 17:57:44,456 INFO georag.ingest.derive derive.project start project_id=e9e2809c-25e4-4a6e-8e7c-b78f3d6f006d collars=0
2026-05-18 17:57:44,456 INFO georag.ingest.derive derive.project done {'project_id': 'e9e2809c-25e4-4a6e-8e7c-b78f3d6f006d', 'collars_total': 0, 'collars_emitted': 0, 'collars_skipped': 0, 'intervals_total': 0, 'samples_total': 0, 'ore_bands_total': 0}
{'project_id': 'e9e2809c-25e4-4a6e-8e7c-b78f3d6f006d', 'collars_total': 0, 'collars_emitted': 0, 'collars_skipped': 0, 'intervals_total': 0, 'samples_total': 0, 'ore_bands_total': 0}
  [5] 159faea4-d106-40a6-8c5f-7850fbf9b584 ok: 2026-05-18 17:57:45,177 INFO georag.ingest.derive derive.project start project_id=159faea4-d106-40a6-8c5f-7850fbf9b584 collars=0
2026-05-18 17:57:45,177 INFO georag.ingest.derive derive.project done {'project_id': '159faea4-d106-40a6-8c5f-7850fbf9b584', 'collars_total': 0, 'collars_emitted': 0, 'collars_skipped': 0, 'intervals_total': 0, 'samples_total': 0, 'ore_bands_total': 0}
{'project_id': '159faea4-d106-40a6-8c5f-7850fbf9b584', 'collars_total': 0, 'collars_emitted': 0, 'collars_skipped': 0, 'intervals_total': 0, 'samples_total': 0, 'ore_bands_total': 0}
  [6] a62512c9-d449-4164-8c93-c09502c71090 ok: 2026-05-18 17:57:45,931 INFO georag.ingest.derive derive.project start project_id=a62512c9-d449-4164-8c93-c09502c71090 collars=0
2026-05-18 17:57:45,931 INFO georag.ingest.derive derive.project done {'project_id': 'a62512c9-d449-4164-8c93-c09502c71090', 'collars_total': 0, 'collars_emitted': 0, 'collars_skipped': 0, 'intervals_total': 0, 'samples_total': 0, 'ore_bands_total': 0}
{'project_id': 'a62512c9-d449-4164-8c93-c09502c71090', 'collars_total': 0, 'collars_emitted': 0, 'collars_skipped': 0, 'intervals_total': 0, 'samples_total': 0, 'ore_bands_total': 0}
  [7] a198a1f8-b75b-4922-8d43-67589b41ec5f ok: 2026-05-18 17:57:46,675 INFO georag.ingest.derive derive.project start project_id=a198a1f8-b75b-4922-8d43-67589b41ec5f collars=0
2026-05-18 17:57:46,676 INFO georag.ingest.derive derive.project done {'project_id': 'a198a1f8-b75b-4922-8d43-67589b41ec5f', 'collars_total': 0, 'collars_emitted': 0, 'collars_skipped': 0, 'intervals_total': 0, 'samples_total': 0, 'ore_bands_total': 0}
{'project_id': 'a198a1f8-b75b-4922-8d43-67589b41ec5f', 'collars_total': 0, 'collars_emitted': 0, 'collars_skipped': 0, 'intervals_total': 0, 'samples_total': 0, 'ore_bands_total': 0}
  [8] 2c8b7f37-901f-4f8b-b4c2-ec1f78f6f80e ok: 2026-05-18 17:57:47,400 INFO georag.ingest.derive derive.project start project_id=2c8b7f37-901f-4f8b-b4c2-ec1f78f6f80e collars=0
2026-05-18 17:57:47,400 INFO georag.ingest.derive derive.project done {'project_id': '2c8b7f37-901f-4f8b-b4c2-ec1f78f6f80e', 'collars_total': 0, 'collars_emitted': 0, 'collars_skipped': 0, 'intervals_total': 0, 'samples_total': 0, 'ore_bands_total': 0}
{'project_id': '2c8b7f37-901f-4f8b-b4c2-ec1f78f6f80e', 'collars_total': 0, 'collars_emitted': 0, 'collars_skipped': 0, 'intervals_total': 0, 'samples_total': 0, 'ore_bands_total': 0}
  [9] 7225185a-dd84-45e7-89d3-eef5db6f9912 ok: 2026-05-18 17:57:48,150 INFO georag.ingest.derive derive.project start project_id=7225185a-dd84-45e7-89d3-eef5db6f9912 collars=0
2026-05-18 17:57:48,150 INFO georag.ingest.derive derive.project done {'project_id': '7225185a-dd84-45e7-89d3-eef5db6f9912', 'collars_total': 0, 'collars_emitted': 0, 'collars_skipped': 0, 'intervals_total': 0, 'samples_total': 0, 'ore_bands_total': 0}
{'project_id': '7225185a-dd84-45e7-89d3-eef5db6f9912', 'collars_total': 0, 'collars_emitted': 0, 'collars_skipped': 0, 'intervals_total': 0, 'samples_total': 0, 'ore_bands_total': 0}
  [10] 560cf796-1ef2-408d-9a55-efdd0ffe5754 ok: 2026-05-18 17:57:48,873 INFO georag.ingest.derive derive.project start project_id=560cf796-1ef2-408d-9a55-efdd0ffe5754 collars=0
2026-05-18 17:57:48,874 INFO georag.ingest.derive derive.project done {'project_id': '560cf796-1ef2-408d-9a55-efdd0ffe5754', 'collars_total': 0, 'collars_emitted': 0, 'collars_skipped': 0, 'intervals_total': 0, 'samples_total': 0, 'ore_bands_total': 0}
{'project_id': '560cf796-1ef2-408d-9a55-efdd0ffe5754', 'collars_total': 0, 'collars_emitted': 0, 'collars_skipped': 0, 'intervals_total': 0, 'samples_total': 0, 'ore_bands_total': 0}
  [11] 0f8fc0a4-78df-4c78-bc1a-0f890e1cbd8c ok: 2026-05-18 17:57:49,622 INFO georag.ingest.derive derive.project start project_id=0f8fc0a4-78df-4c78-bc1a-0f890e1cbd8c collars=0
2026-05-18 17:57:49,622 INFO georag.ingest.derive derive.project done {'project_id': '0f8fc0a4-78df-4c78-bc1a-0f890e1cbd8c', 'collars_total': 0, 'collars_emitted': 0, 'collars_skipped': 0, 'intervals_total': 0, 'samples_total': 0, 'ore_bands_total': 0}
{'project_id': '0f8fc0a4-78df-4c78-bc1a-0f890e1cbd8c', 'collars_total': 0, 'collars_emitted': 0, 'collars_skipped': 0, 'intervals_total': 0, 'samples_total': 0, 'ore_bands_total': 0}
  [12] ece5656c-e4ee-4978-8e50-f0b3f2cebabf ok: 2026-05-18 17:57:50,405 INFO georag.ingest.derive derive.project start project_id=ece5656c-e4ee-4978-8e50-f0b3f2cebabf collars=0
2026-05-18 17:57:50,405 INFO georag.ingest.derive derive.project done {'project_id': 'ece5656c-e4ee-4978-8e50-f0b3f2cebabf', 'collars_total': 0, 'collars_emitted': 0, 'collars_skipped': 0, 'intervals_total': 0, 'samples_total': 0, 'ore_bands_total': 0}
{'project_id': 'ece5656c-e4ee-4978-8e50-f0b3f2cebabf', 'collars_total': 0, 'collars_emitted': 0, 'collars_skipped': 0, 'intervals_total': 0, 'samples_total': 0, 'ore_bands_total': 0}
  [13] b04c041c-440d-49f6-96f2-7874b3f2ecc8 ok: 2026-05-18 17:57:51,117 INFO georag.ingest.derive derive.project start project_id=b04c041c-440d-49f6-96f2-7874b3f2ecc8 collars=0
2026-05-18 17:57:51,117 INFO georag.ingest.derive derive.project done {'project_id': 'b04c041c-440d-49f6-96f2-7874b3f2ecc8', 'collars_total': 0, 'collars_emitted': 0, 'collars_skipped': 0, 'intervals_total': 0, 'samples_total': 0, 'ore_bands_total': 0}
{'project_id': 'b04c041c-440d-49f6-96f2-7874b3f2ecc8', 'collars_total': 0, 'collars_emitted': 0, 'collars_skipped': 0, 'intervals_total': 0, 'samples_total': 0, 'ore_bands_total': 0}
  [14] 51b48559-90ff-47fd-838d-5ed38587ca6a ok: 2026-05-18 17:57:51,857 INFO georag.ingest.derive derive.project start project_id=51b48559-90ff-47fd-838d-5ed38587ca6a collars=0
2026-05-18 17:57:51,857 INFO georag.ingest.derive derive.project done {'project_id': '51b48559-90ff-47fd-838d-5ed38587ca6a', 'collars_total': 0, 'collars_emitted': 0, 'collars_skipped': 0, 'intervals_total': 0, 'samples_total': 0, 'ore_bands_total': 0}
{'project_id': '51b48559-90ff-47fd-838d-5ed38587ca6a', 'collars_total': 0, 'collars_emitted': 0, 'collars_skipped': 0, 'intervals_total': 0, 'samples_total': 0, 'ore_bands_total': 0}
  [15] 1c4860d2-00b7-4a5a-bf21-3c728c435185 ok: 2026-05-18 17:57:52,627 INFO georag.ingest.derive derive.project start project_id=1c4860d2-00b7-4a5a-bf21-3c728c435185 collars=0
2026-05-18 17:57:52,627 INFO georag.ingest.derive derive.project done {'project_id': '1c4860d2-00b7-4a5a-bf21-3c728c435185', 'collars_total': 0, 'collars_emitted': 0, 'collars_skipped': 0, 'intervals_total': 0, 'samples_total': 0, 'ore_bands_total': 0}
{'project_id': '1c4860d2-00b7-4a5a-bf21-3c728c435185', 'collars_total': 0, 'collars_emitted': 0, 'collars_skipped': 0, 'intervals_total': 0, 'samples_total': 0, 'ore_bands_total': 0}
  [16] ce247f2b-88f1-4cbb-b3f3-825d5bf50e22 ok: 2026-05-18 17:57:53,368 INFO georag.ingest.derive derive.project start project_id=ce247f2b-88f1-4cbb-b3f3-825d5bf50e22 collars=0
2026-05-18 17:57:53,368 INFO georag.ingest.derive derive.project done {'project_id': 'ce247f2b-88f1-4cbb-b3f3-825d5bf50e22', 'collars_total': 0, 'collars_emitted': 0, 'collars_skipped': 0, 'intervals_total': 0, 'samples_total': 0, 'ore_bands_total': 0}
{'project_id': 'ce247f2b-88f1-4cbb-b3f3-825d5bf50e22', 'collars_total': 0, 'collars_emitted': 0, 'collars_skipped': 0, 'intervals_total': 0, 'samples_total': 0, 'ore_bands_total': 0}
  [17] 45f2fc20-1679-4212-a064-884d6ca11dbd ok: 2026-05-18 17:57:54,166 INFO georag.ingest.derive derive.project start project_id=45f2fc20-1679-4212-a064-884d6ca11dbd collars=0
2026-05-18 17:57:54,166 INFO georag.ingest.derive derive.project done {'project_id': '45f2fc20-1679-4212-a064-884d6ca11dbd', 'collars_total': 0, 'collars_emitted': 0, 'collars_skipped': 0, 'intervals_total': 0, 'samples_total': 0, 'ore_bands_total': 0}
{'project_id': '45f2fc20-1679-4212-a064-884d6ca11dbd', 'collars_total': 0, 'collars_emitted': 0, 'collars_skipped': 0, 'intervals_total': 0, 'samples_total': 0, 'ore_bands_total': 0}
  [18] 7d5ffe91-e79b-415c-b0fa-ec59b9f73ae8 ok: 2026-05-18 17:57:54,874 INFO georag.ingest.derive derive.project start project_id=7d5ffe91-e79b-415c-b0fa-ec59b9f73ae8 collars=0
2026-05-18 17:57:54,875 INFO georag.ingest.derive derive.project done {'project_id': '7d5ffe91-e79b-415c-b0fa-ec59b9f73ae8', 'collars_total': 0, 'collars_emitted': 0, 'collars_skipped': 0, 'intervals_total': 0, 'samples_total': 0, 'ore_bands_total': 0}
{'project_id': '7d5ffe91-e79b-415c-b0fa-ec59b9f73ae8', 'collars_total': 0, 'collars_emitted': 0, 'collars_skipped': 0, 'intervals_total': 0, 'samples_total': 0, 'ore_bands_total': 0}
  [19] c8373541-93cb-461f-a20f-0acf96617789 ok: 2026-05-18 17:57:55,645 INFO georag.ingest.derive derive.project start project_id=c8373541-93cb-461f-a20f-0acf96617789 collars=0
2026-05-18 17:57:55,645 INFO georag.ingest.derive derive.project done {'project_id': 'c8373541-93cb-461f-a20f-0acf96617789', 'collars_total': 0, 'collars_emitted': 0, 'collars_skipped': 0, 'intervals_total': 0, 'samples_total': 0, 'ore_bands_total': 0}
{'project_id': 'c8373541-93cb-461f-a20f-0acf96617789', 'collars_total': 0, 'collars_emitted': 0, 'collars_skipped': 0, 'intervals_total': 0, 'samples_total': 0, 'ore_bands_total': 0}
  [20] 57631c22-f4df-44be-bd10-60f34acd0098 ok: 2026-05-18 17:57:56,421 INFO georag.ingest.derive derive.project start project_id=57631c22-f4df-44be-bd10-60f34acd0098 collars=0
2026-05-18 17:57:56,421 INFO georag.ingest.derive derive.project done {'project_id': '57631c22-f4df-44be-bd10-60f34acd0098', 'collars_total': 0, 'collars_emitted': 0, 'collars_skipped': 0, 'intervals_total': 0, 'samples_total': 0, 'ore_bands_total': 0}
{'project_id': '57631c22-f4df-44be-bd10-60f34acd0098', 'collars_total': 0, 'collars_emitted': 0, 'collars_skipped': 0, 'intervals_total': 0, 'samples_total': 0, 'ore_bands_total': 0}
  [21] 9812469c-605b-4098-b81d-af8e3a2033d3 ok: 2026-05-18 17:57:57,289 INFO georag.ingest.derive derive.project start project_id=9812469c-605b-4098-b81d-af8e3a2033d3 collars=0
2026-05-18 17:57:57,290 INFO georag.ingest.derive derive.project done {'project_id': '9812469c-605b-4098-b81d-af8e3a2033d3', 'collars_total': 0, 'collars_emitted': 0, 'collars_skipped': 0, 'intervals_total': 0, 'samples_total': 0, 'ore_bands_total': 0}
{'project_id': '9812469c-605b-4098-b81d-af8e3a2033d3', 'collars_total': 0, 'collars_emitted': 0, 'collars_skipped': 0, 'intervals_total': 0, 'samples_total': 0, 'ore_bands_total': 0}
  [22] 8d76b368-7cb2-4548-959b-a6903e8caa7e ok: 2026-05-18 17:57:58,044 INFO georag.ingest.derive derive.project start project_id=8d76b368-7cb2-4548-959b-a6903e8caa7e collars=0
2026-05-18 17:57:58,044 INFO georag.ingest.derive derive.project done {'project_id': '8d76b368-7cb2-4548-959b-a6903e8caa7e', 'collars_total': 0, 'collars_emitted': 0, 'collars_skipped': 0, 'intervals_total': 0, 'samples_total': 0, 'ore_bands_total': 0}
{'project_id': '8d76b368-7cb2-4548-959b-a6903e8caa7e', 'collars_total': 0, 'collars_emitted': 0, 'collars_skipped': 0, 'intervals_total': 0, 'samples_total': 0, 'ore_bands_total': 0}
  [23] 1160d799-427f-48ff-aa0e-a7258ddefaee ok: 2026-05-18 17:57:58,825 INFO georag.ingest.derive derive.project start project_id=1160d799-427f-48ff-aa0e-a7258ddefaee collars=0
2026-05-18 17:57:58,825 INFO georag.ingest.derive derive.project done {'project_id': '1160d799-427f-48ff-aa0e-a7258ddefaee', 'collars_total': 0, 'collars_emitted': 0, 'collars_skipped': 0, 'intervals_total': 0, 'samples_total': 0, 'ore_bands_total': 0}
{'project_id': '1160d799-427f-48ff-aa0e-a7258ddefaee', 'collars_total': 0, 'collars_emitted': 0, 'collars_skipped': 0, 'intervals_total': 0, 'samples_total': 0, 'ore_bands_total': 0}
  [24] d8b6652b-e5f1-4108-9b6d-296359897aaa ok: 2026-05-18 17:57:59,642 INFO georag.ingest.derive derive.project start project_id=d8b6652b-e5f1-4108-9b6d-296359897aaa collars=0
2026-05-18 17:57:59,642 INFO georag.ingest.derive derive.project done {'project_id': 'd8b6652b-e5f1-4108-9b6d-296359897aaa', 'collars_total': 0, 'collars_emitted': 0, 'collars_skipped': 0, 'intervals_total': 0, 'samples_total': 0, 'ore_bands_total': 0}
{'project_id': 'd8b6652b-e5f1-4108-9b6d-296359897aaa', 'collars_total': 0, 'collars_emitted': 0, 'collars_skipped': 0, 'intervals_total': 0, 'samples_total': 0, 'ore_bands_total': 0}
  [25] 3e713945-68e7-4a5a-9dcc-89a328d265d8 ok: 2026-05-18 17:58:00,398 INFO georag.ingest.derive derive.project start project_id=3e713945-68e7-4a5a-9dcc-89a328d265d8 collars=0
2026-05-18 17:58:00,398 INFO georag.ingest.derive derive.project done {'project_id': '3e713945-68e7-4a5a-9dcc-89a328d265d8', 'collars_total': 0, 'collars_emitted': 0, 'collars_skipped': 0, 'intervals_total': 0, 'samples_total': 0, 'ore_bands_total': 0}
{'project_id': '3e713945-68e7-4a5a-9dcc-89a328d265d8', 'collars_total': 0, 'collars_emitted': 0, 'collars_skipped': 0, 'intervals_total': 0, 'samples_total': 0, 'ore_bands_total': 0}
  [26] 3be0fc66-14e9-4751-85d6-6a152563d4f0 ok: 2026-05-18 17:58:01,161 INFO georag.ingest.derive derive.project start project_id=3be0fc66-14e9-4751-85d6-6a152563d4f0 collars=0
2026-05-18 17:58:01,161 INFO georag.ingest.derive derive.project done {'project_id': '3be0fc66-14e9-4751-85d6-6a152563d4f0', 'collars_total': 0, 'collars_emitted': 0, 'collars_skipped': 0, 'intervals_total': 0, 'samples_total': 0, 'ore_bands_total': 0}
{'project_id': '3be0fc66-14e9-4751-85d6-6a152563d4f0', 'collars_total': 0, 'collars_emitted': 0, 'collars_skipped': 0, 'intervals_total': 0, 'samples_total': 0, 'ore_bands_total': 0}
  [27] 11a834c1-fdd0-47db-978d-9a90cacd7e69 ok: 2026-05-18 17:58:01,895 INFO georag.ingest.derive derive.project start project_id=11a834c1-fdd0-47db-978d-9a90cacd7e69 collars=0
2026-05-18 17:58:01,895 INFO georag.ingest.derive derive.project done {'project_id': '11a834c1-fdd0-47db-978d-9a90cacd7e69', 'collars_total': 0, 'collars_emitted': 0, 'collars_skipped': 0, 'intervals_total': 0, 'samples_total': 0, 'ore_bands_total': 0}
{'project_id': '11a834c1-fdd0-47db-978d-9a90cacd7e69', 'collars_total': 0, 'collars_emitted': 0, 'collars_skipped': 0, 'intervals_total': 0, 'samples_total': 0, 'ore_bands_total': 0}
  [28] 5f957bdd-cd68-4c53-acbb-5f075f25ad80 ok: 2026-05-18 17:58:02,667 INFO georag.ingest.derive derive.project start project_id=5f957bdd-cd68-4c53-acbb-5f075f25ad80 collars=0
2026-05-18 17:58:02,667 INFO georag.ingest.derive derive.project done {'project_id': '5f957bdd-cd68-4c53-acbb-5f075f25ad80', 'collars_total': 0, 'collars_emitted': 0, 'collars_skipped': 0, 'intervals_total': 0, 'samples_total': 0, 'ore_bands_total': 0}
{'project_id': '5f957bdd-cd68-4c53-acbb-5f075f25ad80', 'collars_total': 0, 'collars_emitted': 0, 'collars_skipped': 0, 'intervals_total': 0, 'samples_total': 0, 'ore_bands_total': 0}
  [29] 79209632-cb21-46b8-a768-ba6d975c9372 ok: 2026-05-18 17:58:03,460 INFO georag.ingest.derive derive.project start project_id=79209632-cb21-46b8-a768-ba6d975c9372 collars=0
2026-05-18 17:58:03,460 INFO georag.ingest.derive derive.project done {'project_id': '79209632-cb21-46b8-a768-ba6d975c9372', 'collars_total': 0, 'collars_emitted': 0, 'collars_skipped': 0, 'intervals_total': 0, 'samples_total': 0, 'ore_bands_total': 0}
{'project_id': '79209632-cb21-46b8-a768-ba6d975c9372', 'collars_total': 0, 'collars_emitted': 0, 'collars_skipped': 0, 'intervals_total': 0, 'samples_total': 0, 'ore_bands_total': 0}
  [30] 80ffc5e5-3138-43c0-b246-0dd584a98bc7 ok: 2026-05-18 17:58:04,235 INFO georag.ingest.derive derive.project start project_id=80ffc5e5-3138-43c0-b246-0dd584a98bc7 collars=0
2026-05-18 17:58:04,235 INFO georag.ingest.derive derive.project done {'project_id': '80ffc5e5-3138-43c0-b246-0dd584a98bc7', 'collars_total': 0, 'collars_emitted': 0, 'collars_skipped': 0, 'intervals_total': 0, 'samples_total': 0, 'ore_bands_total': 0}
{'project_id': '80ffc5e5-3138-43c0-b246-0dd584a98bc7', 'collars_total': 0, 'collars_emitted': 0, 'collars_skipped': 0, 'intervals_total': 0, 'samples_total': 0, 'ore_bands_total': 0}
  [31] 1a17f6d6-5b20-482e-9ca3-30e05f300018 ok: 2026-05-18 17:58:05,005 INFO georag.ingest.derive derive.project start project_id=1a17f6d6-5b20-482e-9ca3-30e05f300018 collars=0
2026-05-18 17:58:05,005 INFO georag.ingest.derive derive.project done {'project_id': '1a17f6d6-5b20-482e-9ca3-30e05f300018', 'collars_total': 0, 'collars_emitted': 0, 'collars_skipped': 0, 'intervals_total': 0, 'samples_total': 0, 'ore_bands_total': 0}
{'project_id': '1a17f6d6-5b20-482e-9ca3-30e05f300018', 'collars_total': 0, 'collars_emitted': 0, 'collars_skipped': 0, 'intervals_total': 0, 'samples_total': 0, 'ore_bands_total': 0}
  [32] 27a3505b-8f3b-4705-bfdb-cf483e59444d ok: 2026-05-18 17:58:05,758 INFO georag.ingest.derive derive.project start project_id=27a3505b-8f3b-4705-bfdb-cf483e59444d collars=0
2026-05-18 17:58:05,758 INFO georag.ingest.derive derive.project done {'project_id': '27a3505b-8f3b-4705-bfdb-cf483e59444d', 'collars_total': 0, 'collars_emitted': 0, 'collars_skipped': 0, 'intervals_total': 0, 'samples_total': 0, 'ore_bands_total': 0}
{'project_id': '27a3505b-8f3b-4705-bfdb-cf483e59444d', 'collars_total': 0, 'collars_emitted': 0, 'collars_skipped': 0, 'intervals_total': 0, 'samples_total': 0, 'ore_bands_total': 0}
  [33] cf5372a9-be0d-428e-9e5c-76a2b32494af ok: 2026-05-18 17:58:06,491 INFO georag.ingest.derive derive.project start project_id=cf5372a9-be0d-428e-9e5c-76a2b32494af collars=0
2026-05-18 17:58:06,491 INFO georag.ingest.derive derive.project done {'project_id': 'cf5372a9-be0d-428e-9e5c-76a2b32494af', 'collars_total': 0, 'collars_emitted': 0, 'collars_skipped': 0, 'intervals_total': 0, 'samples_total': 0, 'ore_bands_total': 0}
{'project_id': 'cf5372a9-be0d-428e-9e5c-76a2b32494af', 'collars_total': 0, 'collars_emitted': 0, 'collars_skipped': 0, 'intervals_total': 0, 'samples_total': 0, 'ore_bands_total': 0}
  [34] d3a10baa-ab6b-48a1-88f0-8107b0de793e ok: 2026-05-18 17:58:07,246 INFO georag.ingest.derive derive.project start project_id=d3a10baa-ab6b-48a1-88f0-8107b0de793e collars=0
2026-05-18 17:58:07,246 INFO georag.ingest.derive derive.project done {'project_id': 'd3a10baa-ab6b-48a1-88f0-8107b0de793e', 'collars_total': 0, 'collars_emitted': 0, 'collars_skipped': 0, 'intervals_total': 0, 'samples_total': 0, 'ore_bands_total': 0}
{'project_id': 'd3a10baa-ab6b-48a1-88f0-8107b0de793e', 'collars_total': 0, 'collars_emitted': 0, 'collars_skipped': 0, 'intervals_total': 0, 'samples_total': 0, 'ore_bands_total': 0}
  [35] 271e25c6-7652-4036-8e90-d2ec8345343e ok: 2026-05-18 17:58:07,956 INFO georag.ingest.derive derive.project start project_id=271e25c6-7652-4036-8e90-d2ec8345343e collars=0
2026-05-18 17:58:07,956 INFO georag.ingest.derive derive.project done {'project_id': '271e25c6-7652-4036-8e90-d2ec8345343e', 'collars_total': 0, 'collars_emitted': 0, 'collars_skipped': 0, 'intervals_total': 0, 'samples_total': 0, 'ore_bands_total': 0}
{'project_id': '271e25c6-7652-4036-8e90-d2ec8345343e', 'collars_total': 0, 'collars_emitted': 0, 'collars_skipped': 0, 'intervals_total': 0, 'samples_total': 0, 'ore_bands_total': 0}
  [36] 39f6a226-162b-42ac-91f1-8ae7a9c2ffa8 ok: 2026-05-18 17:58:08,669 INFO georag.ingest.derive derive.project start project_id=39f6a226-162b-42ac-91f1-8ae7a9c2ffa8 collars=0
2026-05-18 17:58:08,670 INFO georag.ingest.derive derive.project done {'project_id': '39f6a226-162b-42ac-91f1-8ae7a9c2ffa8', 'collars_total': 0, 'collars_emitted': 0, 'collars_skipped': 0, 'intervals_total': 0, 'samples_total': 0, 'ore_bands_total': 0}
{'project_id': '39f6a226-162b-42ac-91f1-8ae7a9c2ffa8', 'collars_total': 0, 'collars_emitted': 0, 'collars_skipped': 0, 'intervals_total': 0, 'samples_total': 0, 'ore_bands_total': 0}
  [37] 0dce84f9-b21d-462f-bc0e-6c9c60f3b0ef ok: 2026-05-18 17:58:09,421 INFO georag.ingest.derive derive.project start project_id=0dce84f9-b21d-462f-bc0e-6c9c60f3b0ef collars=0
2026-05-18 17:58:09,422 INFO georag.ingest.derive derive.project done {'project_id': '0dce84f9-b21d-462f-bc0e-6c9c60f3b0ef', 'collars_total': 0, 'collars_emitted': 0, 'collars_skipped': 0, 'intervals_total': 0, 'samples_total': 0, 'ore_bands_total': 0}
{'project_id': '0dce84f9-b21d-462f-bc0e-6c9c60f3b0ef', 'collars_total': 0, 'collars_emitted': 0, 'collars_skipped': 0, 'intervals_total': 0, 'samples_total': 0, 'ore_bands_total': 0}
  [38] 134cac8e-8dab-415f-bf26-ff57ad48cc90 ok: 2026-05-18 17:58:10,148 INFO georag.ingest.derive derive.project start project_id=134cac8e-8dab-415f-bf26-ff57ad48cc90 collars=0
2026-05-18 17:58:10,148 INFO georag.ingest.derive derive.project done {'project_id': '134cac8e-8dab-415f-bf26-ff57ad48cc90', 'collars_total': 0, 'collars_emitted': 0, 'collars_skipped': 0, 'intervals_total': 0, 'samples_total': 0, 'ore_bands_total': 0}
{'project_id': '134cac8e-8dab-415f-bf26-ff57ad48cc90', 'collars_total': 0, 'collars_emitted': 0, 'collars_skipped': 0, 'intervals_total': 0, 'samples_total': 0, 'ore_bands_total': 0}
  [39] 0c7b9b74-69a2-4ebe-9210-e42a331b02d0 ok: 2026-05-18 17:58:10,891 INFO georag.ingest.derive derive.project start project_id=0c7b9b74-69a2-4ebe-9210-e42a331b02d0 collars=0
2026-05-18 17:58:10,891 INFO georag.ingest.derive derive.project done {'project_id': '0c7b9b74-69a2-4ebe-9210-e42a331b02d0', 'collars_total': 0, 'collars_emitted': 0, 'collars_skipped': 0, 'intervals_total': 0, 'samples_total': 0, 'ore_bands_total': 0}
{'project_id': '0c7b9b74-69a2-4ebe-9210-e42a331b02d0', 'collars_total': 0, 'collars_emitted': 0, 'collars_skipped': 0, 'intervals_total': 0, 'samples_total': 0, 'ore_bands_total': 0}
  [40] c5c3d1d0-faa5-449a-8c59-85ee55f1af40 ok: 2026-05-18 17:58:11,595 INFO georag.ingest.derive derive.project start project_id=c5c3d1d0-faa5-449a-8c59-85ee55f1af40 collars=0
2026-05-18 17:58:11,595 INFO georag.ingest.derive derive.project done {'project_id': 'c5c3d1d0-faa5-449a-8c59-85ee55f1af40', 'collars_total': 0, 'collars_emitted': 0, 'collars_skipped': 0, 'intervals_total': 0, 'samples_total': 0, 'ore_bands_total': 0}
{'project_id': 'c5c3d1d0-faa5-449a-8c59-85ee55f1af40', 'collars_total': 0, 'collars_emitted': 0, 'collars_skipped': 0, 'intervals_total': 0, 'samples_total': 0, 'ore_bands_total': 0}
  [41] f793a2a9-b60f-4e73-bb56-b9e085ebc3b0 ok: 2026-05-18 17:58:12,341 INFO georag.ingest.derive derive.project start project_id=f793a2a9-b60f-4e73-bb56-b9e085ebc3b0 collars=0
2026-05-18 17:58:12,342 INFO georag.ingest.derive derive.project done {'project_id': 'f793a2a9-b60f-4e73-bb56-b9e085ebc3b0', 'collars_total': 0, 'collars_emitted': 0, 'collars_skipped': 0, 'intervals_total': 0, 'samples_total': 0, 'ore_bands_total': 0}
{'project_id': 'f793a2a9-b60f-4e73-bb56-b9e085ebc3b0', 'collars_total': 0, 'collars_emitted': 0, 'collars_skipped': 0, 'intervals_total': 0, 'samples_total': 0, 'ore_bands_total': 0}
  [42] 9b9ea02d-29fd-4874-bba2-567d1ddfc90b ok: 2026-05-18 17:58:13,050 INFO georag.ingest.derive derive.project start project_id=9b9ea02d-29fd-4874-bba2-567d1ddfc90b collars=0
2026-05-18 17:58:13,050 INFO georag.ingest.derive derive.project done {'project_id': '9b9ea02d-29fd-4874-bba2-567d1ddfc90b', 'collars_total': 0, 'collars_emitted': 0, 'collars_skipped': 0, 'intervals_total': 0, 'samples_total': 0, 'ore_bands_total': 0}
{'project_id': '9b9ea02d-29fd-4874-bba2-567d1ddfc90b', 'collars_total': 0, 'collars_emitted': 0, 'collars_skipped': 0, 'intervals_total': 0, 'samples_total': 0, 'ore_bands_total': 0}
  [43] 4a0657ef-ec2f-4f27-95e0-5066fbd83a3e ok: 2026-05-18 17:58:13,807 INFO georag.ingest.derive derive.project start project_id=4a0657ef-ec2f-4f27-95e0-5066fbd83a3e collars=0
2026-05-18 17:58:13,808 INFO georag.ingest.derive derive.project done {'project_id': '4a0657ef-ec2f-4f27-95e0-5066fbd83a3e', 'collars_total': 0, 'collars_emitted': 0, 'collars_skipped': 0, 'intervals_total': 0, 'samples_total': 0, 'ore_bands_total': 0}
{'project_id': '4a0657ef-ec2f-4f27-95e0-5066fbd83a3e', 'collars_total': 0, 'collars_emitted': 0, 'collars_skipped': 0, 'intervals_total': 0, 'samples_total': 0, 'ore_bands_total': 0}
  [44] d866a9cb-9375-45eb-88bf-8e81b58f94b4 ok: 2026-05-18 17:58:14,554 INFO georag.ingest.derive derive.project start project_id=d866a9cb-9375-45eb-88bf-8e81b58f94b4 collars=0
2026-05-18 17:58:14,554 INFO georag.ingest.derive derive.project done {'project_id': 'd866a9cb-9375-45eb-88bf-8e81b58f94b4', 'collars_total': 0, 'collars_emitted': 0, 'collars_skipped': 0, 'intervals_total': 0, 'samples_total': 0, 'ore_bands_total': 0}
{'project_id': 'd866a9cb-9375-45eb-88bf-8e81b58f94b4', 'collars_total': 0, 'collars_emitted': 0, 'collars_skipped': 0, 'intervals_total': 0, 'samples_total': 0, 'ore_bands_total': 0}
  [45] 9a389632-6618-4f1b-9dd5-7da79d9071f1 ok: 2026-05-18 17:58:15,264 INFO georag.ingest.derive derive.project start project_id=9a389632-6618-4f1b-9dd5-7da79d9071f1 collars=0
2026-05-18 17:58:15,264 INFO georag.ingest.derive derive.project done {'project_id': '9a389632-6618-4f1b-9dd5-7da79d9071f1', 'collars_total': 0, 'collars_emitted': 0, 'collars_skipped': 0, 'intervals_total': 0, 'samples_total': 0, 'ore_bands_total': 0}
{'project_id': '9a389632-6618-4f1b-9dd5-7da79d9071f1', 'collars_total': 0, 'collars_emitted': 0, 'collars_skipped': 0, 'intervals_total': 0, 'samples_total': 0, 'ore_bands_total': 0}
  [46] 7830fe95-3172-4d4f-bf82-dd105e6f805a ok: 2026-05-18 17:58:15,997 INFO georag.ingest.derive derive.project start project_id=7830fe95-3172-4d4f-bf82-dd105e6f805a collars=0
2026-05-18 17:58:15,997 INFO georag.ingest.derive derive.project done {'project_id': '7830fe95-3172-4d4f-bf82-dd105e6f805a', 'collars_total': 0, 'collars_emitted': 0, 'collars_skipped': 0, 'intervals_total': 0, 'samples_total': 0, 'ore_bands_total': 0}
{'project_id': '7830fe95-3172-4d4f-bf82-dd105e6f805a', 'collars_total': 0, 'collars_emitted': 0, 'collars_skipped': 0, 'intervals_total': 0, 'samples_total': 0, 'ore_bands_total': 0}
  [47] 26721431-3774-4fce-baf8-19311a0fe2bf ok: 2026-05-18 17:58:16,695 INFO georag.ingest.derive derive.project start project_id=26721431-3774-4fce-baf8-19311a0fe2bf collars=0
2026-05-18 17:58:16,695 INFO georag.ingest.derive derive.project done {'project_id': '26721431-3774-4fce-baf8-19311a0fe2bf', 'collars_total': 0, 'collars_emitted': 0, 'collars_skipped': 0, 'intervals_total': 0, 'samples_total': 0, 'ore_bands_total': 0}
{'project_id': '26721431-3774-4fce-baf8-19311a0fe2bf', 'collars_total': 0, 'collars_emitted': 0, 'collars_skipped': 0, 'intervals_total': 0, 'samples_total': 0, 'ore_bands_total': 0}
  [48] 30c91acf-83eb-4891-858f-8a0049154d9e ok: 2026-05-18 17:58:17,484 INFO georag.ingest.derive derive.project start project_id=30c91acf-83eb-4891-858f-8a0049154d9e collars=0
2026-05-18 17:58:17,484 INFO georag.ingest.derive derive.project done {'project_id': '30c91acf-83eb-4891-858f-8a0049154d9e', 'collars_total': 0, 'collars_emitted': 0, 'collars_skipped': 0, 'intervals_total': 0, 'samples_total': 0, 'ore_bands_total': 0}
{'project_id': '30c91acf-83eb-4891-858f-8a0049154d9e', 'collars_total': 0, 'collars_emitted': 0, 'collars_skipped': 0, 'intervals_total': 0, 'samples_total': 0, 'ore_bands_total': 0}
  [49] 9a5d2bd5-4515-4ead-a9ea-27a6e74077ab ok: 2026-05-18 17:58:18,273 INFO georag.ingest.derive derive.project start project_id=9a5d2bd5-4515-4ead-a9ea-27a6e74077ab collars=0
2026-05-18 17:58:18,274 INFO georag.ingest.derive derive.project done {'project_id': '9a5d2bd5-4515-4ead-a9ea-27a6e74077ab', 'collars_total': 0, 'collars_emitted': 0, 'collars_skipped': 0, 'intervals_total': 0, 'samples_total': 0, 'ore_bands_total': 0}
{'project_id': '9a5d2bd5-4515-4ead-a9ea-27a6e74077ab', 'collars_total': 0, 'collars_emitted': 0, 'collars_skipped': 0, 'intervals_total': 0, 'samples_total': 0, 'ore_bands_total': 0}
  [50] ffc4f1d5-1cc8-43b3-9d16-f303da0b076c ok: 2026-05-18 17:58:19,023 INFO georag.ingest.derive derive.project start project_id=ffc4f1d5-1cc8-43b3-9d16-f303da0b076c collars=0
2026-05-18 17:58:19,023 INFO georag.ingest.derive derive.project done {'project_id': 'ffc4f1d5-1cc8-43b3-9d16-f303da0b076c', 'collars_total': 0, 'collars_emitted': 0, 'collars_skipped': 0, 'intervals_total': 0, 'samples_total': 0, 'ore_bands_total': 0}
{'project_id': 'ffc4f1d5-1cc8-43b3-9d16-f303da0b076c', 'collars_total': 0, 'collars_emitted': 0, 'collars_skipped': 0, 'intervals_total': 0, 'samples_total': 0, 'ore_bands_total': 0}
  [51] 4c88b271-20f7-479c-b296-936f07b84d36 ok: 2026-05-18 17:58:19,775 INFO georag.ingest.derive derive.project start project_id=4c88b271-20f7-479c-b296-936f07b84d36 collars=0
2026-05-18 17:58:19,775 INFO georag.ingest.derive derive.project done {'project_id': '4c88b271-20f7-479c-b296-936f07b84d36', 'collars_total': 0, 'collars_emitted': 0, 'collars_skipped': 0, 'intervals_total': 0, 'samples_total': 0, 'ore_bands_total': 0}
{'project_id': '4c88b271-20f7-479c-b296-936f07b84d36', 'collars_total': 0, 'collars_emitted': 0, 'collars_skipped': 0, 'intervals_total': 0, 'samples_total': 0, 'ore_bands_total': 0}
  [52] f09babd6-a141-43bb-b6f0-035f6e72f8a8 ok: 2026-05-18 17:58:20,481 INFO georag.ingest.derive derive.project start project_id=f09babd6-a141-43bb-b6f0-035f6e72f8a8 collars=0
2026-05-18 17:58:20,481 INFO georag.ingest.derive derive.project done {'project_id': 'f09babd6-a141-43bb-b6f0-035f6e72f8a8', 'collars_total': 0, 'collars_emitted': 0, 'collars_skipped': 0, 'intervals_total': 0, 'samples_total': 0, 'ore_bands_total': 0}
{'project_id': 'f09babd6-a141-43bb-b6f0-035f6e72f8a8', 'collars_total': 0, 'collars_emitted': 0, 'collars_skipped': 0, 'intervals_total': 0, 'samples_total': 0, 'ore_bands_total': 0}
  [53] 9486548f-57f5-41c0-a9d9-e68bc6322876 ok: 2026-05-18 17:58:21,202 INFO georag.ingest.derive derive.project start project_id=9486548f-57f5-41c0-a9d9-e68bc6322876 collars=0
2026-05-18 17:58:21,202 INFO georag.ingest.derive derive.project done {'project_id': '9486548f-57f5-41c0-a9d9-e68bc6322876', 'collars_total': 0, 'collars_emitted': 0, 'collars_skipped': 0, 'intervals_total': 0, 'samples_total': 0, 'ore_bands_total': 0}
{'project_id': '9486548f-57f5-41c0-a9d9-e68bc6322876', 'collars_total': 0, 'collars_emitted': 0, 'collars_skipped': 0, 'intervals_total': 0, 'samples_total': 0, 'ore_bands_total': 0}
  [54] 413be833-7016-4f15-82ef-21797e3b715d ok: 2026-05-18 17:58:21,905 INFO georag.ingest.derive derive.project start project_id=413be833-7016-4f15-82ef-21797e3b715d collars=0
2026-05-18 17:58:21,905 INFO georag.ingest.derive derive.project done {'project_id': '413be833-7016-4f15-82ef-21797e3b715d', 'collars_total': 0, 'collars_emitted': 0, 'collars_skipped': 0, 'intervals_total': 0, 'samples_total': 0, 'ore_bands_total': 0}
{'project_id': '413be833-7016-4f15-82ef-21797e3b715d', 'collars_total': 0, 'collars_emitted': 0, 'collars_skipped': 0, 'intervals_total': 0, 'samples_total': 0, 'ore_bands_total': 0}
  [55] 42f7be22-dcd3-44a6-9130-a85447ca25ac ok: 2026-05-18 17:58:22,625 INFO georag.ingest.derive derive.project start project_id=42f7be22-dcd3-44a6-9130-a85447ca25ac collars=0
2026-05-18 17:58:22,625 INFO georag.ingest.derive derive.project done {'project_id': '42f7be22-dcd3-44a6-9130-a85447ca25ac', 'collars_total': 0, 'collars_emitted': 0, 'collars_skipped': 0, 'intervals_total': 0, 'samples_total': 0, 'ore_bands_total': 0}
{'project_id': '42f7be22-dcd3-44a6-9130-a85447ca25ac', 'collars_total': 0, 'collars_emitted': 0, 'collars_skipped': 0, 'intervals_total': 0, 'samples_total': 0, 'ore_bands_total': 0}
  [56] 720a2c60-66b8-4479-a219-2ee448def220 ok: 2026-05-18 17:58:23,338 INFO georag.ingest.derive derive.project start project_id=720a2c60-66b8-4479-a219-2ee448def220 collars=0
2026-05-18 17:58:23,338 INFO georag.ingest.derive derive.project done {'project_id': '720a2c60-66b8-4479-a219-2ee448def220', 'collars_total': 0, 'collars_emitted': 0, 'collars_skipped': 0, 'intervals_total': 0, 'samples_total': 0, 'ore_bands_total': 0}
{'project_id': '720a2c60-66b8-4479-a219-2ee448def220', 'collars_total': 0, 'collars_emitted': 0, 'collars_skipped': 0, 'intervals_total': 0, 'samples_total': 0, 'ore_bands_total': 0}
  [57] f5e2be38-4086-4532-bed5-9d7f3482c8ff ok: 2026-05-18 17:58:24,100 INFO georag.ingest.derive derive.project start project_id=f5e2be38-4086-4532-bed5-9d7f3482c8ff collars=0
2026-05-18 17:58:24,101 INFO georag.ingest.derive derive.project done {'project_id': 'f5e2be38-4086-4532-bed5-9d7f3482c8ff', 'collars_total': 0, 'collars_emitted': 0, 'collars_skipped': 0, 'intervals_total': 0, 'samples_total': 0, 'ore_bands_total': 0}
{'project_id': 'f5e2be38-4086-4532-bed5-9d7f3482c8ff', 'collars_total': 0, 'collars_emitted': 0, 'collars_skipped': 0, 'intervals_total': 0, 'samples_total': 0, 'ore_bands_total': 0}
  [58] b707a26b-d0cb-4e4b-ace2-9be0bfa3e9d2 ok: 2026-05-18 17:58:24,881 INFO georag.ingest.derive derive.project start project_id=b707a26b-d0cb-4e4b-ace2-9be0bfa3e9d2 collars=0
2026-05-18 17:58:24,881 INFO georag.ingest.derive derive.project done {'project_id': 'b707a26b-d0cb-4e4b-ace2-9be0bfa3e9d2', 'collars_total': 0, 'collars_emitted': 0, 'collars_skipped': 0, 'intervals_total': 0, 'samples_total': 0, 'ore_bands_total': 0}
{'project_id': 'b707a26b-d0cb-4e4b-ace2-9be0bfa3e9d2', 'collars_total': 0, 'collars_emitted': 0, 'collars_skipped': 0, 'intervals_total': 0, 'samples_total': 0, 'ore_bands_total': 0}
  [59] 546588e8-36b1-4239-ba8f-3343d3251021 ok: 2026-05-18 17:58:25,607 INFO georag.ingest.derive derive.project start project_id=546588e8-36b1-4239-ba8f-3343d3251021 collars=0
2026-05-18 17:58:25,607 INFO georag.ingest.derive derive.project done {'project_id': '546588e8-36b1-4239-ba8f-3343d3251021', 'collars_total': 0, 'collars_emitted': 0, 'collars_skipped': 0, 'intervals_total': 0, 'samples_total': 0, 'ore_bands_total': 0}
{'project_id': '546588e8-36b1-4239-ba8f-3343d3251021', 'collars_total': 0, 'collars_emitted': 0, 'collars_skipped': 0, 'intervals_total': 0, 'samples_total': 0, 'ore_bands_total': 0}
  [60] e7e9d82e-a112-4671-a3bd-fa5077306ba0 ok: 2026-05-18 17:58:26,358 INFO georag.ingest.derive derive.project start project_id=e7e9d82e-a112-4671-a3bd-fa5077306ba0 collars=0
2026-05-18 17:58:26,358 INFO georag.ingest.derive derive.project done {'project_id': 'e7e9d82e-a112-4671-a3bd-fa5077306ba0', 'collars_total': 0, 'collars_emitted': 0, 'collars_skipped': 0, 'intervals_total': 0, 'samples_total': 0, 'ore_bands_total': 0}
{'project_id': 'e7e9d82e-a112-4671-a3bd-fa5077306ba0', 'collars_total': 0, 'collars_emitted': 0, 'collars_skipped': 0, 'intervals_total': 0, 'samples_total': 0, 'ore_bands_total': 0}
  [61] 1a57c66c-39ac-4b9f-b5fc-7466fba5ebd7 ok: 2026-05-18 17:58:27,170 INFO georag.ingest.derive derive.project start project_id=1a57c66c-39ac-4b9f-b5fc-7466fba5ebd7 collars=0
2026-05-18 17:58:27,170 INFO georag.ingest.derive derive.project done {'project_id': '1a57c66c-39ac-4b9f-b5fc-7466fba5ebd7', 'collars_total': 0, 'collars_emitted': 0, 'collars_skipped': 0, 'intervals_total': 0, 'samples_total': 0, 'ore_bands_total': 0}
{'project_id': '1a57c66c-39ac-4b9f-b5fc-7466fba5ebd7', 'collars_total': 0, 'collars_emitted': 0, 'collars_skipped': 0, 'intervals_total': 0, 'samples_total': 0, 'ore_bands_total': 0}
  [62] 46cbd386-eebc-4840-8e39-7cb8ea8d0b63 ok: 2026-05-18 17:58:27,930 INFO georag.ingest.derive derive.project start project_id=46cbd386-eebc-4840-8e39-7cb8ea8d0b63 collars=0
2026-05-18 17:58:27,930 INFO georag.ingest.derive derive.project done {'project_id': '46cbd386-eebc-4840-8e39-7cb8ea8d0b63', 'collars_total': 0, 'collars_emitted': 0, 'collars_skipped': 0, 'intervals_total': 0, 'samples_total': 0, 'ore_bands_total': 0}
{'project_id': '46cbd386-eebc-4840-8e39-7cb8ea8d0b63', 'collars_total': 0, 'collars_emitted': 0, 'collars_skipped': 0, 'intervals_total': 0, 'samples_total': 0, 'ore_bands_total': 0}
  [63] 63f629f8-a1ed-4016-86a1-43a6ff2cad62 ok: 2026-05-18 17:58:28,679 INFO georag.ingest.derive derive.project start project_id=63f629f8-a1ed-4016-86a1-43a6ff2cad62 collars=0
2026-05-18 17:58:28,679 INFO georag.ingest.derive derive.project done {'project_id': '63f629f8-a1ed-4016-86a1-43a6ff2cad62', 'collars_total': 0, 'collars_emitted': 0, 'collars_skipped': 0, 'intervals_total': 0, 'samples_total': 0, 'ore_bands_total': 0}
{'project_id': '63f629f8-a1ed-4016-86a1-43a6ff2cad62', 'collars_total': 0, 'collars_emitted': 0, 'collars_skipped': 0, 'intervals_total': 0, 'samples_total': 0, 'ore_bands_total': 0}
  [64] 779d592f-8c9d-4249-98e2-075f07b390a9 ok: 2026-05-18 17:58:29,498 INFO georag.ingest.derive derive.project start project_id=779d592f-8c9d-4249-98e2-075f07b390a9 collars=0
2026-05-18 17:58:29,498 INFO georag.ingest.derive derive.project done {'project_id': '779d592f-8c9d-4249-98e2-075f07b390a9', 'collars_total': 0, 'collars_emitted': 0, 'collars_skipped': 0, 'intervals_total': 0, 'samples_total': 0, 'ore_bands_total': 0}
{'project_id': '779d592f-8c9d-4249-98e2-075f07b390a9', 'collars_total': 0, 'collars_emitted': 0, 'collars_skipped': 0, 'intervals_total': 0, 'samples_total': 0, 'ore_bands_total': 0}
  [65] 613f1c61-a9df-450c-a408-a75fd1c8c6f0 ok: 2026-05-18 17:58:30,262 INFO georag.ingest.derive derive.project start project_id=613f1c61-a9df-450c-a408-a75fd1c8c6f0 collars=0
2026-05-18 17:58:30,262 INFO georag.ingest.derive derive.project done {'project_id': '613f1c61-a9df-450c-a408-a75fd1c8c6f0', 'collars_total': 0, 'collars_emitted': 0, 'collars_skipped': 0, 'intervals_total': 0, 'samples_total': 0, 'ore_bands_total': 0}
{'project_id': '613f1c61-a9df-450c-a408-a75fd1c8c6f0', 'collars_total': 0, 'collars_emitted': 0, 'collars_skipped': 0, 'intervals_total': 0, 'samples_total': 0, 'ore_bands_total': 0}
  [66] 75545754-f0ef-41c4-9639-c221a2e18dd8 ok: 2026-05-18 17:58:30,996 INFO georag.ingest.derive derive.project start project_id=75545754-f0ef-41c4-9639-c221a2e18dd8 collars=0
2026-05-18 17:58:30,996 INFO georag.ingest.derive derive.project done {'project_id': '75545754-f0ef-41c4-9639-c221a2e18dd8', 'collars_total': 0, 'collars_emitted': 0, 'collars_skipped': 0, 'intervals_total': 0, 'samples_total': 0, 'ore_bands_total': 0}
{'project_id': '75545754-f0ef-41c4-9639-c221a2e18dd8', 'collars_total': 0, 'collars_emitted': 0, 'collars_skipped': 0, 'intervals_total': 0, 'samples_total': 0, 'ore_bands_total': 0}
  [67] 0fa53414-eb31-4bef-bca5-7ce58392ed1a ok: 2026-05-18 17:58:31,785 INFO georag.ingest.derive derive.project start project_id=0fa53414-eb31-4bef-bca5-7ce58392ed1a collars=0
2026-05-18 17:58:31,785 INFO georag.ingest.derive derive.project done {'project_id': '0fa53414-eb31-4bef-bca5-7ce58392ed1a', 'collars_total': 0, 'collars_emitted': 0, 'collars_skipped': 0, 'intervals_total': 0, 'samples_total': 0, 'ore_bands_total': 0}
{'project_id': '0fa53414-eb31-4bef-bca5-7ce58392ed1a', 'collars_total': 0, 'collars_emitted': 0, 'collars_skipped': 0, 'intervals_total': 0, 'samples_total': 0, 'ore_bands_total': 0}
  [68] d9fb89f7-275f-471a-ad11-1d06946ce285 ok: 2026-05-18 17:58:32,573 INFO georag.ingest.derive derive.project start project_id=d9fb89f7-275f-471a-ad11-1d06946ce285 collars=0
2026-05-18 17:58:32,573 INFO georag.ingest.derive derive.project done {'project_id': 'd9fb89f7-275f-471a-ad11-1d06946ce285', 'collars_total': 0, 'collars_emitted': 0, 'collars_skipped': 0, 'intervals_total': 0, 'samples_total': 0, 'ore_bands_total': 0}
{'project_id': 'd9fb89f7-275f-471a-ad11-1d06946ce285', 'collars_total': 0, 'collars_emitted': 0, 'collars_skipped': 0, 'intervals_total': 0, 'samples_total': 0, 'ore_bands_total': 0}
  [69] 9cf08f26-7550-4a4d-a783-b41f612c9c99 ok: 2026-05-18 17:58:33,351 INFO georag.ingest.derive derive.project start project_id=9cf08f26-7550-4a4d-a783-b41f612c9c99 collars=0
2026-05-18 17:58:33,351 INFO georag.ingest.derive derive.project done {'project_id': '9cf08f26-7550-4a4d-a783-b41f612c9c99', 'collars_total': 0, 'collars_emitted': 0, 'collars_skipped': 0, 'intervals_total': 0, 'samples_total': 0, 'ore_bands_total': 0}
{'project_id': '9cf08f26-7550-4a4d-a783-b41f612c9c99', 'collars_total': 0, 'collars_emitted': 0, 'collars_skipped': 0, 'intervals_total': 0, 'samples_total': 0, 'ore_bands_total': 0}
  [70] 8b1e8cf4-e7e7-4317-9922-98e953084fc4 ok: 2026-05-18 17:58:34,129 INFO georag.ingest.derive derive.project start project_id=8b1e8cf4-e7e7-4317-9922-98e953084fc4 collars=0
2026-05-18 17:58:34,129 INFO georag.ingest.derive derive.project done {'project_id': '8b1e8cf4-e7e7-4317-9922-98e953084fc4', 'collars_total': 0, 'collars_emitted': 0, 'collars_skipped': 0, 'intervals_total': 0, 'samples_total': 0, 'ore_bands_total': 0}
{'project_id': '8b1e8cf4-e7e7-4317-9922-98e953084fc4', 'collars_total': 0, 'collars_emitted': 0, 'collars_skipped': 0, 'intervals_total': 0, 'samples_total': 0, 'ore_bands_total': 0}
  [71] f78e9c7e-b29a-4f87-a9e9-fb7ef4844e67 ok: 2026-05-18 17:58:34,907 INFO georag.ingest.derive derive.project start project_id=f78e9c7e-b29a-4f87-a9e9-fb7ef4844e67 collars=0
2026-05-18 17:58:34,907 INFO georag.ingest.derive derive.project done {'project_id': 'f78e9c7e-b29a-4f87-a9e9-fb7ef4844e67', 'collars_total': 0, 'collars_emitted': 0, 'collars_skipped': 0, 'intervals_total': 0, 'samples_total': 0, 'ore_bands_total': 0}
{'project_id': 'f78e9c7e-b29a-4f87-a9e9-fb7ef4844e67', 'collars_total': 0, 'collars_emitted': 0, 'collars_skipped': 0, 'intervals_total': 0, 'samples_total': 0, 'ore_bands_total': 0}
  [72] f40b3a53-5d1d-4505-8157-8fc1e660ca13 ok: 2026-05-18 17:58:35,668 INFO georag.ingest.derive derive.project start project_id=f40b3a53-5d1d-4505-8157-8fc1e660ca13 collars=0
2026-05-18 17:58:35,668 INFO georag.ingest.derive derive.project done {'project_id': 'f40b3a53-5d1d-4505-8157-8fc1e660ca13', 'collars_total': 0, 'collars_emitted': 0, 'collars_skipped': 0, 'intervals_total': 0, 'samples_total': 0, 'ore_bands_total': 0}
{'project_id': 'f40b3a53-5d1d-4505-8157-8fc1e660ca13', 'collars_total': 0, 'collars_emitted': 0, 'collars_skipped': 0, 'intervals_total': 0, 'samples_total': 0, 'ore_bands_total': 0}
  [73] 151c3afe-3698-49f1-bc04-455012dd7973 ok: 2026-05-18 17:58:36,448 INFO georag.ingest.derive derive.project start project_id=151c3afe-3698-49f1-bc04-455012dd7973 collars=0
2026-05-18 17:58:36,448 INFO georag.ingest.derive derive.project done {'project_id': '151c3afe-3698-49f1-bc04-455012dd7973', 'collars_total': 0, 'collars_emitted': 0, 'collars_skipped': 0, 'intervals_total': 0, 'samples_total': 0, 'ore_bands_total': 0}
{'project_id': '151c3afe-3698-49f1-bc04-455012dd7973', 'collars_total': 0, 'collars_emitted': 0, 'collars_skipped': 0, 'intervals_total': 0, 'samples_total': 0, 'ore_bands_total': 0}
  [74] b51d19be-9f74-4b97-8ac1-0991651dbf01 ok: 2026-05-18 17:58:37,300 INFO georag.ingest.derive derive.project start project_id=b51d19be-9f74-4b97-8ac1-0991651dbf01 collars=0
2026-05-18 17:58:37,300 INFO georag.ingest.derive derive.project done {'project_id': 'b51d19be-9f74-4b97-8ac1-0991651dbf01', 'collars_total': 0, 'collars_emitted': 0, 'collars_skipped': 0, 'intervals_total': 0, 'samples_total': 0, 'ore_bands_total': 0}
{'project_id': 'b51d19be-9f74-4b97-8ac1-0991651dbf01', 'collars_total': 0, 'collars_emitted': 0, 'collars_skipped': 0, 'intervals_total': 0, 'samples_total': 0, 'ore_bands_total': 0}
  [75] c4cd584b-7828-488d-a35b-24429fdb219f ok: 2026-05-18 17:58:38,233 WARNING georag.ingest.derive derive.collar_failed hole=1130-0540 err=permission denied for table lithology_logs
2026-05-18 17:58:38,234 INFO georag.ingest.derive derive.project done {'project_id': 'c4cd584b-7828-488d-a35b-24429fdb219f', 'collars_total': 7, 'collars_emitted': 0, 'collars_skipped': 7, 'intervals_total': 0, 'samples_total': 0, 'ore_bands_total': 0}
{'project_id': 'c4cd584b-7828-488d-a35b-24429fdb219f', 'collars_total': 7, 'collars_emitted': 0, 'collars_skipped': 7, 'intervals_total': 0, 'samples_total': 0, 'ore_bands_total': 0}
  [76] f88e8f4b-8773-4997-81e7-4b95eddcacd0 ok: 2026-05-18 17:58:40,197 WARNING georag.ingest.derive derive.collar_failed hole=370-4850 err=permission denied for table lithology_logs
2026-05-18 17:58:40,197 INFO georag.ingest.derive derive.project done {'project_id': 'f88e8f4b-8773-4997-81e7-4b95eddcacd0', 'collars_total': 94, 'collars_emitted': 0, 'collars_skipped': 94, 'intervals_total': 0, 'samples_total': 0, 'ore_bands_total': 0}
{'project_id': 'f88e8f4b-8773-4997-81e7-4b95eddcacd0', 'collars_total': 94, 'collars_emitted': 0, 'collars_skipped': 94, 'intervals_total': 0, 'samples_total': 0, 'ore_bands_total': 0}
  [77] 46d02e9b-557a-4572-bdb9-fd5f29211e54 ok: 2026-05-18 17:58:41,126 INFO georag.ingest.derive derive.project start project_id=46d02e9b-557a-4572-bdb9-fd5f29211e54 collars=0
2026-05-18 17:58:41,127 INFO georag.ingest.derive derive.project done {'project_id': '46d02e9b-557a-4572-bdb9-fd5f29211e54', 'collars_total': 0, 'collars_emitted': 0, 'collars_skipped': 0, 'intervals_total': 0, 'samples_total': 0, 'ore_bands_total': 0}
{'project_id': '46d02e9b-557a-4572-bdb9-fd5f29211e54', 'collars_total': 0, 'collars_emitted': 0, 'collars_skipped': 0, 'intervals_total': 0, 'samples_total': 0, 'ore_bands_total': 0}
  [78] f5e6cb13-25db-43c9-9b18-a2ea09d723b8 ok: 2026-05-18 17:58:42,011 INFO georag.ingest.derive derive.project start project_id=f5e6cb13-25db-43c9-9b18-a2ea09d723b8 collars=0
2026-05-18 17:58:42,011 INFO georag.ingest.derive derive.project done {'project_id': 'f5e6cb13-25db-43c9-9b18-a2ea09d723b8', 'collars_total': 0, 'collars_emitted': 0, 'collars_skipped': 0, 'intervals_total': 0, 'samples_total': 0, 'ore_bands_total': 0}
{'project_id': 'f5e6cb13-25db-43c9-9b18-a2ea09d723b8', 'collars_total': 0, 'collars_emitted': 0, 'collars_skipped': 0, 'intervals_total': 0, 'samples_total': 0, 'ore_bands_total': 0}
  [79] e485b879-4688-404a-ab6a-4188c1211d2d ok: 2026-05-18 17:58:42,806 INFO georag.ingest.derive derive.project start project_id=e485b879-4688-404a-ab6a-4188c1211d2d collars=0
2026-05-18 17:58:42,806 INFO georag.ingest.derive derive.project done {'project_id': 'e485b879-4688-404a-ab6a-4188c1211d2d', 'collars_total': 0, 'collars_emitted': 0, 'collars_skipped': 0, 'intervals_total': 0, 'samples_total': 0, 'ore_bands_total': 0}
{'project_id': 'e485b879-4688-404a-ab6a-4188c1211d2d', 'collars_total': 0, 'collars_emitted': 0, 'collars_skipped': 0, 'intervals_total': 0, 'samples_total': 0, 'ore_bands_total': 0}
  [80] 623e9405-c65b-43c6-b606-e06d73940a1d ok: 2026-05-18 17:58:43,532 INFO georag.ingest.derive derive.project start project_id=623e9405-c65b-43c6-b606-e06d73940a1d collars=0
2026-05-18 17:58:43,532 INFO georag.ingest.derive derive.project done {'project_id': '623e9405-c65b-43c6-b606-e06d73940a1d', 'collars_total': 0, 'collars_emitted': 0, 'collars_skipped': 0, 'intervals_total': 0, 'samples_total': 0, 'ore_bands_total': 0}
{'project_id': '623e9405-c65b-43c6-b606-e06d73940a1d', 'collars_total': 0, 'collars_emitted': 0, 'collars_skipped': 0, 'intervals_total': 0, 'samples_total': 0, 'ore_bands_total': 0}
  [81] 3e4d4fe5-76ab-4880-9a71-8caca1b70c25 ok: 2026-05-18 17:58:44,372 WARNING georag.ingest.derive derive.collar_failed hole=IC-9 err=permission denied for table lithology_logs
2026-05-18 17:58:44,372 INFO georag.ingest.derive derive.project done {'project_id': '3e4d4fe5-76ab-4880-9a71-8caca1b70c25', 'collars_total': 2, 'collars_emitted': 0, 'collars_skipped': 2, 'intervals_total': 0, 'samples_total': 0, 'ore_bands_total': 0}
{'project_id': '3e4d4fe5-76ab-4880-9a71-8caca1b70c25', 'collars_total': 2, 'collars_emitted': 0, 'collars_skipped': 2, 'intervals_total': 0, 'samples_total': 0, 'ore_bands_total': 0}
  [82] a5b75668-5c80-4b43-83c9-df18f55bdc21 ok: 2026-05-18 17:58:45,224 WARNING georag.ingest.derive derive.collar_failed hole=IC-19 err=permission denied for table lithology_logs
2026-05-18 17:58:45,224 INFO georag.ingest.derive derive.project done {'project_id': 'a5b75668-5c80-4b43-83c9-df18f55bdc21', 'collars_total': 4, 'collars_emitted': 0, 'collars_skipped': 4, 'intervals_total': 0, 'samples_total': 0, 'ore_bands_total': 0}
{'project_id': 'a5b75668-5c80-4b43-83c9-df18f55bdc21', 'collars_total': 4, 'collars_emitted': 0, 'collars_skipped': 4, 'intervals_total': 0, 'samples_total': 0, 'ore_bands_total': 0}
  [83] 1e94d8fc-a262-4ef7-8ee8-a6245ce45693 ok: 2026-05-18 17:58:46,103 WARNING georag.ingest.derive derive.collar_failed hole=IC-24 err=permission denied for table lithology_logs
2026-05-18 17:58:46,103 INFO georag.ingest.derive derive.project done {'project_id': '1e94d8fc-a262-4ef7-8ee8-a6245ce45693', 'collars_total': 2, 'collars_emitted': 0, 'collars_skipped': 2, 'intervals_total': 0, 'samples_total': 0, 'ore_bands_total': 0}
{'project_id': '1e94d8fc-a262-4ef7-8ee8-a6245ce45693', 'collars_total': 2, 'collars_emitted': 0, 'collars_skipped': 2, 'intervals_total': 0, 'samples_total': 0, 'ore_bands_total': 0}
  [84] ce68968e-e29d-4218-b533-c02ecb475867 ok: 2026-05-18 17:58:47,044 WARNING georag.ingest.derive derive.collar_failed hole=IC-3 err=permission denied for table lithology_logs
2026-05-18 17:58:47,044 INFO georag.ingest.derive derive.project done {'project_id': 'ce68968e-e29d-4218-b533-c02ecb475867', 'collars_total': 2, 'collars_emitted': 0, 'collars_skipped': 2, 'intervals_total': 0, 'samples_total': 0, 'ore_bands_total': 0}
{'project_id': 'ce68968e-e29d-4218-b533-c02ecb475867', 'collars_total': 2, 'collars_emitted': 0, 'collars_skipped': 2, 'intervals_total': 0, 'samples_total': 0, 'ore_bands_total': 0}
  [85] 92975c65-ce65-4cf6-bf62-d14c568f5268 ok: 2026-05-18 17:58:48,013 WARNING georag.ingest.derive derive.collar_failed hole=IC-8 err=permission denied for table lithology_logs
2026-05-18 17:58:48,014 INFO georag.ingest.derive derive.project done {'project_id': '92975c65-ce65-4cf6-bf62-d14c568f5268', 'collars_total': 4, 'collars_emitted': 0, 'collars_skipped': 4, 'intervals_total': 0, 'samples_total': 0, 'ore_bands_total': 0}
{'project_id': '92975c65-ce65-4cf6-bf62-d14c568f5268', 'collars_total': 4, 'collars_emitted': 0, 'collars_skipped': 4, 'intervals_total': 0, 'samples_total': 0, 'ore_bands_total': 0}
  [86] 5dcc71f3-9ac1-46d0-ba92-b3a2aab83e2e ok: 2026-05-18 17:58:48,872 WARNING georag.ingest.derive derive.collar_failed hole=IC-7 err=permission denied for table lithology_logs
2026-05-18 17:58:48,872 INFO georag.ingest.derive derive.project done {'project_id': '5dcc71f3-9ac1-46d0-ba92-b3a2aab83e2e', 'collars_total': 1, 'collars_emitted': 0, 'collars_skipped': 1, 'intervals_total': 0, 'samples_total': 0, 'ore_bands_total': 0}
{'project_id': '5dcc71f3-9ac1-46d0-ba92-b3a2aab83e2e', 'collars_total': 1, 'collars_emitted': 0, 'collars_skipped': 1, 'intervals_total': 0, 'samples_total': 0, 'ore_bands_total': 0}
  [87] f7b34c27-27ff-4a9f-91ec-144d7b146f5d ok: 2026-05-18 17:58:49,829 WARNING georag.ingest.derive derive.collar_failed hole=SRE09-9 err=permission denied for table lithology_logs
2026-05-18 17:58:49,829 INFO georag.ingest.derive derive.project done {'project_id': 'f7b34c27-27ff-4a9f-91ec-144d7b146f5d', 'collars_total': 6, 'collars_emitted': 0, 'collars_skipped': 6, 'intervals_total': 0, 'samples_total': 0, 'ore_bands_total': 0}
{'project_id': 'f7b34c27-27ff-4a9f-91ec-144d7b146f5d', 'collars_total': 6, 'collars_emitted': 0, 'collars_skipped': 6, 'intervals_total': 0, 'samples_total': 0, 'ore_bands_total': 0}
  [88] 1cbba60c-6ac2-4f1b-8da8-a8e9d785cad8 ok: 2026-05-18 17:58:50,585 INFO georag.ingest.derive derive.project start project_id=1cbba60c-6ac2-4f1b-8da8-a8e9d785cad8 collars=0
2026-05-18 17:58:50,585 INFO georag.ingest.derive derive.project done {'project_id': '1cbba60c-6ac2-4f1b-8da8-a8e9d785cad8', 'collars_total': 0, 'collars_emitted': 0, 'collars_skipped': 0, 'intervals_total': 0, 'samples_total': 0, 'ore_bands_total': 0}
{'project_id': '1cbba60c-6ac2-4f1b-8da8-a8e9d785cad8', 'collars_total': 0, 'collars_emitted': 0, 'collars_skipped': 0, 'intervals_total': 0, 'samples_total': 0, 'ore_bands_total': 0}
  [89] 52a4cced-dc1b-4545-9c2b-c144cfc2c649 ok: 2026-05-18 17:58:51,343 INFO georag.ingest.derive derive.project start project_id=52a4cced-dc1b-4545-9c2b-c144cfc2c649 collars=0
2026-05-18 17:58:51,344 INFO georag.ingest.derive derive.project done {'project_id': '52a4cced-dc1b-4545-9c2b-c144cfc2c649', 'collars_total': 0, 'collars_emitted': 0, 'collars_skipped': 0, 'intervals_total': 0, 'samples_total': 0, 'ore_bands_total': 0}
{'project_id': '52a4cced-dc1b-4545-9c2b-c144cfc2c649', 'collars_total': 0, 'collars_emitted': 0, 'collars_skipped': 0, 'intervals_total': 0, 'samples_total': 0, 'ore_bands_total': 0}
  [90] 1ef99392-c70e-4898-9ef8-286163c4e6b0 ok: 2026-05-18 17:58:52,122 INFO georag.ingest.derive derive.project start project_id=1ef99392-c70e-4898-9ef8-286163c4e6b0 collars=0
2026-05-18 17:58:52,122 INFO georag.ingest.derive derive.project done {'project_id': '1ef99392-c70e-4898-9ef8-286163c4e6b0', 'collars_total': 0, 'collars_emitted': 0, 'collars_skipped': 0, 'intervals_total': 0, 'samples_total': 0, 'ore_bands_total': 0}
{'project_id': '1ef99392-c70e-4898-9ef8-286163c4e6b0', 'collars_total': 0, 'collars_emitted': 0, 'collars_skipped': 0, 'intervals_total': 0, 'samples_total': 0, 'ore_bands_total': 0}
  [91] 18cfe811-451e-4d5b-af98-401fb09629c9 ok: 2026-05-18 17:58:52,903 INFO georag.ingest.derive derive.project start project_id=18cfe811-451e-4d5b-af98-401fb09629c9 collars=0
2026-05-18 17:58:52,903 INFO georag.ingest.derive derive.project done {'project_id': '18cfe811-451e-4d5b-af98-401fb09629c9', 'collars_total': 0, 'collars_emitted': 0, 'collars_skipped': 0, 'intervals_total': 0, 'samples_total': 0, 'ore_bands_total': 0}
{'project_id': '18cfe811-451e-4d5b-af98-401fb09629c9', 'collars_total': 0, 'collars_emitted': 0, 'collars_skipped': 0, 'intervals_total': 0, 'samples_total': 0, 'ore_bands_total': 0}
  [92] da277692-5862-4b94-87ad-0d2d53b0b286 ok: 2026-05-18 17:58:53,688 INFO georag.ingest.derive derive.project start project_id=da277692-5862-4b94-87ad-0d2d53b0b286 collars=0
2026-05-18 17:58:53,688 INFO georag.ingest.derive derive.project done {'project_id': 'da277692-5862-4b94-87ad-0d2d53b0b286', 'collars_total': 0, 'collars_emitted': 0, 'collars_skipped': 0, 'intervals_total': 0, 'samples_total': 0, 'ore_bands_total': 0}
{'project_id': 'da277692-5862-4b94-87ad-0d2d53b0b286', 'collars_total': 0, 'collars_emitted': 0, 'collars_skipped': 0, 'intervals_total': 0, 'samples_total': 0, 'ore_bands_total': 0}
  [93] 2cc3f1cf-7477-4538-a6c8-371862fb3ddc ok: 2026-05-18 17:58:54,579 INFO georag.ingest.derive derive.project start project_id=2cc3f1cf-7477-4538-a6c8-371862fb3ddc collars=0
2026-05-18 17:58:54,579 INFO georag.ingest.derive derive.project done {'project_id': '2cc3f1cf-7477-4538-a6c8-371862fb3ddc', 'collars_total': 0, 'collars_emitted': 0, 'collars_skipped': 0, 'intervals_total': 0, 'samples_total': 0, 'ore_bands_total': 0}
{'project_id': '2cc3f1cf-7477-4538-a6c8-371862fb3ddc', 'collars_total': 0, 'collars_emitted': 0, 'collars_skipped': 0, 'intervals_total': 0, 'samples_total': 0, 'ore_bands_total': 0}
  [94] 1ca24329-6f49-4ee2-b3eb-91c003b58074 ok: 2026-05-18 17:58:55,442 INFO georag.ingest.derive derive.project start project_id=1ca24329-6f49-4ee2-b3eb-91c003b58074 collars=0
2026-05-18 17:58:55,443 INFO georag.ingest.derive derive.project done {'project_id': '1ca24329-6f49-4ee2-b3eb-91c003b58074', 'collars_total': 0, 'collars_emitted': 0, 'collars_skipped': 0, 'intervals_total': 0, 'samples_total': 0, 'ore_bands_total': 0}
{'project_id': '1ca24329-6f49-4ee2-b3eb-91c003b58074', 'collars_total': 0, 'collars_emitted': 0, 'collars_skipped': 0, 'intervals_total': 0, 'samples_total': 0, 'ore_bands_total': 0}
  [95] 3a348c5a-19df-479f-ae7c-76353d926e11 ok: 2026-05-18 17:58:56,240 INFO georag.ingest.derive derive.project start project_id=3a348c5a-19df-479f-ae7c-76353d926e11 collars=0
2026-05-18 17:58:56,240 INFO georag.ingest.derive derive.project done {'project_id': '3a348c5a-19df-479f-ae7c-76353d926e11', 'collars_total': 0, 'collars_emitted': 0, 'collars_skipped': 0, 'intervals_total': 0, 'samples_total': 0, 'ore_bands_total': 0}
{'project_id': '3a348c5a-19df-479f-ae7c-76353d926e11', 'collars_total': 0, 'collars_emitted': 0, 'collars_skipped': 0, 'intervals_total': 0, 'samples_total': 0, 'ore_bands_total': 0}
  [96] f5c4aa0c-a78a-4bf7-9d5e-55cf9d63cf90 ok: 2026-05-18 17:58:57,077 INFO georag.ingest.derive derive.project start project_id=f5c4aa0c-a78a-4bf7-9d5e-55cf9d63cf90 collars=0
2026-05-18 17:58:57,077 INFO georag.ingest.derive derive.project done {'project_id': 'f5c4aa0c-a78a-4bf7-9d5e-55cf9d63cf90', 'collars_total': 0, 'collars_emitted': 0, 'collars_skipped': 0, 'intervals_total': 0, 'samples_total': 0, 'ore_bands_total': 0}
{'project_id': 'f5c4aa0c-a78a-4bf7-9d5e-55cf9d63cf90', 'collars_total': 0, 'collars_emitted': 0, 'collars_skipped': 0, 'intervals_total': 0, 'samples_total': 0, 'ore_bands_total': 0}
  [97] 73f149c3-8faa-4ddc-9979-0f0e0cffd8ee ok: 2026-05-18 17:58:57,934 INFO georag.ingest.derive derive.project start project_id=73f149c3-8faa-4ddc-9979-0f0e0cffd8ee collars=0
2026-05-18 17:58:57,934 INFO georag.ingest.derive derive.project done {'project_id': '73f149c3-8faa-4ddc-9979-0f0e0cffd8ee', 'collars_total': 0, 'collars_emitted': 0, 'collars_skipped': 0, 'intervals_total': 0, 'samples_total': 0, 'ore_bands_total': 0}
{'project_id': '73f149c3-8faa-4ddc-9979-0f0e0cffd8ee', 'collars_total': 0, 'collars_emitted': 0, 'collars_skipped': 0, 'intervals_total': 0, 'samples_total': 0, 'ore_bands_total': 0}
  [98] b948f4ec-1f87-4fd8-8395-ad4a1199d66f ok: 2026-05-18 17:58:58,731 INFO georag.ingest.derive derive.project start project_id=b948f4ec-1f87-4fd8-8395-ad4a1199d66f collars=0
2026-05-18 17:58:58,731 INFO georag.ingest.derive derive.project done {'project_id': 'b948f4ec-1f87-4fd8-8395-ad4a1199d66f', 'collars_total': 0, 'collars_emitted': 0, 'collars_skipped': 0, 'intervals_total': 0, 'samples_total': 0, 'ore_bands_total': 0}
{'project_id': 'b948f4ec-1f87-4fd8-8395-ad4a1199d66f', 'collars_total': 0, 'collars_emitted': 0, 'collars_skipped': 0, 'intervals_total': 0, 'samples_total': 0, 'ore_bands_total': 0}
  [99] 68a9ce37-d6a5-4917-861b-d710978a1e43 ok: 2026-05-18 17:58:59,571 INFO georag.ingest.derive derive.project start project_id=68a9ce37-d6a5-4917-861b-d710978a1e43 collars=0
2026-05-18 17:58:59,571 INFO georag.ingest.derive derive.project done {'project_id': '68a9ce37-d6a5-4917-861b-d710978a1e43', 'collars_total': 0, 'collars_emitted': 0, 'collars_skipped': 0, 'intervals_total': 0, 'samples_total': 0, 'ore_bands_total': 0}
{'project_id': '68a9ce37-d6a5-4917-861b-d710978a1e43', 'collars_total': 0, 'collars_emitted': 0, 'collars_skipped': 0, 'intervals_total': 0, 'samples_total': 0, 'ore_bands_total': 0}
  [100] 7cceb201-2f4d-4b9c-b586-3652c55ef21b ok: 2026-05-18 17:59:00,421 INFO georag.ingest.derive derive.project start project_id=7cceb201-2f4d-4b9c-b586-3652c55ef21b collars=0
2026-05-18 17:59:00,421 INFO georag.ingest.derive derive.project done {'project_id': '7cceb201-2f4d-4b9c-b586-3652c55ef21b', 'collars_total': 0, 'collars_emitted': 0, 'collars_skipped': 0, 'intervals_total': 0, 'samples_total': 0, 'ore_bands_total': 0}
{'project_id': '7cceb201-2f4d-4b9c-b586-3652c55ef21b', 'collars_total': 0, 'collars_emitted': 0, 'collars_skipped': 0, 'intervals_total': 0, 'samples_total': 0, 'ore_bands_total': 0}
  [101] 0a5ef9fa-c900-4336-90cd-83660e689d45 ok: 2026-05-18 17:59:01,201 INFO georag.ingest.derive derive.project start project_id=0a5ef9fa-c900-4336-90cd-83660e689d45 collars=0
2026-05-18 17:59:01,201 INFO georag.ingest.derive derive.project done {'project_id': '0a5ef9fa-c900-4336-90cd-83660e689d45', 'collars_total': 0, 'collars_emitted': 0, 'collars_skipped': 0, 'intervals_total': 0, 'samples_total': 0, 'ore_bands_total': 0}
{'project_id': '0a5ef9fa-c900-4336-90cd-83660e689d45', 'collars_total': 0, 'collars_emitted': 0, 'collars_skipped': 0, 'intervals_total': 0, 'samples_total': 0, 'ore_bands_total': 0}
  [102] 58738339-58b2-47ae-a090-ad1aed67ce5e ok: 2026-05-18 17:59:02,087 INFO georag.ingest.derive derive.project start project_id=58738339-58b2-47ae-a090-ad1aed67ce5e collars=0
2026-05-18 17:59:02,087 INFO georag.ingest.derive derive.project done {'project_id': '58738339-58b2-47ae-a090-ad1aed67ce5e', 'collars_total': 0, 'collars_emitted': 0, 'collars_skipped': 0, 'intervals_total': 0, 'samples_total': 0, 'ore_bands_total': 0}
{'project_id': '58738339-58b2-47ae-a090-ad1aed67ce5e', 'collars_total': 0, 'collars_emitted': 0, 'collars_skipped': 0, 'intervals_total': 0, 'samples_total': 0, 'ore_bands_total': 0}
  [103] 804da33a-dd80-433d-912f-635492fe6fd5 ok: 2026-05-18 17:59:02,958 INFO georag.ingest.derive derive.project start project_id=804da33a-dd80-433d-912f-635492fe6fd5 collars=0
2026-05-18 17:59:02,958 INFO georag.ingest.derive derive.project done {'project_id': '804da33a-dd80-433d-912f-635492fe6fd5', 'collars_total': 0, 'collars_emitted': 0, 'collars_skipped': 0, 'intervals_total': 0, 'samples_total': 0, 'ore_bands_total': 0}
{'project_id': '804da33a-dd80-433d-912f-635492fe6fd5', 'collars_total': 0, 'collars_emitted': 0, 'collars_skipped': 0, 'intervals_total': 0, 'samples_total': 0, 'ore_bands_total': 0}
  [104] 45aa1317-5130-468c-864f-247c07d06c09 ok: 2026-05-18 17:59:03,772 INFO georag.ingest.derive derive.project start project_id=45aa1317-5130-468c-864f-247c07d06c09 collars=0
2026-05-18 17:59:03,772 INFO georag.ingest.derive derive.project done {'project_id': '45aa1317-5130-468c-864f-247c07d06c09', 'collars_total': 0, 'collars_emitted': 0, 'collars_skipped': 0, 'intervals_total': 0, 'samples_total': 0, 'ore_bands_total': 0}
{'project_id': '45aa1317-5130-468c-864f-247c07d06c09', 'collars_total': 0, 'collars_emitted': 0, 'collars_skipped': 0, 'intervals_total': 0, 'samples_total': 0, 'ore_bands_total': 0}
  [105] 7083bc22-81da-4fb5-9342-c080294af6f4 ok: 2026-05-18 17:59:04,555 INFO georag.ingest.derive derive.project start project_id=7083bc22-81da-4fb5-9342-c080294af6f4 collars=0
2026-05-18 17:59:04,555 INFO georag.ingest.derive derive.project done {'project_id': '7083bc22-81da-4fb5-9342-c080294af6f4', 'collars_total': 0, 'collars_emitted': 0, 'collars_skipped': 0, 'intervals_total': 0, 'samples_total': 0, 'ore_bands_total': 0}
{'project_id': '7083bc22-81da-4fb5-9342-c080294af6f4', 'collars_total': 0, 'collars_emitted': 0, 'collars_skipped': 0, 'intervals_total': 0, 'samples_total': 0, 'ore_bands_total': 0}
  [106] 37a5410f-c13f-45a4-8552-cf0583731127 ok: 2026-05-18 17:59:05,312 INFO georag.ingest.derive derive.project start project_id=37a5410f-c13f-45a4-8552-cf0583731127 collars=0
2026-05-18 17:59:05,313 INFO georag.ingest.derive derive.project done {'project_id': '37a5410f-c13f-45a4-8552-cf0583731127', 'collars_total': 0, 'collars_emitted': 0, 'collars_skipped': 0, 'intervals_total': 0, 'samples_total': 0, 'ore_bands_total': 0}
{'project_id': '37a5410f-c13f-45a4-8552-cf0583731127', 'collars_total': 0, 'collars_emitted': 0, 'collars_skipped': 0, 'intervals_total': 0, 'samples_total': 0, 'ore_bands_total': 0}
  [107] 32777e62-2a16-4dbf-81bc-b6bfaedb94d1 ok: 2026-05-18 17:59:06,055 INFO georag.ingest.derive derive.project start project_id=32777e62-2a16-4dbf-81bc-b6bfaedb94d1 collars=0
2026-05-18 17:59:06,055 INFO georag.ingest.derive derive.project done {'project_id': '32777e62-2a16-4dbf-81bc-b6bfaedb94d1', 'collars_total': 0, 'collars_emitted': 0, 'collars_skipped': 0, 'intervals_total': 0, 'samples_total': 0, 'ore_bands_total': 0}
{'project_id': '32777e62-2a16-4dbf-81bc-b6bfaedb94d1', 'collars_total': 0, 'collars_emitted': 0, 'collars_skipped': 0, 'intervals_total': 0, 'samples_total': 0, 'ore_bands_total': 0}
  [108] 8395a18e-72d9-43e1-94c0-8588dce2158b ok: 2026-05-18 17:59:06,787 INFO georag.ingest.derive derive.project start project_id=8395a18e-72d9-43e1-94c0-8588dce2158b collars=0
2026-05-18 17:59:06,787 INFO georag.ingest.derive derive.project done {'project_id': '8395a18e-72d9-43e1-94c0-8588dce2158b', 'collars_total': 0, 'collars_emitted': 0, 'collars_skipped': 0, 'intervals_total': 0, 'samples_total': 0, 'ore_bands_total': 0}
{'project_id': '8395a18e-72d9-43e1-94c0-8588dce2158b', 'collars_total': 0, 'collars_emitted': 0, 'collars_skipped': 0, 'intervals_total': 0, 'samples_total': 0, 'ore_bands_total': 0}
  [109] 61101e81-718f-4e45-ad70-a5b7e5c11171 ok: 2026-05-18 17:59:07,591 INFO georag.ingest.derive derive.project start project_id=61101e81-718f-4e45-ad70-a5b7e5c11171 collars=0
2026-05-18 17:59:07,591 INFO georag.ingest.derive derive.project done {'project_id': '61101e81-718f-4e45-ad70-a5b7e5c11171', 'collars_total': 0, 'collars_emitted': 0, 'collars_skipped': 0, 'intervals_total': 0, 'samples_total': 0, 'ore_bands_total': 0}
{'project_id': '61101e81-718f-4e45-ad70-a5b7e5c11171', 'collars_total': 0, 'collars_emitted': 0, 'collars_skipped': 0, 'intervals_total': 0, 'samples_total': 0, 'ore_bands_total': 0}
  [110] c96eda52-1629-4bcb-b963-9f5b3e6c6d2d ok: 2026-05-18 17:59:08,387 INFO georag.ingest.derive derive.project start project_id=c96eda52-1629-4bcb-b963-9f5b3e6c6d2d collars=0
2026-05-18 17:59:08,388 INFO georag.ingest.derive derive.project done {'project_id': 'c96eda52-1629-4bcb-b963-9f5b3e6c6d2d', 'collars_total': 0, 'collars_emitted': 0, 'collars_skipped': 0, 'intervals_total': 0, 'samples_total': 0, 'ore_bands_total': 0}
{'project_id': 'c96eda52-1629-4bcb-b963-9f5b3e6c6d2d', 'collars_total': 0, 'collars_emitted': 0, 'collars_skipped': 0, 'intervals_total': 0, 'samples_total': 0, 'ore_bands_total': 0}
  [111] 3ec7d6c2-b0aa-4ca0-8f53-47b7081c56a7 ok: 2026-05-18 17:59:09,174 INFO georag.ingest.derive derive.project start project_id=3ec7d6c2-b0aa-4ca0-8f53-47b7081c56a7 collars=0
2026-05-18 17:59:09,174 INFO georag.ingest.derive derive.project done {'project_id': '3ec7d6c2-b0aa-4ca0-8f53-47b7081c56a7', 'collars_total': 0, 'collars_emitted': 0, 'collars_skipped': 0, 'intervals_total': 0, 'samples_total': 0, 'ore_bands_total': 0}
{'project_id': '3ec7d6c2-b0aa-4ca0-8f53-47b7081c56a7', 'collars_total': 0, 'collars_emitted': 0, 'collars_skipped': 0, 'intervals_total': 0, 'samples_total': 0, 'ore_bands_total': 0}
  [112] 2472fa96-da9e-47c6-a5ab-65c772ebd62c ok: 2026-05-18 17:59:09,952 INFO georag.ingest.derive derive.project start project_id=2472fa96-da9e-47c6-a5ab-65c772ebd62c collars=0
2026-05-18 17:59:09,952 INFO georag.ingest.derive derive.project done {'project_id': '2472fa96-da9e-47c6-a5ab-65c772ebd62c', 'collars_total': 0, 'collars_emitted': 0, 'collars_skipped': 0, 'intervals_total': 0, 'samples_total': 0, 'ore_bands_total': 0}
{'project_id': '2472fa96-da9e-47c6-a5ab-65c772ebd62c', 'collars_total': 0, 'collars_emitted': 0, 'collars_skipped': 0, 'intervals_total': 0, 'samples_total': 0, 'ore_bands_total': 0}
  [113] 264479c4-dbfb-4164-8fa2-916a853041da ok: 2026-05-18 17:59:10,713 INFO georag.ingest.derive derive.project start project_id=264479c4-dbfb-4164-8fa2-916a853041da collars=0
2026-05-18 17:59:10,713 INFO georag.ingest.derive derive.project done {'project_id': '264479c4-dbfb-4164-8fa2-916a853041da', 'collars_total': 0, 'collars_emitted': 0, 'collars_skipped': 0, 'intervals_total': 0, 'samples_total': 0, 'ore_bands_total': 0}
{'project_id': '264479c4-dbfb-4164-8fa2-916a853041da', 'collars_total': 0, 'collars_emitted': 0, 'collars_skipped': 0, 'intervals_total': 0, 'samples_total': 0, 'ore_bands_total': 0}
  [114] ec743e7a-839c-439f-b6d1-5c300865617a ok: 2026-05-18 17:59:11,445 INFO georag.ingest.derive derive.project start project_id=ec743e7a-839c-439f-b6d1-5c300865617a collars=0
2026-05-18 17:59:11,445 INFO georag.ingest.derive derive.project done {'project_id': 'ec743e7a-839c-439f-b6d1-5c300865617a', 'collars_total': 0, 'collars_emitted': 0, 'collars_skipped': 0, 'intervals_total': 0, 'samples_total': 0, 'ore_bands_total': 0}
{'project_id': 'ec743e7a-839c-439f-b6d1-5c300865617a', 'collars_total': 0, 'collars_emitted': 0, 'collars_skipped': 0, 'intervals_total': 0, 'samples_total': 0, 'ore_bands_total': 0}
  [115] d0d8c500-2c10-4da9-b512-013d8251b7f9 ok: 2026-05-18 17:59:12,220 INFO georag.ingest.derive derive.project start project_id=d0d8c500-2c10-4da9-b512-013d8251b7f9 collars=0
2026-05-18 17:59:12,220 INFO georag.ingest.derive derive.project done {'project_id': 'd0d8c500-2c10-4da9-b512-013d8251b7f9', 'collars_total': 0, 'collars_emitted': 0, 'collars_skipped': 0, 'intervals_total': 0, 'samples_total': 0, 'ore_bands_total': 0}
{'project_id': 'd0d8c500-2c10-4da9-b512-013d8251b7f9', 'collars_total': 0, 'collars_emitted': 0, 'collars_skipped': 0, 'intervals_total': 0, 'samples_total': 0, 'ore_bands_total': 0}
  [116] edea0ef5-b146-40f8-b58f-94f8bca5075b ok: 2026-05-18 17:59:13,009 INFO georag.ingest.derive derive.project start project_id=edea0ef5-b146-40f8-b58f-94f8bca5075b collars=0
2026-05-18 17:59:13,009 INFO georag.ingest.derive derive.project done {'project_id': 'edea0ef5-b146-40f8-b58f-94f8bca5075b', 'collars_total': 0, 'collars_emitted': 0, 'collars_skipped': 0, 'intervals_total': 0, 'samples_total': 0, 'ore_bands_total': 0}
{'project_id': 'edea0ef5-b146-40f8-b58f-94f8bca5075b', 'collars_total': 0, 'collars_emitted': 0, 'collars_skipped': 0, 'intervals_total': 0, 'samples_total': 0, 'ore_bands_total': 0}
  [117] 9ceb4e57-f825-4e06-a285-3e1dd441bfeb ok: 2026-05-18 17:59:13,788 INFO georag.ingest.derive derive.project start project_id=9ceb4e57-f825-4e06-a285-3e1dd441bfeb collars=0
2026-05-18 17:59:13,788 INFO georag.ingest.derive derive.project done {'project_id': '9ceb4e57-f825-4e06-a285-3e1dd441bfeb', 'collars_total': 0, 'collars_emitted': 0, 'collars_skipped': 0, 'intervals_total': 0, 'samples_total': 0, 'ore_bands_total': 0}
{'project_id': '9ceb4e57-f825-4e06-a285-3e1dd441bfeb', 'collars_total': 0, 'collars_emitted': 0, 'collars_skipped': 0, 'intervals_total': 0, 'samples_total': 0, 'ore_bands_total': 0}
==> Done: total=117 ok=117 empty=0 fail=0
