==> Phase: KG sync for every project
  [1] sync cameco-shirley-basin (762b147e-af53-4593-b569-04ee46f31d97)
  sync result: KGSyncResult(project_id='762b147e-af53-4593-b569-04ee46f31d97', project_node_count=1, drillhole_node_count=66, formation_node_count=3, deposit_node_count=1, report_node_count=1109, relationships=1179, errors=[])
  [2] sync gas-hills-033n089w28 (cb067754-b191-4b62-a6a5-0f0712d29a8d)
  sync result: KGSyncResult(project_id='cb067754-b191-4b62-a6a5-0f0712d29a8d', project_node_count=1, drillhole_node_count=94, formation_node_count=3, deposit_node_count=1, report_node_count=1, relationships=99, errors=[])
  [3] sync phantom-lake-silver (019d74a1-fba8-7165-9ae6-a5bf93eef97d)
  sync result: KGSyncResult(project_id='019d74a1-fba8-7165-9ae6-a5bf93eef97d', project_node_count=1, drillhole_node_count=20, formation_node_count=1, deposit_node_count=1, report_node_count=0, relationships=22, errors=[])
  [4] sync wsgs-uranium-018n110w36 (df4980b0-119e-413c-8f86-5a6117d3b3e5)
  sync result: KGSyncResult(project_id='df4980b0-119e-413c-8f86-5a6117d3b3e5', project_node_count=1, drillhole_node_count=0, formation_node_count=1, deposit_node_count=1, report_node_count=0, relationships=2, errors=[])
  [5] sync wsgs-uranium-024n091w11 (d7626d4f-1d99-467f-8331-d1bedca7d9f4)
  sync result: KGSyncResult(project_id='d7626d4f-1d99-467f-8331-d1bedca7d9f4', project_node_count=1, drillhole_node_count=0, formation_node_count=1, deposit_node_count=1, report_node_count=0, relationships=2, errors=[])
  [6] sync wsgs-uranium-025n090w04 (8ddbf229-9860-4db0-96eb-6c77dcf4e987)
  sync result: KGSyncResult(project_id='8ddbf229-9860-4db0-96eb-6c77dcf4e987', project_node_count=1, drillhole_node_count=0, formation_node_count=1, deposit_node_count=1, report_node_count=0, relationships=2, errors=[])
  [7] sync wsgs-uranium-025n090w05 (e9e2809c-25e4-4a6e-8e7c-b78f3d6f006d)
  sync result: KGSyncResult(project_id='e9e2809c-25e4-4a6e-8e7c-b78f3d6f006d', project_node_count=1, drillhole_node_count=0, formation_node_count=1, deposit_node_count=1, report_node_count=0, relationships=2, errors=[])
  [8] sync wsgs-uranium-025n090w06 (159faea4-d106-40a6-8c5f-7850fbf9b584)
  sync result: KGSyncResult(project_id='159faea4-d106-40a6-8c5f-7850fbf9b584', project_node_count=1, drillhole_node_count=0, formation_node_count=1, deposit_node_count=1, report_node_count=0, relationships=2, errors=[])
  [9] sync wsgs-uranium-025n091w01 (a62512c9-d449-4164-8c93-c09502c71090)
  sync result: KGSyncResult(project_id='a62512c9-d449-4164-8c93-c09502c71090', project_node_count=1, drillhole_node_count=0, formation_node_count=1, deposit_node_count=1, report_node_count=0, relationships=2, errors=[])
  [10] sync wsgs-uranium-025n091w02 (a198a1f8-b75b-4922-8d43-67589b41ec5f)
  sync result: KGSyncResult(project_id='a198a1f8-b75b-4922-8d43-67589b41ec5f', project_node_count=1, drillhole_node_count=0, formation_node_count=1, deposit_node_count=1, report_node_count=0, relationships=2, errors=[])
  [11] sync wsgs-uranium-025n091w13 (2c8b7f37-901f-4f8b-b4c2-ec1f78f6f80e)
  sync result: KGSyncResult(project_id='2c8b7f37-901f-4f8b-b4c2-ec1f78f6f80e', project_node_count=1, drillhole_node_count=0, formation_node_count=1, deposit_node_count=1, report_node_count=0, relationships=2, errors=[])
  [12] sync wsgs-uranium-026n090w05 (7225185a-dd84-45e7-89d3-eef5db6f9912)
  sync result: KGSyncResult(project_id='7225185a-dd84-45e7-89d3-eef5db6f9912', project_node_count=1, drillhole_node_count=0, formation_node_count=1, deposit_node_count=1, report_node_count=0, relationships=2, errors=[])
  [13] sync wsgs-uranium-026n090w08 (560cf796-1ef2-408d-9a55-efdd0ffe5754)
  sync result: KGSyncResult(project_id='560cf796-1ef2-408d-9a55-efdd0ffe5754', project_node_count=1, drillhole_node_count=0, formation_node_count=1, deposit_node_count=1, report_node_count=0, relationships=2, errors=[])
  [14] sync wsgs-uranium-026n090w09 (0f8fc0a4-78df-4c78-bc1a-0f890e1cbd8c)
  sync result: KGSyncResult(project_id='0f8fc0a4-78df-4c78-bc1a-0f890e1cbd8c', project_node_count=1, drillhole_node_count=0, formation_node_count=1, deposit_node_count=1, report_node_count=0, relationships=2, errors=[])
  [15] sync wsgs-uranium-026n090w20 (ece5656c-e4ee-4978-8e50-f0b3f2cebabf)
  sync result: KGSyncResult(project_id='ece5656c-e4ee-4978-8e50-f0b3f2cebabf', project_node_count=1, drillhole_node_count=0, formation_node_count=1, deposit_node_count=1, report_node_count=0, relationships=2, errors=[])
  [16] sync wsgs-uranium-026n090w29 (b04c041c-440d-49f6-96f2-7874b3f2ecc8)
  sync result: KGSyncResult(project_id='b04c041c-440d-49f6-96f2-7874b3f2ecc8', project_node_count=1, drillhole_node_count=0, formation_node_count=1, deposit_node_count=1, report_node_count=0, relationships=2, errors=[])
  [17] sync wsgs-uranium-026n091w02 (51b48559-90ff-47fd-838d-5ed38587ca6a)
  sync result: KGSyncResult(project_id='51b48559-90ff-47fd-838d-5ed38587ca6a', project_node_count=1, drillhole_node_count=0, formation_node_count=1, deposit_node_count=1, report_node_count=0, relationships=2, errors=[])
  [18] sync wsgs-uranium-026n091w04 (1c4860d2-00b7-4a5a-bf21-3c728c435185)
  sync result: KGSyncResult(project_id='1c4860d2-00b7-4a5a-bf21-3c728c435185', project_node_count=1, drillhole_node_count=0, formation_node_count=1, deposit_node_count=1, report_node_count=0, relationships=2, errors=[])
  [19] sync wsgs-uranium-026n091w07 (ce247f2b-88f1-4cbb-b3f3-825d5bf50e22)
  sync result: KGSyncResult(project_id='ce247f2b-88f1-4cbb-b3f3-825d5bf50e22', project_node_count=1, drillhole_node_count=0, formation_node_count=1, deposit_node_count=1, report_node_count=0, relationships=2, errors=[])
  [20] sync wsgs-uranium-026n091w27 (45f2fc20-1679-4212-a064-884d6ca11dbd)
  sync result: KGSyncResult(project_id='45f2fc20-1679-4212-a064-884d6ca11dbd', project_node_count=1, drillhole_node_count=0, formation_node_count=1, deposit_node_count=1, report_node_count=0, relationships=2, errors=[])
  [21] sync wsgs-uranium-026n091w32 (7d5ffe91-e79b-415c-b0fa-ec59b9f73ae8)
  sync result: KGSyncResult(project_id='7d5ffe91-e79b-415c-b0fa-ec59b9f73ae8', project_node_count=1, drillhole_node_count=0, formation_node_count=1, deposit_node_count=1, report_node_count=0, relationships=2, errors=[])
  [22] sync wsgs-uranium-026n091w33 (c8373541-93cb-461f-a20f-0acf96617789)
  sync result: KGSyncResult(project_id='c8373541-93cb-461f-a20f-0acf96617789', project_node_count=1, drillhole_node_count=0, formation_node_count=1, deposit_node_count=1, report_node_count=0, relationships=2, errors=[])
  [23] sync wsgs-uranium-027n077w19 (57631c22-f4df-44be-bd10-60f34acd0098)
  sync result: KGSyncResult(project_id='57631c22-f4df-44be-bd10-60f34acd0098', project_node_count=1, drillhole_node_count=0, formation_node_count=1, deposit_node_count=1, report_node_count=0, relationships=2, errors=[])
  [24] sync wsgs-uranium-027n078w04 (9812469c-605b-4098-b81d-af8e3a2033d3)
  sync result: KGSyncResult(project_id='9812469c-605b-4098-b81d-af8e3a2033d3', project_node_count=1, drillhole_node_count=0, formation_node_count=1, deposit_node_count=1, report_node_count=0, relationships=2, errors=[])
  [25] sync wsgs-uranium-027n078w09 (8d76b368-7cb2-4548-959b-a6903e8caa7e)
  sync result: KGSyncResult(project_id='8d76b368-7cb2-4548-959b-a6903e8caa7e', project_node_count=1, drillhole_node_count=0, formation_node_count=1, deposit_node_count=1, report_node_count=0, relationships=2, errors=[])
  [26] sync wsgs-uranium-027n078w10 (1160d799-427f-48ff-aa0e-a7258ddefaee)
  sync result: KGSyncResult(project_id='1160d799-427f-48ff-aa0e-a7258ddefaee', project_node_count=1, drillhole_node_count=0, formation_node_count=1, deposit_node_count=1, report_node_count=0, relationships=2, errors=[])
  [27] sync wsgs-uranium-027n078w13 (d8b6652b-e5f1-4108-9b6d-296359897aaa)
  sync result: KGSyncResult(project_id='d8b6652b-e5f1-4108-9b6d-296359897aaa', project_node_count=1, drillhole_node_count=0, formation_node_count=1, deposit_node_count=1, report_node_count=0, relationships=2, errors=[])
  [28] sync wsgs-uranium-027n078w14 (3e713945-68e7-4a5a-9dcc-89a328d265d8)
  sync result: KGSyncResult(project_id='3e713945-68e7-4a5a-9dcc-89a328d265d8', project_node_count=1, drillhole_node_count=0, formation_node_count=1, deposit_node_count=1, report_node_count=0, relationships=2, errors=[])
  [29] sync wsgs-uranium-027n078w33 (3be0fc66-14e9-4751-85d6-6a152563d4f0)
  sync result: KGSyncResult(project_id='3be0fc66-14e9-4751-85d6-6a152563d4f0', project_node_count=1, drillhole_node_count=0, formation_node_count=1, deposit_node_count=1, report_node_count=0, relationships=2, errors=[])
  [30] sync wsgs-uranium-027n079w01 (11a834c1-fdd0-47db-978d-9a90cacd7e69)
  sync result: KGSyncResult(project_id='11a834c1-fdd0-47db-978d-9a90cacd7e69', project_node_count=1, drillhole_node_count=0, formation_node_count=1, deposit_node_count=1, report_node_count=0, relationships=2, errors=[])
  [31] sync wsgs-uranium-027n079w02 (5f957bdd-cd68-4c53-acbb-5f075f25ad80)
  sync result: KGSyncResult(project_id='5f957bdd-cd68-4c53-acbb-5f075f25ad80', project_node_count=1, drillhole_node_count=0, formation_node_count=1, deposit_node_count=1, report_node_count=0, relationships=2, errors=[])
  [32] sync wsgs-uranium-027n079w03 (79209632-cb21-46b8-a768-ba6d975c9372)
  sync result: KGSyncResult(project_id='79209632-cb21-46b8-a768-ba6d975c9372', project_node_count=1, drillhole_node_count=0, formation_node_count=1, deposit_node_count=1, report_node_count=0, relationships=2, errors=[])
  [33] sync wsgs-uranium-027n079w09 (80ffc5e5-3138-43c0-b246-0dd584a98bc7)
  sync result: KGSyncResult(project_id='80ffc5e5-3138-43c0-b246-0dd584a98bc7', project_node_count=1, drillhole_node_count=0, formation_node_count=1, deposit_node_count=1, report_node_count=0, relationships=2, errors=[])
  [34] sync wsgs-uranium-027n079w10 (1a17f6d6-5b20-482e-9ca3-30e05f300018)
  sync result: KGSyncResult(project_id='1a17f6d6-5b20-482e-9ca3-30e05f300018', project_node_count=1, drillhole_node_count=0, formation_node_count=1, deposit_node_count=1, report_node_count=0, relationships=2, errors=[])
  [35] sync wsgs-uranium-027n079w11 (27a3505b-8f3b-4705-bfdb-cf483e59444d)
  sync result: KGSyncResult(project_id='27a3505b-8f3b-4705-bfdb-cf483e59444d', project_node_count=1, drillhole_node_count=0, formation_node_count=1, deposit_node_count=1, report_node_count=0, relationships=2, errors=[])
  [36] sync wsgs-uranium-027n079w14 (cf5372a9-be0d-428e-9e5c-76a2b32494af)
  sync result: KGSyncResult(project_id='cf5372a9-be0d-428e-9e5c-76a2b32494af', project_node_count=1, drillhole_node_count=0, formation_node_count=1, deposit_node_count=1, report_node_count=0, relationships=2, errors=[])
  [37] sync wsgs-uranium-027n079w35 (d3a10baa-ab6b-48a1-88f0-8107b0de793e)
  sync result: KGSyncResult(project_id='d3a10baa-ab6b-48a1-88f0-8107b0de793e', project_node_count=1, drillhole_node_count=0, formation_node_count=1, deposit_node_count=1, report_node_count=0, relationships=2, errors=[])
  [38] sync wsgs-uranium-027n080w10 (271e25c6-7652-4036-8e90-d2ec8345343e)
  sync result: KGSyncResult(project_id='271e25c6-7652-4036-8e90-d2ec8345343e', project_node_count=1, drillhole_node_count=0, formation_node_count=1, deposit_node_count=1, report_node_count=0, relationships=2, errors=[])
  [39] sync wsgs-uranium-027n080w11 (39f6a226-162b-42ac-91f1-8ae7a9c2ffa8)
  sync result: KGSyncResult(project_id='39f6a226-162b-42ac-91f1-8ae7a9c2ffa8', project_node_count=1, drillhole_node_count=0, formation_node_count=1, deposit_node_count=1, report_node_count=0, relationships=2, errors=[])
  [40] sync wsgs-uranium-027n091w16 (0dce84f9-b21d-462f-bc0e-6c9c60f3b0ef)
  sync result: KGSyncResult(project_id='0dce84f9-b21d-462f-bc0e-6c9c60f3b0ef', project_node_count=1, drillhole_node_count=0, formation_node_count=1, deposit_node_count=1, report_node_count=0, relationships=2, errors=[])
  [41] sync wsgs-uranium-027n091w17 (134cac8e-8dab-415f-bf26-ff57ad48cc90)
  sync result: KGSyncResult(project_id='134cac8e-8dab-415f-bf26-ff57ad48cc90', project_node_count=1, drillhole_node_count=0, formation_node_count=1, deposit_node_count=1, report_node_count=0, relationships=2, errors=[])
  [42] sync wsgs-uranium-027n091w19 (0c7b9b74-69a2-4ebe-9210-e42a331b02d0)
  sync result: KGSyncResult(project_id='0c7b9b74-69a2-4ebe-9210-e42a331b02d0', project_node_count=1, drillhole_node_count=0, formation_node_count=1, deposit_node_count=1, report_node_count=0, relationships=2, errors=[])
  [43] sync wsgs-uranium-027n091w20 (c5c3d1d0-faa5-449a-8c59-85ee55f1af40)
  sync result: KGSyncResult(project_id='c5c3d1d0-faa5-449a-8c59-85ee55f1af40', project_node_count=1, drillhole_node_count=0, formation_node_count=1, deposit_node_count=1, report_node_count=0, relationships=2, errors=[])
  [44] sync wsgs-uranium-027n091w23 (f793a2a9-b60f-4e73-bb56-b9e085ebc3b0)
  sync result: KGSyncResult(project_id='f793a2a9-b60f-4e73-bb56-b9e085ebc3b0', project_node_count=1, drillhole_node_count=0, formation_node_count=1, deposit_node_count=1, report_node_count=0, relationships=2, errors=[])
  [45] sync wsgs-uranium-027n091w24 (9b9ea02d-29fd-4874-bba2-567d1ddfc90b)
  sync result: KGSyncResult(project_id='9b9ea02d-29fd-4874-bba2-567d1ddfc90b', project_node_count=1, drillhole_node_count=0, formation_node_count=1, deposit_node_count=1, report_node_count=0, relationships=2, errors=[])
  [46] sync wsgs-uranium-027n091w25 (4a0657ef-ec2f-4f27-95e0-5066fbd83a3e)
  sync result: KGSyncResult(project_id='4a0657ef-ec2f-4f27-95e0-5066fbd83a3e', project_node_count=1, drillhole_node_count=0, formation_node_count=1, deposit_node_count=1, report_node_count=0, relationships=2, errors=[])
  [47] sync wsgs-uranium-027n091w27 (d866a9cb-9375-45eb-88bf-8e81b58f94b4)
  sync result: KGSyncResult(project_id='d866a9cb-9375-45eb-88bf-8e81b58f94b4', project_node_count=1, drillhole_node_count=0, formation_node_count=1, deposit_node_count=1, report_node_count=0, relationships=2, errors=[])
  [48] sync wsgs-uranium-027n091w33 (9a389632-6618-4f1b-9dd5-7da79d9071f1)
  sync result: KGSyncResult(project_id='9a389632-6618-4f1b-9dd5-7da79d9071f1', project_node_count=1, drillhole_node_count=0, formation_node_count=1, deposit_node_count=1, report_node_count=0, relationships=2, errors=[])
  [49] sync wsgs-uranium-027n091w35 (7830fe95-3172-4d4f-bf82-dd105e6f805a)
  sync result: KGSyncResult(project_id='7830fe95-3172-4d4f-bf82-dd105e6f805a', project_node_count=1, drillhole_node_count=0, formation_node_count=1, deposit_node_count=1, report_node_count=0, relationships=2, errors=[])
  [50] sync wsgs-uranium-027n091w36 (26721431-3774-4fce-baf8-19311a0fe2bf)
  sync result: KGSyncResult(project_id='26721431-3774-4fce-baf8-19311a0fe2bf', project_node_count=1, drillhole_node_count=0, formation_node_count=1, deposit_node_count=1, report_node_count=0, relationships=2, errors=[])
  [51] sync wsgs-uranium-027n093w03 (30c91acf-83eb-4891-858f-8a0049154d9e)
  sync result: KGSyncResult(project_id='30c91acf-83eb-4891-858f-8a0049154d9e', project_node_count=1, drillhole_node_count=0, formation_node_count=1, deposit_node_count=1, report_node_count=0, relationships=2, errors=[])
  [52] sync wsgs-uranium-027n093w14 (9a5d2bd5-4515-4ead-a9ea-27a6e74077ab)
  sync result: KGSyncResult(project_id='9a5d2bd5-4515-4ead-a9ea-27a6e74077ab', project_node_count=1, drillhole_node_count=0, formation_node_count=1, deposit_node_count=1, report_node_count=0, relationships=2, errors=[])
  [53] sync wsgs-uranium-027n093w15 (ffc4f1d5-1cc8-43b3-9d16-f303da0b076c)
  sync result: KGSyncResult(project_id='ffc4f1d5-1cc8-43b3-9d16-f303da0b076c', project_node_count=1, drillhole_node_count=0, formation_node_count=1, deposit_node_count=1, report_node_count=0, relationships=2, errors=[])
  [54] sync wsgs-uranium-028n065w29 (4c88b271-20f7-479c-b296-936f07b84d36)
  sync result: KGSyncResult(project_id='4c88b271-20f7-479c-b296-936f07b84d36', project_node_count=1, drillhole_node_count=0, formation_node_count=1, deposit_node_count=1, report_node_count=0, relationships=2, errors=[])
  [55] sync wsgs-uranium-028n065w31 (f09babd6-a141-43bb-b6f0-035f6e72f8a8)
  sync result: KGSyncResult(project_id='f09babd6-a141-43bb-b6f0-035f6e72f8a8', project_node_count=1, drillhole_node_count=0, formation_node_count=1, deposit_node_count=1, report_node_count=0, relationships=2, errors=[])
  [56] sync wsgs-uranium-028n066w20 (9486548f-57f5-41c0-a9d9-e68bc6322876)
  sync result: KGSyncResult(project_id='9486548f-57f5-41c0-a9d9-e68bc6322876', project_node_count=1, drillhole_node_count=0, formation_node_count=1, deposit_node_count=1, report_node_count=0, relationships=2, errors=[])
  [57] sync wsgs-uranium-028n077w12 (413be833-7016-4f15-82ef-21797e3b715d)
  sync result: KGSyncResult(project_id='413be833-7016-4f15-82ef-21797e3b715d', project_node_count=1, drillhole_node_count=0, formation_node_count=1, deposit_node_count=1, report_node_count=0, relationships=2, errors=[])
  [58] sync wsgs-uranium-028n078w28 (42f7be22-dcd3-44a6-9130-a85447ca25ac)
  sync result: KGSyncResult(project_id='42f7be22-dcd3-44a6-9130-a85447ca25ac', project_node_count=1, drillhole_node_count=0, formation_node_count=1, deposit_node_count=1, report_node_count=0, relationships=2, errors=[])
  [59] sync wsgs-uranium-028n078w36 (720a2c60-66b8-4479-a219-2ee448def220)
  sync result: KGSyncResult(project_id='720a2c60-66b8-4479-a219-2ee448def220', project_node_count=1, drillhole_node_count=0, formation_node_count=1, deposit_node_count=1, report_node_count=0, relationships=2, errors=[])
  [60] sync wsgs-uranium-028n079w34 (f5e2be38-4086-4532-bed5-9d7f3482c8ff)
  sync result: KGSyncResult(project_id='f5e2be38-4086-4532-bed5-9d7f3482c8ff', project_node_count=1, drillhole_node_count=0, formation_node_count=1, deposit_node_count=1, report_node_count=0, relationships=2, errors=[])
  [61] sync wsgs-uranium-028n079w35 (b707a26b-d0cb-4e4b-ace2-9be0bfa3e9d2)
  sync result: KGSyncResult(project_id='b707a26b-d0cb-4e4b-ace2-9be0bfa3e9d2', project_node_count=1, drillhole_node_count=0, formation_node_count=1, deposit_node_count=1, report_node_count=0, relationships=2, errors=[])
  [62] sync wsgs-uranium-029n065w19 (546588e8-36b1-4239-ba8f-3343d3251021)
  sync result: KGSyncResult(project_id='546588e8-36b1-4239-ba8f-3343d3251021', project_node_count=1, drillhole_node_count=0, formation_node_count=1, deposit_node_count=1, report_node_count=0, relationships=2, errors=[])
  [63] sync wsgs-uranium-031n092w01 (e7e9d82e-a112-4671-a3bd-fa5077306ba0)
  sync result: KGSyncResult(project_id='e7e9d82e-a112-4671-a3bd-fa5077306ba0', project_node_count=1, drillhole_node_count=0, formation_node_count=1, deposit_node_count=1, report_node_count=0, relationships=2, errors=[])
  [64] sync wsgs-uranium-031n092w09 (1a57c66c-39ac-4b9f-b5fc-7466fba5ebd7)
  sync result: KGSyncResult(project_id='1a57c66c-39ac-4b9f-b5fc-7466fba5ebd7', project_node_count=1, drillhole_node_count=0, formation_node_count=1, deposit_node_count=1, report_node_count=0, relationships=2, errors=[])
  [65] sync wsgs-uranium-031n092w12 (46cbd386-eebc-4840-8e39-7cb8ea8d0b63)
  sync result: KGSyncResult(project_id='46cbd386-eebc-4840-8e39-7cb8ea8d0b63', project_node_count=1, drillhole_node_count=0, formation_node_count=1, deposit_node_count=1, report_node_count=0, relationships=2, errors=[])
  [66] sync wsgs-uranium-031n092w16 (63f629f8-a1ed-4016-86a1-43a6ff2cad62)
  sync result: KGSyncResult(project_id='63f629f8-a1ed-4016-86a1-43a6ff2cad62', project_node_count=1, drillhole_node_count=0, formation_node_count=1, deposit_node_count=1, report_node_count=0, relationships=2, errors=[])
  [67] sync wsgs-uranium-031n092w36 (779d592f-8c9d-4249-98e2-075f07b390a9)
  sync result: KGSyncResult(project_id='779d592f-8c9d-4249-98e2-075f07b390a9', project_node_count=1, drillhole_node_count=0, formation_node_count=1, deposit_node_count=1, report_node_count=0, relationships=2, errors=[])
  [68] sync wsgs-uranium-031n093w01 (613f1c61-a9df-450c-a408-a75fd1c8c6f0)
  sync result: KGSyncResult(project_id='613f1c61-a9df-450c-a408-a75fd1c8c6f0', project_node_count=1, drillhole_node_count=0, formation_node_count=1, deposit_node_count=1, report_node_count=0, relationships=2, errors=[])
  [69] sync wsgs-uranium-031n093w02 (75545754-f0ef-41c4-9639-c221a2e18dd8)
  sync result: KGSyncResult(project_id='75545754-f0ef-41c4-9639-c221a2e18dd8', project_node_count=1, drillhole_node_count=0, formation_node_count=1, deposit_node_count=1, report_node_count=0, relationships=2, errors=[])
  [70] sync wsgs-uranium-032n092w01 (0fa53414-eb31-4bef-bca5-7ce58392ed1a)
  sync result: KGSyncResult(project_id='0fa53414-eb31-4bef-bca5-7ce58392ed1a', project_node_count=1, drillhole_node_count=0, formation_node_count=1, deposit_node_count=1, report_node_count=0, relationships=2, errors=[])
  [71] sync wsgs-uranium-032n092w07 (d9fb89f7-275f-471a-ad11-1d06946ce285)
  sync result: KGSyncResult(project_id='d9fb89f7-275f-471a-ad11-1d06946ce285', project_node_count=1, drillhole_node_count=0, formation_node_count=1, deposit_node_count=1, report_node_count=0, relationships=2, errors=[])
  [72] sync wsgs-uranium-032n092w15 (9cf08f26-7550-4a4d-a783-b41f612c9c99)
  sync result: KGSyncResult(project_id='9cf08f26-7550-4a4d-a783-b41f612c9c99', project_node_count=1, drillhole_node_count=0, formation_node_count=1, deposit_node_count=1, report_node_count=0, relationships=2, errors=[])
  [73] sync wsgs-uranium-032n092w16 (8b1e8cf4-e7e7-4317-9922-98e953084fc4)
  sync result: KGSyncResult(project_id='8b1e8cf4-e7e7-4317-9922-98e953084fc4', project_node_count=1, drillhole_node_count=0, formation_node_count=1, deposit_node_count=1, report_node_count=0, relationships=2, errors=[])
  [74] sync wsgs-uranium-032n092w36 (f78e9c7e-b29a-4f87-a9e9-fb7ef4844e67)
  sync result: KGSyncResult(project_id='f78e9c7e-b29a-4f87-a9e9-fb7ef4844e67', project_node_count=1, drillhole_node_count=0, formation_node_count=1, deposit_node_count=1, report_node_count=2, relationships=4, errors=[])
  [75] sync wsgs-uranium-032n093w35 (f40b3a53-5d1d-4505-8157-8fc1e660ca13)
  sync result: KGSyncResult(project_id='f40b3a53-5d1d-4505-8157-8fc1e660ca13', project_node_count=1, drillhole_node_count=0, formation_node_count=1, deposit_node_count=1, report_node_count=0, relationships=2, errors=[])
  [76] sync wsgs-uranium-032n093w36 (151c3afe-3698-49f1-bc04-455012dd7973)
  sync result: KGSyncResult(project_id='151c3afe-3698-49f1-bc04-455012dd7973', project_node_count=1, drillhole_node_count=0, formation_node_count=1, deposit_node_count=1, report_node_count=0, relationships=2, errors=[])
  [77] sync wsgs-uranium-032n095w35 (b51d19be-9f74-4b97-8ac1-0991651dbf01)
  sync result: KGSyncResult(project_id='b51d19be-9f74-4b97-8ac1-0991651dbf01', project_node_count=1, drillhole_node_count=0, formation_node_count=1, deposit_node_count=1, report_node_count=0, relationships=2, errors=[])
  [78] sync wsgs-uranium-033n089w27 (c4cd584b-7828-488d-a35b-24429fdb219f)
  sync result: KGSyncResult(project_id='c4cd584b-7828-488d-a35b-24429fdb219f', project_node_count=1, drillhole_node_count=7, formation_node_count=1, deposit_node_count=1, report_node_count=0, relationships=9, errors=[])
  [79] sync wsgs-uranium-033n089w28 (f88e8f4b-8773-4997-81e7-4b95eddcacd0)
  sync result: KGSyncResult(project_id='f88e8f4b-8773-4997-81e7-4b95eddcacd0', project_node_count=1, drillhole_node_count=0, formation_node_count=1, deposit_node_count=1, report_node_count=0, relationships=2, errors=["drillhole:{neo4j_code: Neo.ClientError.Schema.ConstraintValidationFailed} {message: Node(1314) already exists with label `DrillHole` and property `hole_id` = '0180-5150'} {gql_status: 22N79} {gql_status_description: error: data exception - property uniqueness constraint violated. Property uniqueness constraint violated: Node(1314) already exists with label `DrillHole` and property `hole_id` = '0180-5150'.}", "drillhole:{neo4j_code: Neo.ClientError.Schema.ConstraintValidationFailed} {message: Node(1316) already exists with label `DrillHole` and property `hole_id` = '0270-5050'} {gql_status: 22N79} {gql_status_description: error: data exception - property uniqueness constraint violated. Property uniqueness constraint violated: Node(1316) already exists with label `DrillHole` and property `hole_id` = '0270-5050'.}", "drillhole:{neo4j_code: Neo.ClientError.Schema.ConstraintValidationFailed} {message: Node(1317) already exists with label `DrillHole` and property `hole_id` = '0270-5150'} {gql_status: 22N79} {gql_status_description: error: data exception - property uniqueness constraint violated. Property uniqueness constraint violated: Node(1317) already exists with label `DrillHole` and property `hole_id` = '0270-5150'.}", "drillhole:{neo4j_code: Neo.ClientError.Schema.ConstraintValidationFailed} {message: Node(1318) already exists with label `DrillHole` and property `hole_id` = '0270-5250'} {gql_status: 22N79} {gql_status_description: error: data exception - property uniqueness constraint violated. Property uniqueness constraint violated: Node(1318) already exists with label `DrillHole` and property `hole_id` = '0270-5250'.}", "drillhole:{neo4j_code: Neo.ClientError.Schema.ConstraintValidationFailed} {message: Node(1319) already exists with label `DrillHole` and property `hole_id` = '0270-5350'} {gql_status: 22N79} {gql_status_description: error: data exception - property uniqueness constraint violated. Property uniqueness constraint violated: Node(1319) already exists with label `DrillHole` and property `hole_id` = '0270-5350'.}", "drillhole:{neo4j_code: Neo.ClientError.Schema.ConstraintValidationFailed} {message: Node(1320) already exists with label `DrillHole` and property `hole_id` = '0320-4400'} {gql_status: 22N79} {gql_status_description: error: data exception - property uniqueness constraint violated. Property uniqueness constraint violated: Node(1320) already exists with label `DrillHole` and property `hole_id` = '0320-4400'.}", "drillhole:{neo4j_code: Neo.ClientError.Schema.ConstraintValidationFailed} {message: Node(1321) already exists with label `DrillHole` and property `hole_id` = '0370-4950'} {gql_status: 22N79} {gql_status_description: error: data exception - property uniqueness constraint violated. Property uniqueness constraint violated: Node(1321) already exists with label `DrillHole` and property `hole_id` = '0370-4950'.}", "drillhole:{neo4j_code: Neo.ClientError.Schema.ConstraintValidationFailed} {message: Node(1322) already exists with label `DrillHole` and property `hole_id` = '0370-5100'} {gql_status: 22N79} {gql_status_description: error: data exception - property uniqueness constraint violated. Property uniqueness constraint violated: Node(1322) already exists with label `DrillHole` and property `hole_id` = '0370-5100'.}", "drillhole:{neo4j_code: Neo.ClientError.Schema.ConstraintValidationFailed} {message: Node(1323) already exists with label `DrillHole` and property `hole_id` = '0410-4500'} {gql_status: 22N79} {gql_status_description: error: data exception - property uniqueness constraint violated. Property uniqueness constraint violated: Node(1323) already exists with label `DrillHole` and property `hole_id` = '0410-4500'.}", "drillhole:{neo4j_code: Neo.ClientError.Schema.ConstraintValidationFailed} {message: Node(1324) already exists with label `DrillHole` and property `hole_id` = '0470-4650'} {gql_status: 22N79} {gql_status_description: error: data exception - property uniqueness constraint violated. Property uniqueness constraint violated: Node(1324) already exists with label `DrillHole` and property `hole_id` = '0470-4650'.}", "drillhole:{neo4j_code: Neo.ClientError.Schema.ConstraintValidationFailed} {message: Node(1325) already exists with label `DrillHole` and property `hole_id` = '0670-4750'} {gql_status: 22N79} {gql_status_description: error: data exception - property uniqueness constraint violated. Property uniqueness constraint violated: Node(1325) already exists with label `DrillHole` and property `hole_id` = '0670-4750'.}", "drillhole:{neo4j_code: Neo.ClientError.Schema.ConstraintValidationFailed} {message: Node(1326) already exists with label `DrillHole` and property `hole_id` = '0670-4850'} {gql_status: 22N79} {gql_status_description: error: data exception - property uniqueness constraint violated. Property uniqueness constraint violated: Node(1326) already exists with label `DrillHole` and property `hole_id` = '0670-4850'.}", "drillhole:{neo4j_code: Neo.ClientError.Schema.ConstraintValidationFailed} {message: Node(1327) already exists with label `DrillHole` and property `hole_id` = '0670-4950'} {gql_status: 22N79} {gql_status_description: error: data exception - property uniqueness constraint violated. Property uniqueness constraint violated: Node(1327) already exists with label `DrillHole` and property `hole_id` = '0670-4950'.}", "drillhole:{neo4j_code: Neo.ClientError.Schema.ConstraintValidationFailed} {message: Node(1328) already exists with label `DrillHole` and property `hole_id` = '0770-4650'} {gql_status: 22N79} {gql_status_description: error: data exception - property uniqueness constraint violated. Property uniqueness constraint violated: Node(1328) already exists with label `DrillHole` and property `hole_id` = '0770-4650'.}", "drillhole:{neo4j_code: Neo.ClientError.Schema.ConstraintValidationFailed} {message: Node(1329) already exists with label `DrillHole` and property `hole_id` = '0770-4850'} {gql_status: 22N79} {gql_status_description: error: data exception - property uniqueness constraint violated. Property uniqueness constraint violated: Node(1329) already exists with label `DrillHole` and property `hole_id` = '0770-4850'.}", "drillhole:{neo4j_code: Neo.ClientError.Schema.ConstraintValidationFailed} {message: Node(1398) already exists with label `DrillHole` and property `hole_id` = '0870-4560'} {gql_status: 22N79} {gql_status_description: error: data exception - property uniqueness constraint violated. Property uniqueness constraint violated: Node(1398) already exists with label `DrillHole` and property `hole_id` = '0870-4560'.}", "drillhole:{neo4j_code: Neo.ClientError.Schema.ConstraintValidationFailed} {message: Node(1330) already exists with label `DrillHole` and property `hole_id` = '0870-4650'} {gql_status: 22N79} {gql_status_description: error: data exception - property uniqueness constraint violated. Property uniqueness constraint violated: Node(1330) already exists with label `DrillHole` and property `hole_id` = '0870-4650'.}", "drillhole:{neo4j_code: Neo.ClientError.Schema.ConstraintValidationFailed} {message: Node(1331) already exists with label `DrillHole` and property `hole_id` = '0970-4560'} {gql_status: 22N79} {gql_status_description: error: data exception - property uniqueness constraint violated. Property uniqueness constraint violated: Node(1331) already exists with label `DrillHole` and property `hole_id` = '0970-4560'.}", "drillhole:{neo4j_code: Neo.ClientError.Schema.ConstraintValidationFailed} {message: Node(1332) already exists with label `DrillHole` and property `hole_id` = '1070-4170'} {gql_status: 22N79} {gql_status_description: error: data exception - property uniqueness constraint violated. Property uniqueness constraint violated: Node(1332) already exists with label `DrillHole` and property `hole_id` = '1070-4170'.}", "drillhole:{neo4j_code: Neo.ClientError.Schema.ConstraintValidationFailed} {message: Node(1333) already exists with label `DrillHole` and property `hole_id` = '1070-4260'} {gql_status: 22N79} {gql_status_description: error: data exception - property uniqueness constraint violated. Property uniqueness constraint violated: Node(1333) already exists with label `DrillHole` and property `hole_id` = '1070-4260'.}", "drillhole:{neo4j_code: Neo.ClientError.Schema.ConstraintValidationFailed} {message: Node(1335) already exists with label `DrillHole` and property `hole_id` = '1090-4430'} {gql_status: 22N79} {gql_status_description: error: data exception - property uniqueness constraint violated. Property uniqueness constraint violated: Node(1335) already exists with label `DrillHole` and property `hole_id` = '1090-4430'.}", "drillhole:{neo4j_code: Neo.ClientError.Schema.ConstraintValidationFailed} {message: Node(1336) already exists with label `DrillHole` and property `hole_id` = '1170-4160'} {gql_status: 22N79} {gql_status_description: error: data exception - property uniqueness constraint violated. Property uniqueness constraint violated: Node(1336) already exists with label `DrillHole` and property `hole_id` = '1170-4160'.}", "drillhole:{neo4j_code: Neo.ClientError.Schema.ConstraintValidationFailed} {message: Node(1337) already exists with label `DrillHole` and property `hole_id` = '1170-4460'} {gql_status: 22N79} {gql_status_description: error: data exception - property uniqueness constraint violated. Property uniqueness constraint violated: Node(1337) already exists with label `DrillHole` and property `hole_id` = '1170-4460'.}", "drillhole:{neo4j_code: Neo.ClientError.Schema.ConstraintValidationFailed} {message: Node(1338) already exists with label `DrillHole` and property `hole_id` = '1270-4460'} {gql_status: 22N79} {gql_status_description: error: data exception - property uniqueness constraint violated. Property uniqueness constraint violated: Node(1338) already exists with label `DrillHole` and property `hole_id` = '1270-4460'.}", "drillhole:{neo4j_code: Neo.ClientError.Schema.ConstraintValidationFailed} {message: Node(1339) already exists with label `DrillHole` and property `hole_id` = '1370-3250'} {gql_status: 22N79} {gql_status_description: error: data exception - property uniqueness constraint violated. Property uniqueness constraint violated: Node(1339) already exists with label `DrillHole` and property `hole_id` = '1370-3250'.}", "drillhole:{neo4j_code: Neo.ClientError.Schema.ConstraintValidationFailed} {message: Node(1340) already exists with label `DrillHole` and property `hole_id` = '1370-4450'} {gql_status: 22N79} {gql_status_description: error: data exception - property uniqueness constraint violated. Property uniqueness constraint violated: Node(1340) already exists with label `DrillHole` and property `hole_id` = '1370-4450'.}", "drillhole:{neo4j_code: Neo.ClientError.Schema.ConstraintValidationFailed} {message: Node(1343) already exists with label `DrillHole` and property `hole_id` = '1520-4600'} {gql_status: 22N79} {gql_status_description: error: data exception - property uniqueness constraint violated. Property uniqueness constraint violated: Node(1343) already exists with label `DrillHole` and property `hole_id` = '1520-4600'.}", "drillhole:{neo4j_code: Neo.ClientError.Schema.ConstraintValidationFailed} {message: Node(1342) already exists with label `DrillHole` and property `hole_id` = '1470-3250'} {gql_status: 22N79} {gql_status_description: error: data exception - property uniqueness constraint violated. Property uniqueness constraint violated: Node(1342) already exists with label `DrillHole` and property `hole_id` = '1470-3250'.}", "drillhole:{neo4j_code: Neo.ClientError.Schema.ConstraintValidationFailed} {message: Node(1399) already exists with label `DrillHole` and property `hole_id` = '1470-3350'} {gql_status: 22N79} {gql_status_description: error: data exception - property uniqueness constraint violated. Property uniqueness constraint violated: Node(1399) already exists with label `DrillHole` and property `hole_id` = '1470-3350'.}", "drillhole:{neo4j_code: Neo.ClientError.Schema.ConstraintValidationFailed} {message: Node(1344) already exists with label `DrillHole` and property `hole_id` = '1470-3450'} {gql_status: 22N79} {gql_status_description: error: data exception - property uniqueness constraint violated. Property uniqueness constraint violated: Node(1344) already exists with label `DrillHole` and property `hole_id` = '1470-3450'.}", "drillhole:{neo4j_code: Neo.ClientError.Schema.ConstraintValidationFailed} {message: Node(1345) already exists with label `DrillHole` and property `hole_id` = '1470-3550'} {gql_status: 22N79} {gql_status_description: error: data exception - property uniqueness constraint violated. Property uniqueness constraint violated: Node(1345) already exists with label `DrillHole` and property `hole_id` = '1470-3550'.}", "drillhole:{neo4j_code: Neo.ClientError.Schema.ConstraintValidationFailed} {message: Node(1346) already exists with label `DrillHole` and property `hole_id` = '1470-3850'} {gql_status: 22N79} {gql_status_description: error: data exception - property uniqueness constraint violated. Property uniqueness constraint violated: Node(1346) already exists with label `DrillHole` and property `hole_id` = '1470-3850'.}", "drillhole:{neo4j_code: Neo.ClientError.Schema.ConstraintValidationFailed} {message: Node(1347) already exists with label `DrillHole` and property `hole_id` = '1470-3950'} {gql_status: 22N79} {gql_status_description: error: data exception - property uniqueness constraint violated. Property uniqueness constraint violated: Node(1347) already exists with label `DrillHole` and property `hole_id` = '1470-3950'.}", "drillhole:{neo4j_code: Neo.ClientError.Schema.ConstraintValidationFailed} {message: Node(1348) already exists with label `DrillHole` and property `hole_id` = '1570-3250'} {gql_status: 22N79} {gql_status_description: error: data exception - property uniqueness constraint violated. Property uniqueness constraint violated: Node(1348) already exists with label `DrillHole` and property `hole_id` = '1570-3250'.}", "drillhole:{neo4j_code: Neo.ClientError.Schema.ConstraintValidationFailed} {message: Node(1349) already exists with label `DrillHole` and property `hole_id` = '1570-3350'} {gql_status: 22N79} {gql_status_description: error: data exception - property uniqueness constraint violated. Property uniqueness constraint violated: Node(1349) already exists with label `DrillHole` and property `hole_id` = '1570-3350'.}", "drillhole:{neo4j_code: Neo.ClientError.Schema.ConstraintValidationFailed} {message: Node(1350) already exists with label `DrillHole` and property `hole_id` = '1570-3650'} {gql_status: 22N79} {gql_status_description: error: data exception - property uniqueness constraint violated. Property uniqueness constraint violated: Node(1350) already exists with label `DrillHole` and property `hole_id` = '1570-3650'.}", "drillhole:{neo4j_code: Neo.ClientError.Schema.ConstraintValidationFailed} {message: Node(1351) already exists with label `DrillHole` and property `hole_id` = '1570-3750'} {gql_status: 22N79} {gql_status_description: error: data exception - property uniqueness constraint violated. Property uniqueness constraint violated: Node(1351) already exists with label `DrillHole` and property `hole_id` = '1570-3750'.}", "drillhole:{neo4j_code: Neo.ClientError.Schema.ConstraintValidationFailed} {message: Node(1352) already exists with label `DrillHole` and property `hole_id` = '1570-3850'} {gql_status: 22N79} {gql_status_description: error: data exception - property uniqueness constraint violated. Property uniqueness constraint violated: Node(1352) already exists with label `DrillHole` and property `hole_id` = '1570-3850'.}", "drillhole:{neo4j_code: Neo.ClientError.Schema.ConstraintValidationFailed} {message: Node(1353) already exists with label `DrillHole` and property `hole_id` = '1670-3150'} {gql_status: 22N79} {gql_status_description: error: data exception - property uniqueness constraint violated. Property uniqueness constraint violated: Node(1353) already exists with label `DrillHole` and property `hole_id` = '1670-3150'.}", "drillhole:{neo4j_code: Neo.ClientError.Schema.ConstraintValidationFailed} {message: Node(1354) already exists with label `DrillHole` and property `hole_id` = '1670-3250'} {gql_status: 22N79} {gql_status_description: error: data exception - property uniqueness constraint violated. Property uniqueness constraint violated: Node(1354) already exists with label `DrillHole` and property `hole_id` = '1670-3250'.}", "drillhole:{neo4j_code: Neo.ClientError.Schema.ConstraintValidationFailed} {message: Node(1355) already exists with label `DrillHole` and property `hole_id` = '1670-3850'} {gql_status: 22N79} {gql_status_description: error: data exception - property uniqueness constraint violated. Property uniqueness constraint violated: Node(1355) already exists with label `DrillHole` and property `hole_id` = '1670-3850'.}", "drillhole:{neo4j_code: Neo.ClientError.Schema.ConstraintValidationFailed} {message: Node(1356) already exists with label `DrillHole` and property `hole_id` = '1770-3150'} {gql_status: 22N79} {gql_status_description: error: data exception - property uniqueness constraint violated. Property uniqueness constraint violated: Node(1356) already exists with label `DrillHole` and property `hole_id` = '1770-3150'.}", "drillhole:{neo4j_code: Neo.ClientError.Schema.ConstraintValidationFailed} {message: Node(1357) already exists with label `DrillHole` and property `hole_id` = '1770-3450'} {gql_status: 22N79} {gql_status_description: error: data exception - property uniqueness constraint violated. Property uniqueness constraint violated: Node(1357) already exists with label `DrillHole` and property `hole_id` = '1770-3450'.}", "drillhole:{neo4j_code: Neo.ClientError.Schema.ConstraintValidationFailed} {message: Node(1358) already exists with label `DrillHole` and property `hole_id` = '1770-3550'} {gql_status: 22N79} {gql_status_description: error: data exception - property uniqueness constraint violated. Property uniqueness constraint violated: Node(1358) already exists with label `DrillHole` and property `hole_id` = '1770-3550'.}", "drillhole:{neo4j_code: Neo.ClientError.Schema.ConstraintValidationFailed} {message: Node(1359) already exists with label `DrillHole` and property `hole_id` = '1770-4350'} {gql_status: 22N79} {gql_status_description: error: data exception - property uniqueness constraint violated. Property uniqueness constraint violated: Node(1359) already exists with label `DrillHole` and property `hole_id` = '1770-4350'.}", "drillhole:{neo4j_code: Neo.ClientError.Schema.ConstraintValidationFailed} {message: Node(1360) already exists with label `DrillHole` and property `hole_id` = '1870-3070'} {gql_status: 22N79} {gql_status_description: error: data exception - property uniqueness constraint violated. Property uniqueness constraint violated: Node(1360) already exists with label `DrillHole` and property `hole_id` = '1870-3070'.}", "drillhole:{neo4j_code: Neo.ClientError.Schema.ConstraintValidationFailed} {message: Node(1361) already exists with label `DrillHole` and property `hole_id` = '1870-3160'} {gql_status: 22N79} {gql_status_description: error: data exception - property uniqueness constraint violated. Property uniqueness constraint violated: Node(1361) already exists with label `DrillHole` and property `hole_id` = '1870-3160'.}", "drillhole:{neo4j_code: Neo.ClientError.Schema.ConstraintValidationFailed} {message: Node(1362) already exists with label `DrillHole` and property `hole_id` = '1870-4150'} {gql_status: 22N79} {gql_status_description: error: data exception - property uniqueness constraint violated. Property uniqueness constraint violated: Node(1362) already exists with label `DrillHole` and property `hole_id` = '1870-4150'.}", "drillhole:{neo4j_code: Neo.ClientError.Schema.ConstraintValidationFailed} {message: Node(1363) already exists with label `DrillHole` and property `hole_id` = '1870-4250'} {gql_status: 22N79} {gql_status_description: error: data exception - property uniqueness constraint violated. Property uniqueness constraint violated: Node(1363) already exists with label `DrillHole` and property `hole_id` = '1870-4250'.}", "drillhole:{neo4j_code: Neo.ClientError.Schema.ConstraintValidationFailed} {message: Node(1364) already exists with label `DrillHole` and property `hole_id` = '1870-4350'} {gql_status: 22N79} {gql_status_description: error: data exception - property uniqueness constraint violated. Property uniqueness constraint violated: Node(1364) already exists with label `DrillHole` and property `hole_id` = '1870-4350'.}", "drillhole:{neo4j_code: Neo.ClientError.Schema.ConstraintValidationFailed} {message: Node(1366) already exists with label `DrillHole` and property `hole_id` = '1970-3060'} {gql_status: 22N79} {gql_status_description: error: data exception - property uniqueness constraint violated. Property uniqueness constraint violated: Node(1366) already exists with label `DrillHole` and property `hole_id` = '1970-3060'.}", "drillhole:{neo4j_code: Neo.ClientError.Schema.ConstraintValidationFailed} {message: Node(1367) already exists with label `DrillHole` and property `hole_id` = '1970-3130'} {gql_status: 22N79} {gql_status_description: error: data exception - property uniqueness constraint violated. Property uniqueness constraint violated: Node(1367) already exists with label `DrillHole` and property `hole_id` = '1970-3130'.}", "drillhole:{neo4j_code: Neo.ClientError.Schema.ConstraintValidationFailed} {message: Node(1368) already exists with label `DrillHole` and property `hole_id` = '1970-3550'} {gql_status: 22N79} {gql_status_description: error: data exception - property uniqueness constraint violated. Property uniqueness constraint violated: Node(1368) already exists with label `DrillHole` and property `hole_id` = '1970-3550'.}", "drillhole:{neo4j_code: Neo.ClientError.Schema.ConstraintValidationFailed} {message: Node(1369) already exists with label `DrillHole` and property `hole_id` = '2020-3010'} {gql_status: 22N79} {gql_status_description: error: data exception - property uniqueness constraint violated. Property uniqueness constraint violated: Node(1369) already exists with label `DrillHole` and property `hole_id` = '2020-3010'.}", "drillhole:{neo4j_code: Neo.ClientError.Schema.ConstraintValidationFailed} {message: Node(1370) already exists with label `DrillHole` and property `hole_id` = '2060-3110'} {gql_status: 22N79} {gql_status_description: error: data exception - property uniqueness constraint violated. Property uniqueness constraint violated: Node(1370) already exists with label `DrillHole` and property `hole_id` = '2060-3110'.}", "drillhole:{neo4j_code: Neo.ClientError.Schema.ConstraintValidationFailed} {message: Node(1371) already exists with label `DrillHole` and property `hole_id` = '2060-3210'} {gql_status: 22N79} {gql_status_description: error: data exception - property uniqueness constraint violated. Property uniqueness constraint violated: Node(1371) already exists with label `DrillHole` and property `hole_id` = '2060-3210'.}", "drillhole:{neo4j_code: Neo.ClientError.Schema.ConstraintValidationFailed} {message: Node(1372) already exists with label `DrillHole` and property `hole_id` = '2070-3850'} {gql_status: 22N79} {gql_status_description: error: data exception - property uniqueness constraint violated. Property uniqueness constraint violated: Node(1372) already exists with label `DrillHole` and property `hole_id` = '2070-3850'.}", "drillhole:{neo4j_code: Neo.ClientError.Schema.ConstraintValidationFailed} {message: Node(1373) already exists with label `DrillHole` and property `hole_id` = '2070-3950'} {gql_status: 22N79} {gql_status_description: error: data exception - property uniqueness constraint violated. Property uniqueness constraint violated: Node(1373) already exists with label `DrillHole` and property `hole_id` = '2070-3950'.}", "drillhole:{neo4j_code: Neo.ClientError.Schema.ConstraintValidationFailed} {message: Node(1400) already exists with label `DrillHole` and property `hole_id` = '2070-4050'} {gql_status: 22N79} {gql_status_description: error: data exception - property uniqueness constraint violated. Property uniqueness constraint violated: Node(1400) already exists with label `DrillHole` and property `hole_id` = '2070-4050'.}", "drillhole:{neo4j_code: Neo.ClientError.Schema.ConstraintValidationFailed} {message: Node(1397) already exists with label `DrillHole` and property `hole_id` = '0070-4850'} {gql_status: 22N79} {gql_status_description: error: data exception - property uniqueness constraint violated. Property uniqueness constraint violated: Node(1397) already exists with label `DrillHole` and property `hole_id` = '0070-4850'.}", "drillhole:{neo4j_code: Neo.ClientError.Schema.ConstraintValidationFailed} {message: Node(1312) already exists with label `DrillHole` and property `hole_id` = '0070-5350'} {gql_status: 22N79} {gql_status_description: error: data exception - property uniqueness constraint violated. Property uniqueness constraint violated: Node(1312) already exists with label `DrillHole` and property `hole_id` = '0070-5350'.}", "drillhole:{neo4j_code: Neo.ClientError.Schema.ConstraintValidationFailed} {message: Node(1311) already exists with label `DrillHole` and property `hole_id` = '0070-5250'} {gql_status: 22N79} {gql_status_description: error: data exception - property uniqueness constraint violated. Property uniqueness constraint violated: Node(1311) already exists with label `DrillHole` and property `hole_id` = '0070-5250'.}", "drillhole:{neo4j_code: Neo.ClientError.Schema.ConstraintValidationFailed} {message: Node(1313) already exists with label `DrillHole` and property `hole_id` = '0180-5000'} {gql_status: 22N79} {gql_status_description: error: data exception - property uniqueness constraint violated. Property uniqueness constraint violated: Node(1313) already exists with label `DrillHole` and property `hole_id` = '0180-5000'.}", "drillhole:{neo4j_code: Neo.ClientError.Schema.ConstraintValidationFailed} {message: Node(1374) already exists with label `DrillHole` and property `hole_id` = '2070-4150'} {gql_status: 22N79} {gql_status_description: error: data exception - property uniqueness constraint violated. Property uniqueness constraint violated: Node(1374) already exists with label `DrillHole` and property `hole_id` = '2070-4150'.}", "drillhole:{neo4j_code: Neo.ClientError.Schema.ConstraintValidationFailed} {message: Node(1315) already exists with label `DrillHole` and property `hole_id` = '0270-4250'} {gql_status: 22N79} {gql_status_description: error: data exception - property uniqueness constraint violated. Property uniqueness constraint violated: Node(1315) already exists with label `DrillHole` and property `hole_id` = '0270-4250'.}", "drillhole:{neo4j_code: Neo.ClientError.Schema.ConstraintValidationFailed} {message: Node(1334) already exists with label `DrillHole` and property `hole_id` = '1070-4560'} {gql_status: 22N79} {gql_status_description: error: data exception - property uniqueness constraint violated. Property uniqueness constraint violated: Node(1334) already exists with label `DrillHole` and property `hole_id` = '1070-4560'.}", "drillhole:{neo4j_code: Neo.ClientError.Schema.ConstraintValidationFailed} {message: Node(1341) already exists with label `DrillHole` and property `hole_id` = '1470-3150'} {gql_status: 22N79} {gql_status_description: error: data exception - property uniqueness constraint violated. Property uniqueness constraint violated: Node(1341) already exists with label `DrillHole` and property `hole_id` = '1470-3150'.}", "drillhole:{neo4j_code: Neo.ClientError.Schema.ConstraintValidationFailed} {message: Node(1375) already exists with label `DrillHole` and property `hole_id` = '2070-4450'} {gql_status: 22N79} {gql_status_description: error: data exception - property uniqueness constraint violated. Property uniqueness constraint violated: Node(1375) already exists with label `DrillHole` and property `hole_id` = '2070-4450'.}", "drillhole:{neo4j_code: Neo.ClientError.Schema.ConstraintValidationFailed} {message: Node(1376) already exists with label `DrillHole` and property `hole_id` = '2110-3060'} {gql_status: 22N79} {gql_status_description: error: data exception - property uniqueness constraint violated. Property uniqueness constraint violated: Node(1376) already exists with label `DrillHole` and property `hole_id` = '2110-3060'.}", "drillhole:{neo4j_code: Neo.ClientError.Schema.ConstraintValidationFailed} {message: Node(1377) already exists with label `DrillHole` and property `hole_id` = '2170-3750'} {gql_status: 22N79} {gql_status_description: error: data exception - property uniqueness constraint violated. Property uniqueness constraint violated: Node(1377) already exists with label `DrillHole` and property `hole_id` = '2170-3750'.}", "drillhole:{neo4j_code: Neo.ClientError.Schema.ConstraintValidationFailed} {message: Node(1378) already exists with label `DrillHole` and property `hole_id` = '2170-3850'} {gql_status: 22N79} {gql_status_description: error: data exception - property uniqueness constraint violated. Property uniqueness constraint violated: Node(1378) already exists with label `DrillHole` and property `hole_id` = '2170-3850'.}", "drillhole:{neo4j_code: Neo.ClientError.Schema.ConstraintValidationFailed} {message: Node(1379) already exists with label `DrillHole` and property `hole_id` = '2170-3950'} {gql_status: 22N79} {gql_status_description: error: data exception - property uniqueness constraint violated. Property uniqueness constraint violated: Node(1379) already exists with label `DrillHole` and property `hole_id` = '2170-3950'.}", "drillhole:{neo4j_code: Neo.ClientError.Schema.ConstraintValidationFailed} {message: Node(1401) already exists with label `DrillHole` and property `hole_id` = '2170-4050'} {gql_status: 22N79} {gql_status_description: error: data exception - property uniqueness constraint violated. Property uniqueness constraint violated: Node(1401) already exists with label `DrillHole` and property `hole_id` = '2170-4050'.}", "drillhole:{neo4j_code: Neo.ClientError.Schema.ConstraintValidationFailed} {message: Node(1380) already exists with label `DrillHole` and property `hole_id` = '2170-4150'} {gql_status: 22N79} {gql_status_description: error: data exception - property uniqueness constraint violated. Property uniqueness constraint violated: Node(1380) already exists with label `DrillHole` and property `hole_id` = '2170-4150'.}", "drillhole:{neo4j_code: Neo.ClientError.Schema.ConstraintValidationFailed} {message: Node(1381) already exists with label `DrillHole` and property `hole_id` = '2170-4250'} {gql_status: 22N79} {gql_status_description: error: data exception - property uniqueness constraint violated. Property uniqueness constraint violated: Node(1381) already exists with label `DrillHole` and property `hole_id` = '2170-4250'.}", "drillhole:{neo4j_code: Neo.ClientError.Schema.ConstraintValidationFailed} {message: Node(1382) already exists with label `DrillHole` and property `hole_id` = '2170-4430'} {gql_status: 22N79} {gql_status_description: error: data exception - property uniqueness constraint violated. Property uniqueness constraint violated: Node(1382) already exists with label `DrillHole` and property `hole_id` = '2170-4430'.}", "drillhole:{neo4j_code: Neo.ClientError.Schema.ConstraintValidationFailed} {message: Node(1402) already exists with label `DrillHole` and property `hole_id` = '2270-3160'} {gql_status: 22N79} {gql_status_description: error: data exception - property uniqueness constraint violated. Property uniqueness constraint violated: Node(1402) already exists with label `DrillHole` and property `hole_id` = '2270-3160'.}", "drillhole:{neo4j_code: Neo.ClientError.Schema.ConstraintValidationFailed} {message: Node(1383) already exists with label `DrillHole` and property `hole_id` = '2270-3950'} {gql_status: 22N79} {gql_status_description: error: data exception - property uniqueness constraint violated. Property uniqueness constraint violated: Node(1383) already exists with label `DrillHole` and property `hole_id` = '2270-3950'.}", "drillhole:{neo4j_code: Neo.ClientError.Schema.ConstraintValidationFailed} {message: Node(1384) already exists with label `DrillHole` and property `hole_id` = '2270-4150'} {gql_status: 22N79} {gql_status_description: error: data exception - property uniqueness constraint violated. Property uniqueness constraint violated: Node(1384) already exists with label `DrillHole` and property `hole_id` = '2270-4150'.}", "drillhole:{neo4j_code: Neo.ClientError.Schema.ConstraintValidationFailed} {message: Node(1385) already exists with label `DrillHole` and property `hole_id` = '2320-3000'} {gql_status: 22N79} {gql_status_description: error: data exception - property uniqueness constraint violated. Property uniqueness constraint violated: Node(1385) already exists with label `DrillHole` and property `hole_id` = '2320-3000'.}", "drillhole:{neo4j_code: Neo.ClientError.Schema.ConstraintValidationFailed} {message: Node(1386) already exists with label `DrillHole` and property `hole_id` = '2350-4350'} {gql_status: 22N79} {gql_status_description: error: data exception - property uniqueness constraint violated. Property uniqueness constraint violated: Node(1386) already exists with label `DrillHole` and property `hole_id` = '2350-4350'.}", "drillhole:{neo4j_code: Neo.ClientError.Schema.ConstraintValidationFailed} {message: Node(1387) already exists with label `DrillHole` and property `hole_id` = '2370-3050'} {gql_status: 22N79} {gql_status_description: error: data exception - property uniqueness constraint violated. Property uniqueness constraint violated: Node(1387) already exists with label `DrillHole` and property `hole_id` = '2370-3050'.}", "drillhole:{neo4j_code: Neo.ClientError.Schema.ConstraintValidationFailed} {message: Node(1388) already exists with label `DrillHole` and property `hole_id` = '2370-3940'} {gql_status: 22N79} {gql_status_description: error: data exception - property uniqueness constraint violated. Property uniqueness constraint violated: Node(1388) already exists with label `DrillHole` and property `hole_id` = '2370-3940'.}", "drillhole:{neo4j_code: Neo.ClientError.Schema.ConstraintValidationFailed} {message: Node(1389) already exists with label `DrillHole` and property `hole_id` = '2370-4050'} {gql_status: 22N79} {gql_status_description: error: data exception - property uniqueness constraint violated. Property uniqueness constraint violated: Node(1389) already exists with label `DrillHole` and property `hole_id` = '2370-4050'.}", "drillhole:{neo4j_code: Neo.ClientError.Schema.ConstraintValidationFailed} {message: Node(1390) already exists with label `DrillHole` and property `hole_id` = '2370-4150'} {gql_status: 22N79} {gql_status_description: error: data exception - property uniqueness constraint violated. Property uniqueness constraint violated: Node(1390) already exists with label `DrillHole` and property `hole_id` = '2370-4150'.}", "drillhole:{neo4j_code: Neo.ClientError.Schema.ConstraintValidationFailed} {message: Node(1391) already exists with label `DrillHole` and property `hole_id` = '2470-3050'} {gql_status: 22N79} {gql_status_description: error: data exception - property uniqueness constraint violated. Property uniqueness constraint violated: Node(1391) already exists with label `DrillHole` and property `hole_id` = '2470-3050'.}", "drillhole:{neo4j_code: Neo.ClientError.Schema.ConstraintValidationFailed} {message: Node(1393) already exists with label `DrillHole` and property `hole_id` = '2470-4200'} {gql_status: 22N79} {gql_status_description: error: data exception - property uniqueness constraint violated. Property uniqueness constraint violated: Node(1393) already exists with label `DrillHole` and property `hole_id` = '2470-4200'.}", "drillhole:{neo4j_code: Neo.ClientError.Schema.ConstraintValidationFailed} {message: Node(1394) already exists with label `DrillHole` and property `hole_id` = '2670-4050'} {gql_status: 22N79} {gql_status_description: error: data exception - property uniqueness constraint violated. Property uniqueness constraint violated: Node(1394) already exists with label `DrillHole` and property `hole_id` = '2670-4050'.}", "drillhole:{neo4j_code: Neo.ClientError.Schema.ConstraintValidationFailed} {message: Node(1395) already exists with label `DrillHole` and property `hole_id` = '2670-4150'} {gql_status: 22N79} {gql_status_description: error: data exception - property uniqueness constraint violated. Property uniqueness constraint violated: Node(1395) already exists with label `DrillHole` and property `hole_id` = '2670-4150'.}", "drillhole:{neo4j_code: Neo.ClientError.Schema.ConstraintValidationFailed} {message: Node(1396) already exists with label `DrillHole` and property `hole_id` = '270-4850'} {gql_status: 22N79} {gql_status_description: error: data exception - property uniqueness constraint violated. Property uniqueness constraint violated: Node(1396) already exists with label `DrillHole` and property `hole_id` = '270-4850'.}", "drillhole:{neo4j_code: Neo.ClientError.Schema.ConstraintValidationFailed} {message: Node(1403) already exists with label `DrillHole` and property `hole_id` = '270-4950'} {gql_status: 22N79} {gql_status_description: error: data exception - property uniqueness constraint violated. Property uniqueness constraint violated: Node(1403) already exists with label `DrillHole` and property `hole_id` = '270-4950'.}", "drillhole:{neo4j_code: Neo.ClientError.Schema.ConstraintValidationFailed} {message: Node(1404) already exists with label `DrillHole` and property `hole_id` = '370-4850'} {gql_status: 22N79} {gql_status_description: error: data exception - property uniqueness constraint violated. Property uniqueness constraint violated: Node(1404) already exists with label `DrillHole` and property `hole_id` = '370-4850'.}", "drillhole:{neo4j_code: Neo.ClientError.Schema.ConstraintValidationFailed} {message: Node(1365) already exists with label `DrillHole` and property `hole_id` = '1870-4450'} {gql_status: 22N79} {gql_status_description: error: data exception - property uniqueness constraint violated. Property uniqueness constraint violated: Node(1365) already exists with label `DrillHole` and property `hole_id` = '1870-4450'.}", "drillhole:{neo4j_code: Neo.ClientError.Schema.ConstraintValidationFailed} {message: Node(1392) already exists with label `DrillHole` and property `hole_id` = '2470-4050'} {gql_status: 22N79} {gql_status_description: error: data exception - property uniqueness constraint violated. Property uniqueness constraint violated: Node(1392) already exists with label `DrillHole` and property `hole_id` = '2470-4050'.}"])
  [80] sync wsgs-uranium-033n092w16 (46d02e9b-557a-4572-bdb9-fd5f29211e54)
  sync result: KGSyncResult(project_id='46d02e9b-557a-4572-bdb9-fd5f29211e54', project_node_count=1, drillhole_node_count=0, formation_node_count=1, deposit_node_count=1, report_node_count=0, relationships=2, errors=[])
  [81] sync wsgs-uranium-033n092w33 (f5e6cb13-25db-43c9-9b18-a2ea09d723b8)
  sync result: KGSyncResult(project_id='f5e6cb13-25db-43c9-9b18-a2ea09d723b8', project_node_count=1, drillhole_node_count=0, formation_node_count=1, deposit_node_count=1, report_node_count=0, relationships=2, errors=[])
  [82] sync wsgs-uranium-033n092w36 (e485b879-4688-404a-ab6a-4188c1211d2d)
  sync result: KGSyncResult(project_id='e485b879-4688-404a-ab6a-4188c1211d2d', project_node_count=1, drillhole_node_count=0, formation_node_count=1, deposit_node_count=1, report_node_count=0, relationships=2, errors=[])
  [83] sync wsgs-uranium-033n093w36 (623e9405-c65b-43c6-b606-e06d73940a1d)
  sync result: KGSyncResult(project_id='623e9405-c65b-43c6-b606-e06d73940a1d', project_node_count=1, drillhole_node_count=0, formation_node_count=1, deposit_node_count=1, report_node_count=0, relationships=2, errors=[])
  [84] sync wsgs-uranium-034n062w03 (3e4d4fe5-76ab-4880-9a71-8caca1b70c25)
  sync result: KGSyncResult(project_id='3e4d4fe5-76ab-4880-9a71-8caca1b70c25', project_node_count=1, drillhole_node_count=2, formation_node_count=1, deposit_node_count=1, report_node_count=0, relationships=4, errors=[])
  [85] sync wsgs-uranium-034n062w16 (a5b75668-5c80-4b43-83c9-df18f55bdc21)
  sync result: KGSyncResult(project_id='a5b75668-5c80-4b43-83c9-df18f55bdc21', project_node_count=1, drillhole_node_count=4, formation_node_count=1, deposit_node_count=1, report_node_count=0, relationships=6, errors=[])
  [86] sync wsgs-uranium-034n062w36 (1e94d8fc-a262-4ef7-8ee8-a6245ce45693)
  sync result: KGSyncResult(project_id='1e94d8fc-a262-4ef7-8ee8-a6245ce45693', project_node_count=1, drillhole_node_count=2, formation_node_count=1, deposit_node_count=1, report_node_count=0, relationships=4, errors=[])
  [87] sync wsgs-uranium-035n062w29 (ce68968e-e29d-4218-b533-c02ecb475867)
  sync result: KGSyncResult(project_id='ce68968e-e29d-4218-b533-c02ecb475867', project_node_count=1, drillhole_node_count=2, formation_node_count=1, deposit_node_count=1, report_node_count=0, relationships=4, errors=[])
  [88] sync wsgs-uranium-035n062w33 (92975c65-ce65-4cf6-bf62-d14c568f5268)
  sync result: KGSyncResult(project_id='92975c65-ce65-4cf6-bf62-d14c568f5268', project_node_count=1, drillhole_node_count=4, formation_node_count=1, deposit_node_count=1, report_node_count=2, relationships=8, errors=[])
  [89] sync wsgs-uranium-035n062w34 (5dcc71f3-9ac1-46d0-ba92-b3a2aab83e2e)
  sync result: KGSyncResult(project_id='5dcc71f3-9ac1-46d0-ba92-b3a2aab83e2e', project_node_count=1, drillhole_node_count=1, formation_node_count=1, deposit_node_count=1, report_node_count=0, relationships=3, errors=[])
  [90] sync wsgs-uranium-035n074w03 (f7b34c27-27ff-4a9f-91ec-144d7b146f5d)
  sync result: KGSyncResult(project_id='f7b34c27-27ff-4a9f-91ec-144d7b146f5d', project_node_count=1, drillhole_node_count=6, formation_node_count=1, deposit_node_count=1, report_node_count=1, relationships=9, errors=[])
  [91] sync wsgs-uranium-035n074w36 (1cbba60c-6ac2-4f1b-8da8-a8e9d785cad8)
  sync result: KGSyncResult(project_id='1cbba60c-6ac2-4f1b-8da8-a8e9d785cad8', project_node_count=1, drillhole_node_count=0, formation_node_count=1, deposit_node_count=1, report_node_count=0, relationships=2, errors=[])
  [92] sync wsgs-uranium-036n073w36 (52a4cced-dc1b-4545-9c2b-c144cfc2c649)
  sync result: KGSyncResult(project_id='52a4cced-dc1b-4545-9c2b-c144cfc2c649', project_node_count=1, drillhole_node_count=0, formation_node_count=1, deposit_node_count=1, report_node_count=0, relationships=2, errors=[])
  [93] sync wsgs-uranium-036n074w36 (1ef99392-c70e-4898-9ef8-286163c4e6b0)
  sync result: KGSyncResult(project_id='1ef99392-c70e-4898-9ef8-286163c4e6b0', project_node_count=1, drillhole_node_count=0, formation_node_count=1, deposit_node_count=1, report_node_count=0, relationships=2, errors=[])
  [94] sync wsgs-uranium-037n074w09 (18cfe811-451e-4d5b-af98-401fb09629c9)
  sync result: KGSyncResult(project_id='18cfe811-451e-4d5b-af98-401fb09629c9', project_node_count=1, drillhole_node_count=0, formation_node_count=1, deposit_node_count=1, report_node_count=0, relationships=2, errors=[])
  [95] sync wsgs-uranium-037n074w36 (da277692-5862-4b94-87ad-0d2d53b0b286)
  sync result: KGSyncResult(project_id='da277692-5862-4b94-87ad-0d2d53b0b286', project_node_count=1, drillhole_node_count=0, formation_node_count=1, deposit_node_count=1, report_node_count=1, relationships=3, errors=[])
  [96] sync wsgs-uranium-040n075w07 (2cc3f1cf-7477-4538-a6c8-371862fb3ddc)
  sync result: KGSyncResult(project_id='2cc3f1cf-7477-4538-a6c8-371862fb3ddc', project_node_count=1, drillhole_node_count=0, formation_node_count=1, deposit_node_count=1, report_node_count=0, relationships=2, errors=[])
  [97] sync wsgs-uranium-040n075w08 (1ca24329-6f49-4ee2-b3eb-91c003b58074)
  sync result: KGSyncResult(project_id='1ca24329-6f49-4ee2-b3eb-91c003b58074', project_node_count=1, drillhole_node_count=0, formation_node_count=1, deposit_node_count=1, report_node_count=0, relationships=2, errors=[])
  [98] sync wsgs-uranium-040n075w16 (3a348c5a-19df-479f-ae7c-76353d926e11)
  sync result: KGSyncResult(project_id='3a348c5a-19df-479f-ae7c-76353d926e11', project_node_count=1, drillhole_node_count=0, formation_node_count=1, deposit_node_count=1, report_node_count=0, relationships=2, errors=[])
  [99] sync wsgs-uranium-040n075w17 (f5c4aa0c-a78a-4bf7-9d5e-55cf9d63cf90)
  sync result: KGSyncResult(project_id='f5c4aa0c-a78a-4bf7-9d5e-55cf9d63cf90', project_node_count=1, drillhole_node_count=0, formation_node_count=1, deposit_node_count=1, report_node_count=0, relationships=2, errors=[])
  [100] sync wsgs-uranium-041n075w29 (73f149c3-8faa-4ddc-9979-0f0e0cffd8ee)
  sync result: KGSyncResult(project_id='73f149c3-8faa-4ddc-9979-0f0e0cffd8ee', project_node_count=1, drillhole_node_count=0, formation_node_count=1, deposit_node_count=1, report_node_count=0, relationships=2, errors=[])
  [101] sync wsgs-uranium-041n075w31 (b948f4ec-1f87-4fd8-8395-ad4a1199d66f)
  sync result: KGSyncResult(project_id='b948f4ec-1f87-4fd8-8395-ad4a1199d66f', project_node_count=1, drillhole_node_count=0, formation_node_count=1, deposit_node_count=1, report_node_count=0, relationships=2, errors=[])
  [102] sync wsgs-uranium-041n075w32 (68a9ce37-d6a5-4917-861b-d710978a1e43)
  sync result: KGSyncResult(project_id='68a9ce37-d6a5-4917-861b-d710978a1e43', project_node_count=1, drillhole_node_count=0, formation_node_count=1, deposit_node_count=1, report_node_count=0, relationships=2, errors=[])
  [103] sync wsgs-uranium-041n076w04 (7cceb201-2f4d-4b9c-b586-3652c55ef21b)
  sync result: KGSyncResult(project_id='7cceb201-2f4d-4b9c-b586-3652c55ef21b', project_node_count=1, drillhole_node_count=0, formation_node_count=1, deposit_node_count=1, report_node_count=0, relationships=2, errors=[])
  [104] sync wsgs-uranium-041n076w08 (0a5ef9fa-c900-4336-90cd-83660e689d45)
  sync result: KGSyncResult(project_id='0a5ef9fa-c900-4336-90cd-83660e689d45', project_node_count=1, drillhole_node_count=0, formation_node_count=1, deposit_node_count=1, report_node_count=0, relationships=2, errors=[])
  [105] sync wsgs-uranium-041n076w36 (58738339-58b2-47ae-a090-ad1aed67ce5e)
  sync result: KGSyncResult(project_id='58738339-58b2-47ae-a090-ad1aed67ce5e', project_node_count=1, drillhole_node_count=0, formation_node_count=1, deposit_node_count=1, report_node_count=0, relationships=2, errors=[])
  [106] sync wsgs-uranium-041n077w16 (804da33a-dd80-433d-912f-635492fe6fd5)
  sync result: KGSyncResult(project_id='804da33a-dd80-433d-912f-635492fe6fd5', project_node_count=1, drillhole_node_count=0, formation_node_count=1, deposit_node_count=1, report_node_count=0, relationships=2, errors=[])
  [107] sync wsgs-uranium-042n073w15 (45aa1317-5130-468c-864f-247c07d06c09)
  sync result: KGSyncResult(project_id='45aa1317-5130-468c-864f-247c07d06c09', project_node_count=1, drillhole_node_count=0, formation_node_count=1, deposit_node_count=1, report_node_count=0, relationships=2, errors=[])
  [108] sync wsgs-uranium-042n075w36 (7083bc22-81da-4fb5-9342-c080294af6f4)
  sync result: KGSyncResult(project_id='7083bc22-81da-4fb5-9342-c080294af6f4', project_node_count=1, drillhole_node_count=0, formation_node_count=1, deposit_node_count=1, report_node_count=0, relationships=2, errors=[])
  [109] sync wsgs-uranium-042n076w32 (37a5410f-c13f-45a4-8552-cf0583731127)
  sync result: KGSyncResult(project_id='37a5410f-c13f-45a4-8552-cf0583731127', project_node_count=1, drillhole_node_count=0, formation_node_count=1, deposit_node_count=1, report_node_count=0, relationships=2, errors=[])
  [110] sync wsgs-uranium-043n076w18 (32777e62-2a16-4dbf-81bc-b6bfaedb94d1)
  sync result: KGSyncResult(project_id='32777e62-2a16-4dbf-81bc-b6bfaedb94d1', project_node_count=1, drillhole_node_count=0, formation_node_count=1, deposit_node_count=1, report_node_count=0, relationships=2, errors=[])
  [111] sync wsgs-uranium-043n076w36 (8395a18e-72d9-43e1-94c0-8588dce2158b)
  sync result: KGSyncResult(project_id='8395a18e-72d9-43e1-94c0-8588dce2158b', project_node_count=1, drillhole_node_count=0, formation_node_count=1, deposit_node_count=1, report_node_count=0, relationships=2, errors=[])
  [112] sync wsgs-uranium-043n079w36 (61101e81-718f-4e45-ad70-a5b7e5c11171)
  sync result: KGSyncResult(project_id='61101e81-718f-4e45-ad70-a5b7e5c11171', project_node_count=1, drillhole_node_count=0, formation_node_count=1, deposit_node_count=1, report_node_count=0, relationships=2, errors=[])
  [113] sync wsgs-uranium-043n083wxx (c96eda52-1629-4bcb-b963-9f5b3e6c6d2d)
  sync result: KGSyncResult(project_id='c96eda52-1629-4bcb-b963-9f5b3e6c6d2d', project_node_count=1, drillhole_node_count=0, formation_node_count=1, deposit_node_count=1, report_node_count=0, relationships=2, errors=[])
  [114] sync wsgs-uranium-044n074w16 (3ec7d6c2-b0aa-4ca0-8f53-47b7081c56a7)
  sync result: KGSyncResult(project_id='3ec7d6c2-b0aa-4ca0-8f53-47b7081c56a7', project_node_count=1, drillhole_node_count=0, formation_node_count=1, deposit_node_count=1, report_node_count=0, relationships=2, errors=[])
  [115] sync wsgs-uranium-044n075w16 (2472fa96-da9e-47c6-a5ab-65c772ebd62c)
  sync result: KGSyncResult(project_id='2472fa96-da9e-47c6-a5ab-65c772ebd62c', project_node_count=1, drillhole_node_count=0, formation_node_count=1, deposit_node_count=1, report_node_count=0, relationships=2, errors=[])
  [116] sync wsgs-uranium-044n075w36 (264479c4-dbfb-4164-8fa2-916a853041da)
  sync result: KGSyncResult(project_id='264479c4-dbfb-4164-8fa2-916a853041da', project_node_count=1, drillhole_node_count=0, formation_node_count=1, deposit_node_count=1, report_node_count=0, relationships=2, errors=[])
  [117] sync wsgs-uranium-044n079w16 (ec743e7a-839c-439f-b6d1-5c300865617a)
  sync result: KGSyncResult(project_id='ec743e7a-839c-439f-b6d1-5c300865617a', project_node_count=1, drillhole_node_count=0, formation_node_count=1, deposit_node_count=1, report_node_count=0, relationships=2, errors=[])
  [118] sync wsgs-uranium-045n075w16 (d0d8c500-2c10-4da9-b512-013d8251b7f9)
  sync result: KGSyncResult(project_id='d0d8c500-2c10-4da9-b512-013d8251b7f9', project_node_count=1, drillhole_node_count=0, formation_node_count=1, deposit_node_count=1, report_node_count=0, relationships=2, errors=[])
  [119] sync wsgs-uranium-045n079w16 (edea0ef5-b146-40f8-b58f-94f8bca5075b)
  sync result: KGSyncResult(project_id='edea0ef5-b146-40f8-b58f-94f8bca5075b', project_node_count=1, drillhole_node_count=0, formation_node_count=1, deposit_node_count=1, report_node_count=0, relationships=2, errors=[])
  [120] sync wsgs-uranium-046n078w36 (9ceb4e57-f825-4e06-a285-3e1dd441bfeb)
  sync result: KGSyncResult(project_id='9ceb4e57-f825-4e06-a285-3e1dd441bfeb', project_node_count=1, drillhole_node_count=0, formation_node_count=1, deposit_node_count=1, report_node_count=0, relationships=2, errors=[])

==> KG sync done: 120/120 projects

==> Phase: trigger Qdrant embedding for new passages
/usr/local/lib/python3.13/site-packages/transformers/utils/hub.py:110: FutureWarning: Using `TRANSFORMERS_CACHE` is deprecated and will be removed in v5 of Transformers. Use `HF_HOME` instead.
  warnings.warn(
  embedding result: EmbeddingSyncResult(workspace_id='a0000000-0000-0000-0000-000000000001', project_id=None, passages_seen=0, passages_embedded=0, passages_skipped=0, qdrant_points_upserted=0, errors=[])

==> Final silver state
    table_name     | count 
-------------------+-------
 collars           |   302
 document_passages |  1574
 lithology_logs    |  5867
 projects          |   120
 reports           |  1174
 samples           |  2336
 well_log_curves   |  3365
(7 rows)


==> Project list
          slug           |         project_name         |     region      |              company              | collars 
-------------------------+------------------------------+-----------------+-----------------------------------+---------
 gas-hills-033n089w28    | Gas Hills Roll-Front Uranium | Fremont, WY     | Pathfinder Mines (Wyoming Mining) |      94
 wsgs-uranium-033n089w28 | WSGS Uranium 033N089W28      | Wyoming         | WSGS Archive                      |      94
 cameco-shirley-basin    | Cameco Shirley Basin Uranium | CARBON, WY      | CAMECO RESOURCES                  |      66
 phantom-lake-silver     | Phantom Lake Silver          | Athabasca Basin | Phantom Lake Mining Ltd.          |      20
 wsgs-uranium-033n089w27 | WSGS Uranium 033N089W27      | Wyoming         | WSGS Archive                      |       7
 wsgs-uranium-035n074w03 | WSGS Uranium 035N074W03      | Wyoming         | WSGS Archive                      |       6
 wsgs-uranium-035n062w33 | WSGS Uranium 035N062W33      | Wyoming         | WSGS Archive                      |       4
 wsgs-uranium-034n062w16 | WSGS Uranium 034N062W16      | Wyoming         | WSGS Archive                      |       4
 wsgs-uranium-034n062w36 | WSGS Uranium 034N062W36      | Wyoming         | WSGS Archive                      |       2
 wsgs-uranium-034n062w03 | WSGS Uranium 034N062W03      | Wyoming         | WSGS Archive                      |       2
 wsgs-uranium-035n062w29 | WSGS Uranium 035N062W29      | Wyoming         | WSGS Archive                      |       2
 wsgs-uranium-035n062w34 | WSGS Uranium 035N062W34      | Wyoming         | WSGS Archive                      |       1
 wsgs-uranium-027n091w35 | WSGS Uranium 027N091W35      | Wyoming         | WSGS Archive                      |       0
 wsgs-uranium-027n080w10 | WSGS Uranium 027N080W10      | Wyoming         | WSGS Archive                      |       0
 wsgs-uranium-026n090w20 | WSGS Uranium 026N090W20      | Wyoming         | WSGS Archive                      |       0
 wsgs-uranium-027n078w09 | WSGS Uranium 027N078W09      | Wyoming         | WSGS Archive                      |       0
 wsgs-uranium-027n091w33 | WSGS Uranium 027N091W33      | Wyoming         | WSGS Archive                      |       0
 wsgs-uranium-026n090w29 | WSGS Uranium 026N090W29      | Wyoming         | WSGS Archive                      |       0
 wsgs-uranium-027n091w16 | WSGS Uranium 027N091W16      | Wyoming         | WSGS Archive                      |       0
 wsgs-uranium-027n079w01 | WSGS Uranium 027N079W01      | Wyoming         | WSGS Archive                      |       0
 wsgs-uranium-025n091w01 | WSGS Uranium 025N091W01      | Wyoming         | WSGS Archive                      |       0
 wsgs-uranium-028n079w35 | WSGS Uranium 028N079W35      | Wyoming         | WSGS Archive                      |       0
 wsgs-uranium-026n091w04 | WSGS Uranium 026N091W04      | Wyoming         | WSGS Archive                      |       0
 wsgs-uranium-026n090w05 | WSGS Uranium 026N090W05      | Wyoming         | WSGS Archive                      |       0
 wsgs-uranium-027n091w23 | WSGS Uranium 027N091W23      | Wyoming         | WSGS Archive                      |       0
 wsgs-uranium-027n093w14 | WSGS Uranium 027N093W14      | Wyoming         | WSGS Archive                      |       0
 wsgs-uranium-027n091w24 | WSGS Uranium 027N091W24      | Wyoming         | WSGS Archive                      |       0
 wsgs-uranium-037n074w36 | WSGS Uranium 037N074W36      | Wyoming         | WSGS Archive                      |       0
 wsgs-uranium-027n080w11 | WSGS Uranium 027N080W11      | Wyoming         | WSGS Archive                      |       0
 wsgs-uranium-027n091w19 | WSGS Uranium 027N091W19      | Wyoming         | WSGS Archive                      |       0
 wsgs-uranium-028n065w29 | WSGS Uranium 028N065W29      | Wyoming         | WSGS Archive                      |       0
 wsgs-uranium-027n079w03 | WSGS Uranium 027N079W03      | Wyoming         | WSGS Archive                      |       0
 wsgs-uranium-027n078w13 | WSGS Uranium 027N078W13      | Wyoming         | WSGS Archive                      |       0
 wsgs-uranium-027n079w14 | WSGS Uranium 027N079W14      | Wyoming         | WSGS Archive                      |       0
 wsgs-uranium-027n079w11 | WSGS Uranium 027N079W11      | Wyoming         | WSGS Archive                      |       0
 wsgs-uranium-025n091w13 | WSGS Uranium 025N091W13      | Wyoming         | WSGS Archive                      |       0
 wsgs-uranium-024n091w11 | WSGS Uranium 024N091W11      | Wyoming         | WSGS Archive                      |       0
 wsgs-uranium-027n077w19 | WSGS Uranium 027N077W19      | Wyoming         | WSGS Archive                      |       0
 wsgs-uranium-025n090w05 | WSGS Uranium 025N090W05      | Wyoming         | WSGS Archive                      |       0
 wsgs-uranium-027n093w15 | WSGS Uranium 027N093W15      | Wyoming         | WSGS Archive                      |       0
 wsgs-uranium-027n093w03 | WSGS Uranium 027N093W03      | Wyoming         | WSGS Archive                      |       0
 wsgs-uranium-025n091w02 | WSGS Uranium 025N091W02      | Wyoming         | WSGS Archive                      |       0
 wsgs-uranium-027n091w25 | WSGS Uranium 027N091W25      | Wyoming         | WSGS Archive                      |       0
 wsgs-uranium-018n110w36 | WSGS Uranium 018N110W36      | Wyoming         | WSGS Archive                      |       0
 wsgs-uranium-032n092w36 | WSGS Uranium 032N092W36      | Wyoming         | WSGS Archive                      |       0
 wsgs-uranium-032n092w16 | WSGS Uranium 032N092W16      | Wyoming         | WSGS Archive                      |       0
 wsgs-uranium-032n093w36 | WSGS Uranium 032N093W36      | Wyoming         | WSGS Archive                      |       0
 wsgs-uranium-031n092w16 | WSGS Uranium 031N092W16      | Wyoming         | WSGS Archive                      |       0
 wsgs-uranium-031n092w36 | WSGS Uranium 031N092W36      | Wyoming         | WSGS Archive                      |       0
 wsgs-uranium-033n092w36 | WSGS Uranium 033N092W36      | Wyoming         | WSGS Archive                      |       0
 wsgs-uranium-032n092w07 | WSGS Uranium 032N092W07      | Wyoming         | WSGS Archive                      |       0
 wsgs-uranium-031n092w12 | WSGS Uranium 031N092W12      | Wyoming         | WSGS Archive                      |       0
 wsgs-uranium-032n093w35 | WSGS Uranium 032N093W35      | Wyoming         | WSGS Archive                      |       0
 wsgs-uranium-033n093w36 | WSGS Uranium 033N093W36      | Wyoming         | WSGS Archive                      |       0
 wsgs-uranium-033n092w16 | WSGS Uranium 033N092W16      | Wyoming         | WSGS Archive                      |       0
 wsgs-uranium-027n079w35 | WSGS Uranium 027N079W35      | Wyoming         | WSGS Archive                      |       0
 wsgs-uranium-031n092w01 | WSGS Uranium 031N092W01      | Wyoming         | WSGS Archive                      |       0
 wsgs-uranium-032n092w15 | WSGS Uranium 032N092W15      | Wyoming         | WSGS Archive                      |       0
 wsgs-uranium-031n093w01 | WSGS Uranium 031N093W01      | Wyoming         | WSGS Archive                      |       0
 wsgs-uranium-031n092w09 | WSGS Uranium 031N092W09      | Wyoming         | WSGS Archive                      |       0
 wsgs-uranium-033n092w33 | WSGS Uranium 033N092W33      | Wyoming         | WSGS Archive                      |       0
 wsgs-uranium-031n093w02 | WSGS Uranium 031N093W02      | Wyoming         | WSGS Archive                      |       0
 wsgs-uranium-032n092w01 | WSGS Uranium 032N092W01      | Wyoming         | WSGS Archive                      |       0
 wsgs-uranium-036n074w36 | WSGS Uranium 036N074W36      | Wyoming         | WSGS Archive                      |       0
 wsgs-uranium-027n079w10 | WSGS Uranium 027N079W10      | Wyoming         | WSGS Archive                      |       0
 wsgs-uranium-027n079w09 | WSGS Uranium 027N079W09      | Wyoming         | WSGS Archive                      |       0
 wsgs-uranium-026n091w07 | WSGS Uranium 026N091W07      | Wyoming         | WSGS Archive                      |       0
 wsgs-uranium-025n090w04 | WSGS Uranium 025N090W04      | Wyoming         | WSGS Archive                      |       0
 wsgs-uranium-027n091w27 | WSGS Uranium 027N091W27      | Wyoming         | WSGS Archive                      |       0
 wsgs-uranium-026n091w27 | WSGS Uranium 026N091W27      | Wyoming         | WSGS Archive                      |       0
 wsgs-uranium-026n091w02 | WSGS Uranium 026N091W02      | Wyoming         | WSGS Archive                      |       0
 wsgs-uranium-028n077w12 | WSGS Uranium 028N077W12      | Wyoming         | WSGS Archive                      |       0
 wsgs-uranium-027n078w33 | WSGS Uranium 027N078W33      | Wyoming         | WSGS Archive                      |       0
 wsgs-uranium-028n079w34 | WSGS Uranium 028N079W34      | Wyoming         | WSGS Archive                      |       0
 wsgs-uranium-026n091w32 | WSGS Uranium 026N091W32      | Wyoming         | WSGS Archive                      |       0
 wsgs-uranium-027n091w20 | WSGS Uranium 027N091W20      | Wyoming         | WSGS Archive                      |       0
 wsgs-uranium-043n076w36 | WSGS Uranium 043N076W36      | Wyoming         | WSGS Archive                      |       0
 wsgs-uranium-026n091w33 | WSGS Uranium 026N091W33      | Wyoming         | WSGS Archive                      |       0
 wsgs-uranium-027n091w17 | WSGS Uranium 027N091W17      | Wyoming         | WSGS Archive                      |       0
 wsgs-uranium-043n079w36 | WSGS Uranium 043N079W36      | Wyoming         | WSGS Archive                      |       0
 wsgs-uranium-035n074w36 | WSGS Uranium 035N074W36      | Wyoming         | WSGS Archive                      |       0
 wsgs-uranium-029n065w19 | WSGS Uranium 029N065W19      | Wyoming         | WSGS Archive                      |       0
 wsgs-uranium-041n077w16 | WSGS Uranium 041N077W16      | Wyoming         | WSGS Archive                      |       0
 wsgs-uranium-028n065w31 | WSGS Uranium 028N065W31      | Wyoming         | WSGS Archive                      |       0
 wsgs-uranium-028n066w20 | WSGS Uranium 028N066W20      | Wyoming         | WSGS Archive                      |       0
 wsgs-uranium-028n078w28 | WSGS Uranium 028N078W28      | Wyoming         | WSGS Archive                      |       0
 wsgs-uranium-044n075w36 | WSGS Uranium 044N075W36      | Wyoming         | WSGS Archive                      |       0
 wsgs-uranium-044n075w16 | WSGS Uranium 044N075W16      | Wyoming         | WSGS Archive                      |       0
 wsgs-uranium-041n076w08 | WSGS Uranium 041N076W08      | Wyoming         | WSGS Archive                      |       0
 wsgs-uranium-042n073w15 | WSGS Uranium 042N073W15      | Wyoming         | WSGS Archive                      |       0
 wsgs-uranium-044n079w16 | WSGS Uranium 044N079W16      | Wyoming         | WSGS Archive                      |       0
 wsgs-uranium-041n076w04 | WSGS Uranium 041N076W04      | Wyoming         | WSGS Archive                      |       0
 wsgs-uranium-042n076w32 | WSGS Uranium 042N076W32      | Wyoming         | WSGS Archive                      |       0
 wsgs-uranium-041n075w29 | WSGS Uranium 041N075W29      | Wyoming         | WSGS Archive                      |       0
 wsgs-uranium-040n075w17 | WSGS Uranium 040N075W17      | Wyoming         | WSGS Archive                      |       0
 wsgs-uranium-041n076w36 | WSGS Uranium 041N076W36      | Wyoming         | WSGS Archive                      |       0
 wsgs-uranium-041n075w31 | WSGS Uranium 041N075W31      | Wyoming         | WSGS Archive                      |       0
 wsgs-uranium-037n074w09 | WSGS Uranium 037N074W09      | Wyoming         | WSGS Archive                      |       0
 wsgs-uranium-040n075w08 | WSGS Uranium 040N075W08      | Wyoming         | WSGS Archive                      |       0
 wsgs-uranium-046n078w36 | WSGS Uranium 046N078W36      | Wyoming         | WSGS Archive                      |       0
 wsgs-uranium-041n075w32 | WSGS Uranium 041N075W32      | Wyoming         | WSGS Archive                      |       0
 wsgs-uranium-045n079w16 | WSGS Uranium 045N079W16      | Wyoming         | WSGS Archive                      |       0
 wsgs-uranium-040n075w16 | WSGS Uranium 040N075W16      | Wyoming         | WSGS Archive                      |       0
 wsgs-uranium-044n074w16 | WSGS Uranium 044N074W16      | Wyoming         | WSGS Archive                      |       0
 wsgs-uranium-043n076w18 | WSGS Uranium 043N076W18      | Wyoming         | WSGS Archive                      |       0
 wsgs-uranium-042n075w36 | WSGS Uranium 042N075W36      | Wyoming         | WSGS Archive                      |       0
 wsgs-uranium-045n075w16 | WSGS Uranium 045N075W16      | Wyoming         | WSGS Archive                      |       0
 wsgs-uranium-040n075w07 | WSGS Uranium 040N075W07      | Wyoming         | WSGS Archive                      |       0
 wsgs-uranium-028n078w36 | WSGS Uranium 028N078W36      | Wyoming         | WSGS Archive                      |       0
 wsgs-uranium-027n078w14 | WSGS Uranium 027N078W14      | Wyoming         | WSGS Archive                      |       0
 wsgs-uranium-032n095w35 | WSGS Uranium 032N095W35      | Wyoming         | WSGS Archive                      |       0
 wsgs-uranium-043n083wxx | WSGS Uranium 043N083WXX      | Wyoming         | WSGS Archive                      |       0
 wsgs-uranium-026n090w09 | WSGS Uranium 026N090W09      | Wyoming         | WSGS Archive                      |       0
 wsgs-uranium-027n079w02 | WSGS Uranium 027N079W02      | Wyoming         | WSGS Archive                      |       0
 wsgs-uranium-026n090w08 | WSGS Uranium 026N090W08      | Wyoming         | WSGS Archive                      |       0
 wsgs-uranium-027n091w36 | WSGS Uranium 027N091W36      | Wyoming         | WSGS Archive                      |       0
 wsgs-uranium-025n090w06 | WSGS Uranium 025N090W06      | Wyoming         | WSGS Archive                      |       0
 wsgs-uranium-027n078w04 | WSGS Uranium 027N078W04      | Wyoming         | WSGS Archive                      |       0
 wsgs-uranium-036n073w36 | WSGS Uranium 036N073W36      | Wyoming         | WSGS Archive                      |       0
 wsgs-uranium-027n078w10 | WSGS Uranium 027N078W10      | Wyoming         | WSGS Archive                      |       0
(120 rows)


==> Finalize complete: 2026-05-18T08:11:32Z
