==> Orchestrator exited at 2026-05-18T07:39:36Z; running finalize
==> Phase: KG sync for every project
  [1] sync cameco-shirley-basin (762b147e-af53-4593-b569-04ee46f31d97)
    r = await sync_silver_project_to_neo4j(conn, '762b147e-af53-4593-b569-04ee46f31d97', driver)
              ~~~~~~~~~~~~~~~~~~~~~~~~~~~~^^^^^^^^^^^^^^^^^^^^^^^^^^^^^^^^^^^^^^^^^^^^^^^^^^^^^^
TypeError: sync_silver_project_to_neo4j() takes 1 positional argument but 3 were given
  [2] sync gas-hills-033n089w28 (cb067754-b191-4b62-a6a5-0f0712d29a8d)
    r = await sync_silver_project_to_neo4j(conn, 'cb067754-b191-4b62-a6a5-0f0712d29a8d', driver)
              ~~~~~~~~~~~~~~~~~~~~~~~~~~~~^^^^^^^^^^^^^^^^^^^^^^^^^^^^^^^^^^^^^^^^^^^^^^^^^^^^^^
TypeError: sync_silver_project_to_neo4j() takes 1 positional argument but 3 were given
  [3] sync phantom-lake-silver (019d74a1-fba8-7165-9ae6-a5bf93eef97d)
    r = await sync_silver_project_to_neo4j(conn, '019d74a1-fba8-7165-9ae6-a5bf93eef97d', driver)
              ~~~~~~~~~~~~~~~~~~~~~~~~~~~~^^^^^^^^^^^^^^^^^^^^^^^^^^^^^^^^^^^^^^^^^^^^^^^^^^^^^^
TypeError: sync_silver_project_to_neo4j() takes 1 positional argument but 3 were given
  [4] sync wsgs-uranium-018n110w36 (df4980b0-119e-413c-8f86-5a6117d3b3e5)
    r = await sync_silver_project_to_neo4j(conn, 'df4980b0-119e-413c-8f86-5a6117d3b3e5', driver)
              ~~~~~~~~~~~~~~~~~~~~~~~~~~~~^^^^^^^^^^^^^^^^^^^^^^^^^^^^^^^^^^^^^^^^^^^^^^^^^^^^^^
TypeError: sync_silver_project_to_neo4j() takes 1 positional argument but 3 were given
  [5] sync wsgs-uranium-024n091w11 (d7626d4f-1d99-467f-8331-d1bedca7d9f4)
    r = await sync_silver_project_to_neo4j(conn, 'd7626d4f-1d99-467f-8331-d1bedca7d9f4', driver)
              ~~~~~~~~~~~~~~~~~~~~~~~~~~~~^^^^^^^^^^^^^^^^^^^^^^^^^^^^^^^^^^^^^^^^^^^^^^^^^^^^^^
TypeError: sync_silver_project_to_neo4j() takes 1 positional argument but 3 were given
  [6] sync wsgs-uranium-025n090w04 (8ddbf229-9860-4db0-96eb-6c77dcf4e987)
    r = await sync_silver_project_to_neo4j(conn, '8ddbf229-9860-4db0-96eb-6c77dcf4e987', driver)
              ~~~~~~~~~~~~~~~~~~~~~~~~~~~~^^^^^^^^^^^^^^^^^^^^^^^^^^^^^^^^^^^^^^^^^^^^^^^^^^^^^^
TypeError: sync_silver_project_to_neo4j() takes 1 positional argument but 3 were given
  [7] sync wsgs-uranium-025n090w05 (e9e2809c-25e4-4a6e-8e7c-b78f3d6f006d)
    r = await sync_silver_project_to_neo4j(conn, 'e9e2809c-25e4-4a6e-8e7c-b78f3d6f006d', driver)
              ~~~~~~~~~~~~~~~~~~~~~~~~~~~~^^^^^^^^^^^^^^^^^^^^^^^^^^^^^^^^^^^^^^^^^^^^^^^^^^^^^^
TypeError: sync_silver_project_to_neo4j() takes 1 positional argument but 3 were given
  [8] sync wsgs-uranium-025n090w06 (159faea4-d106-40a6-8c5f-7850fbf9b584)
    r = await sync_silver_project_to_neo4j(conn, '159faea4-d106-40a6-8c5f-7850fbf9b584', driver)
              ~~~~~~~~~~~~~~~~~~~~~~~~~~~~^^^^^^^^^^^^^^^^^^^^^^^^^^^^^^^^^^^^^^^^^^^^^^^^^^^^^^
TypeError: sync_silver_project_to_neo4j() takes 1 positional argument but 3 were given
  [9] sync wsgs-uranium-025n091w01 (a62512c9-d449-4164-8c93-c09502c71090)
    r = await sync_silver_project_to_neo4j(conn, 'a62512c9-d449-4164-8c93-c09502c71090', driver)
              ~~~~~~~~~~~~~~~~~~~~~~~~~~~~^^^^^^^^^^^^^^^^^^^^^^^^^^^^^^^^^^^^^^^^^^^^^^^^^^^^^^
TypeError: sync_silver_project_to_neo4j() takes 1 positional argument but 3 were given
  [10] sync wsgs-uranium-025n091w02 (a198a1f8-b75b-4922-8d43-67589b41ec5f)
    r = await sync_silver_project_to_neo4j(conn, 'a198a1f8-b75b-4922-8d43-67589b41ec5f', driver)
              ~~~~~~~~~~~~~~~~~~~~~~~~~~~~^^^^^^^^^^^^^^^^^^^^^^^^^^^^^^^^^^^^^^^^^^^^^^^^^^^^^^
TypeError: sync_silver_project_to_neo4j() takes 1 positional argument but 3 were given
  [11] sync wsgs-uranium-025n091w13 (2c8b7f37-901f-4f8b-b4c2-ec1f78f6f80e)
    r = await sync_silver_project_to_neo4j(conn, '2c8b7f37-901f-4f8b-b4c2-ec1f78f6f80e', driver)
              ~~~~~~~~~~~~~~~~~~~~~~~~~~~~^^^^^^^^^^^^^^^^^^^^^^^^^^^^^^^^^^^^^^^^^^^^^^^^^^^^^^
TypeError: sync_silver_project_to_neo4j() takes 1 positional argument but 3 were given
  [12] sync wsgs-uranium-026n090w05 (7225185a-dd84-45e7-89d3-eef5db6f9912)
    r = await sync_silver_project_to_neo4j(conn, '7225185a-dd84-45e7-89d3-eef5db6f9912', driver)
              ~~~~~~~~~~~~~~~~~~~~~~~~~~~~^^^^^^^^^^^^^^^^^^^^^^^^^^^^^^^^^^^^^^^^^^^^^^^^^^^^^^
TypeError: sync_silver_project_to_neo4j() takes 1 positional argument but 3 were given
  [13] sync wsgs-uranium-026n090w08 (560cf796-1ef2-408d-9a55-efdd0ffe5754)
    r = await sync_silver_project_to_neo4j(conn, '560cf796-1ef2-408d-9a55-efdd0ffe5754', driver)
              ~~~~~~~~~~~~~~~~~~~~~~~~~~~~^^^^^^^^^^^^^^^^^^^^^^^^^^^^^^^^^^^^^^^^^^^^^^^^^^^^^^
TypeError: sync_silver_project_to_neo4j() takes 1 positional argument but 3 were given
  [14] sync wsgs-uranium-026n090w09 (0f8fc0a4-78df-4c78-bc1a-0f890e1cbd8c)
    r = await sync_silver_project_to_neo4j(conn, '0f8fc0a4-78df-4c78-bc1a-0f890e1cbd8c', driver)
              ~~~~~~~~~~~~~~~~~~~~~~~~~~~~^^^^^^^^^^^^^^^^^^^^^^^^^^^^^^^^^^^^^^^^^^^^^^^^^^^^^^
TypeError: sync_silver_project_to_neo4j() takes 1 positional argument but 3 were given
  [15] sync wsgs-uranium-026n090w20 (ece5656c-e4ee-4978-8e50-f0b3f2cebabf)
    r = await sync_silver_project_to_neo4j(conn, 'ece5656c-e4ee-4978-8e50-f0b3f2cebabf', driver)
              ~~~~~~~~~~~~~~~~~~~~~~~~~~~~^^^^^^^^^^^^^^^^^^^^^^^^^^^^^^^^^^^^^^^^^^^^^^^^^^^^^^
TypeError: sync_silver_project_to_neo4j() takes 1 positional argument but 3 were given
  [16] sync wsgs-uranium-026n090w29 (b04c041c-440d-49f6-96f2-7874b3f2ecc8)
    r = await sync_silver_project_to_neo4j(conn, 'b04c041c-440d-49f6-96f2-7874b3f2ecc8', driver)
              ~~~~~~~~~~~~~~~~~~~~~~~~~~~~^^^^^^^^^^^^^^^^^^^^^^^^^^^^^^^^^^^^^^^^^^^^^^^^^^^^^^
TypeError: sync_silver_project_to_neo4j() takes 1 positional argument but 3 were given
  [17] sync wsgs-uranium-026n091w02 (51b48559-90ff-47fd-838d-5ed38587ca6a)
    r = await sync_silver_project_to_neo4j(conn, '51b48559-90ff-47fd-838d-5ed38587ca6a', driver)
              ~~~~~~~~~~~~~~~~~~~~~~~~~~~~^^^^^^^^^^^^^^^^^^^^^^^^^^^^^^^^^^^^^^^^^^^^^^^^^^^^^^
TypeError: sync_silver_project_to_neo4j() takes 1 positional argument but 3 were given
  [18] sync wsgs-uranium-026n091w04 (1c4860d2-00b7-4a5a-bf21-3c728c435185)
    r = await sync_silver_project_to_neo4j(conn, '1c4860d2-00b7-4a5a-bf21-3c728c435185', driver)
              ~~~~~~~~~~~~~~~~~~~~~~~~~~~~^^^^^^^^^^^^^^^^^^^^^^^^^^^^^^^^^^^^^^^^^^^^^^^^^^^^^^
TypeError: sync_silver_project_to_neo4j() takes 1 positional argument but 3 were given
  [19] sync wsgs-uranium-026n091w07 (ce247f2b-88f1-4cbb-b3f3-825d5bf50e22)
    r = await sync_silver_project_to_neo4j(conn, 'ce247f2b-88f1-4cbb-b3f3-825d5bf50e22', driver)
              ~~~~~~~~~~~~~~~~~~~~~~~~~~~~^^^^^^^^^^^^^^^^^^^^^^^^^^^^^^^^^^^^^^^^^^^^^^^^^^^^^^
TypeError: sync_silver_project_to_neo4j() takes 1 positional argument but 3 were given
  [20] sync wsgs-uranium-026n091w27 (45f2fc20-1679-4212-a064-884d6ca11dbd)
    r = await sync_silver_project_to_neo4j(conn, '45f2fc20-1679-4212-a064-884d6ca11dbd', driver)
              ~~~~~~~~~~~~~~~~~~~~~~~~~~~~^^^^^^^^^^^^^^^^^^^^^^^^^^^^^^^^^^^^^^^^^^^^^^^^^^^^^^
TypeError: sync_silver_project_to_neo4j() takes 1 positional argument but 3 were given
  [21] sync wsgs-uranium-026n091w32 (7d5ffe91-e79b-415c-b0fa-ec59b9f73ae8)
    r = await sync_silver_project_to_neo4j(conn, '7d5ffe91-e79b-415c-b0fa-ec59b9f73ae8', driver)
              ~~~~~~~~~~~~~~~~~~~~~~~~~~~~^^^^^^^^^^^^^^^^^^^^^^^^^^^^^^^^^^^^^^^^^^^^^^^^^^^^^^
TypeError: sync_silver_project_to_neo4j() takes 1 positional argument but 3 were given
  [22] sync wsgs-uranium-026n091w33 (c8373541-93cb-461f-a20f-0acf96617789)
    r = await sync_silver_project_to_neo4j(conn, 'c8373541-93cb-461f-a20f-0acf96617789', driver)
              ~~~~~~~~~~~~~~~~~~~~~~~~~~~~^^^^^^^^^^^^^^^^^^^^^^^^^^^^^^^^^^^^^^^^^^^^^^^^^^^^^^
TypeError: sync_silver_project_to_neo4j() takes 1 positional argument but 3 were given
  [23] sync wsgs-uranium-027n077w19 (57631c22-f4df-44be-bd10-60f34acd0098)
    r = await sync_silver_project_to_neo4j(conn, '57631c22-f4df-44be-bd10-60f34acd0098', driver)
              ~~~~~~~~~~~~~~~~~~~~~~~~~~~~^^^^^^^^^^^^^^^^^^^^^^^^^^^^^^^^^^^^^^^^^^^^^^^^^^^^^^
TypeError: sync_silver_project_to_neo4j() takes 1 positional argument but 3 were given
  [24] sync wsgs-uranium-027n078w04 (9812469c-605b-4098-b81d-af8e3a2033d3)
    r = await sync_silver_project_to_neo4j(conn, '9812469c-605b-4098-b81d-af8e3a2033d3', driver)
              ~~~~~~~~~~~~~~~~~~~~~~~~~~~~^^^^^^^^^^^^^^^^^^^^^^^^^^^^^^^^^^^^^^^^^^^^^^^^^^^^^^
TypeError: sync_silver_project_to_neo4j() takes 1 positional argument but 3 were given
  [25] sync wsgs-uranium-027n078w09 (8d76b368-7cb2-4548-959b-a6903e8caa7e)
    r = await sync_silver_project_to_neo4j(conn, '8d76b368-7cb2-4548-959b-a6903e8caa7e', driver)
              ~~~~~~~~~~~~~~~~~~~~~~~~~~~~^^^^^^^^^^^^^^^^^^^^^^^^^^^^^^^^^^^^^^^^^^^^^^^^^^^^^^
TypeError: sync_silver_project_to_neo4j() takes 1 positional argument but 3 were given
  [26] sync wsgs-uranium-027n078w10 (1160d799-427f-48ff-aa0e-a7258ddefaee)
    r = await sync_silver_project_to_neo4j(conn, '1160d799-427f-48ff-aa0e-a7258ddefaee', driver)
              ~~~~~~~~~~~~~~~~~~~~~~~~~~~~^^^^^^^^^^^^^^^^^^^^^^^^^^^^^^^^^^^^^^^^^^^^^^^^^^^^^^
TypeError: sync_silver_project_to_neo4j() takes 1 positional argument but 3 were given
  [27] sync wsgs-uranium-027n078w13 (d8b6652b-e5f1-4108-9b6d-296359897aaa)
    r = await sync_silver_project_to_neo4j(conn, 'd8b6652b-e5f1-4108-9b6d-296359897aaa', driver)
              ~~~~~~~~~~~~~~~~~~~~~~~~~~~~^^^^^^^^^^^^^^^^^^^^^^^^^^^^^^^^^^^^^^^^^^^^^^^^^^^^^^
TypeError: sync_silver_project_to_neo4j() takes 1 positional argument but 3 were given
  [28] sync wsgs-uranium-027n078w14 (3e713945-68e7-4a5a-9dcc-89a328d265d8)
    r = await sync_silver_project_to_neo4j(conn, '3e713945-68e7-4a5a-9dcc-89a328d265d8', driver)
              ~~~~~~~~~~~~~~~~~~~~~~~~~~~~^^^^^^^^^^^^^^^^^^^^^^^^^^^^^^^^^^^^^^^^^^^^^^^^^^^^^^
TypeError: sync_silver_project_to_neo4j() takes 1 positional argument but 3 were given
  [29] sync wsgs-uranium-027n078w33 (3be0fc66-14e9-4751-85d6-6a152563d4f0)
    r = await sync_silver_project_to_neo4j(conn, '3be0fc66-14e9-4751-85d6-6a152563d4f0', driver)
              ~~~~~~~~~~~~~~~~~~~~~~~~~~~~^^^^^^^^^^^^^^^^^^^^^^^^^^^^^^^^^^^^^^^^^^^^^^^^^^^^^^
TypeError: sync_silver_project_to_neo4j() takes 1 positional argument but 3 were given
  [30] sync wsgs-uranium-027n079w01 (11a834c1-fdd0-47db-978d-9a90cacd7e69)
    r = await sync_silver_project_to_neo4j(conn, '11a834c1-fdd0-47db-978d-9a90cacd7e69', driver)
              ~~~~~~~~~~~~~~~~~~~~~~~~~~~~^^^^^^^^^^^^^^^^^^^^^^^^^^^^^^^^^^^^^^^^^^^^^^^^^^^^^^
TypeError: sync_silver_project_to_neo4j() takes 1 positional argument but 3 were given
  [31] sync wsgs-uranium-027n079w02 (5f957bdd-cd68-4c53-acbb-5f075f25ad80)
    r = await sync_silver_project_to_neo4j(conn, '5f957bdd-cd68-4c53-acbb-5f075f25ad80', driver)
              ~~~~~~~~~~~~~~~~~~~~~~~~~~~~^^^^^^^^^^^^^^^^^^^^^^^^^^^^^^^^^^^^^^^^^^^^^^^^^^^^^^
TypeError: sync_silver_project_to_neo4j() takes 1 positional argument but 3 were given
  [32] sync wsgs-uranium-027n079w03 (79209632-cb21-46b8-a768-ba6d975c9372)
    r = await sync_silver_project_to_neo4j(conn, '79209632-cb21-46b8-a768-ba6d975c9372', driver)
              ~~~~~~~~~~~~~~~~~~~~~~~~~~~~^^^^^^^^^^^^^^^^^^^^^^^^^^^^^^^^^^^^^^^^^^^^^^^^^^^^^^
TypeError: sync_silver_project_to_neo4j() takes 1 positional argument but 3 were given
  [33] sync wsgs-uranium-027n079w09 (80ffc5e5-3138-43c0-b246-0dd584a98bc7)
    r = await sync_silver_project_to_neo4j(conn, '80ffc5e5-3138-43c0-b246-0dd584a98bc7', driver)
              ~~~~~~~~~~~~~~~~~~~~~~~~~~~~^^^^^^^^^^^^^^^^^^^^^^^^^^^^^^^^^^^^^^^^^^^^^^^^^^^^^^
TypeError: sync_silver_project_to_neo4j() takes 1 positional argument but 3 were given
  [34] sync wsgs-uranium-027n079w10 (1a17f6d6-5b20-482e-9ca3-30e05f300018)
    r = await sync_silver_project_to_neo4j(conn, '1a17f6d6-5b20-482e-9ca3-30e05f300018', driver)
              ~~~~~~~~~~~~~~~~~~~~~~~~~~~~^^^^^^^^^^^^^^^^^^^^^^^^^^^^^^^^^^^^^^^^^^^^^^^^^^^^^^
TypeError: sync_silver_project_to_neo4j() takes 1 positional argument but 3 were given
  [35] sync wsgs-uranium-027n079w11 (27a3505b-8f3b-4705-bfdb-cf483e59444d)
    r = await sync_silver_project_to_neo4j(conn, '27a3505b-8f3b-4705-bfdb-cf483e59444d', driver)
              ~~~~~~~~~~~~~~~~~~~~~~~~~~~~^^^^^^^^^^^^^^^^^^^^^^^^^^^^^^^^^^^^^^^^^^^^^^^^^^^^^^
TypeError: sync_silver_project_to_neo4j() takes 1 positional argument but 3 were given
  [36] sync wsgs-uranium-027n079w14 (cf5372a9-be0d-428e-9e5c-76a2b32494af)
    r = await sync_silver_project_to_neo4j(conn, 'cf5372a9-be0d-428e-9e5c-76a2b32494af', driver)
              ~~~~~~~~~~~~~~~~~~~~~~~~~~~~^^^^^^^^^^^^^^^^^^^^^^^^^^^^^^^^^^^^^^^^^^^^^^^^^^^^^^
TypeError: sync_silver_project_to_neo4j() takes 1 positional argument but 3 were given
  [37] sync wsgs-uranium-027n079w35 (d3a10baa-ab6b-48a1-88f0-8107b0de793e)
    r = await sync_silver_project_to_neo4j(conn, 'd3a10baa-ab6b-48a1-88f0-8107b0de793e', driver)
              ~~~~~~~~~~~~~~~~~~~~~~~~~~~~^^^^^^^^^^^^^^^^^^^^^^^^^^^^^^^^^^^^^^^^^^^^^^^^^^^^^^
TypeError: sync_silver_project_to_neo4j() takes 1 positional argument but 3 were given
  [38] sync wsgs-uranium-027n080w10 (271e25c6-7652-4036-8e90-d2ec8345343e)
    r = await sync_silver_project_to_neo4j(conn, '271e25c6-7652-4036-8e90-d2ec8345343e', driver)
              ~~~~~~~~~~~~~~~~~~~~~~~~~~~~^^^^^^^^^^^^^^^^^^^^^^^^^^^^^^^^^^^^^^^^^^^^^^^^^^^^^^
TypeError: sync_silver_project_to_neo4j() takes 1 positional argument but 3 were given
  [39] sync wsgs-uranium-027n080w11 (39f6a226-162b-42ac-91f1-8ae7a9c2ffa8)
    r = await sync_silver_project_to_neo4j(conn, '39f6a226-162b-42ac-91f1-8ae7a9c2ffa8', driver)
              ~~~~~~~~~~~~~~~~~~~~~~~~~~~~^^^^^^^^^^^^^^^^^^^^^^^^^^^^^^^^^^^^^^^^^^^^^^^^^^^^^^
TypeError: sync_silver_project_to_neo4j() takes 1 positional argument but 3 were given
  [40] sync wsgs-uranium-027n091w16 (0dce84f9-b21d-462f-bc0e-6c9c60f3b0ef)
    r = await sync_silver_project_to_neo4j(conn, '0dce84f9-b21d-462f-bc0e-6c9c60f3b0ef', driver)
              ~~~~~~~~~~~~~~~~~~~~~~~~~~~~^^^^^^^^^^^^^^^^^^^^^^^^^^^^^^^^^^^^^^^^^^^^^^^^^^^^^^
TypeError: sync_silver_project_to_neo4j() takes 1 positional argument but 3 were given
  [41] sync wsgs-uranium-027n091w17 (134cac8e-8dab-415f-bf26-ff57ad48cc90)
    r = await sync_silver_project_to_neo4j(conn, '134cac8e-8dab-415f-bf26-ff57ad48cc90', driver)
              ~~~~~~~~~~~~~~~~~~~~~~~~~~~~^^^^^^^^^^^^^^^^^^^^^^^^^^^^^^^^^^^^^^^^^^^^^^^^^^^^^^
TypeError: sync_silver_project_to_neo4j() takes 1 positional argument but 3 were given
  [42] sync wsgs-uranium-027n091w19 (0c7b9b74-69a2-4ebe-9210-e42a331b02d0)
    r = await sync_silver_project_to_neo4j(conn, '0c7b9b74-69a2-4ebe-9210-e42a331b02d0', driver)
              ~~~~~~~~~~~~~~~~~~~~~~~~~~~~^^^^^^^^^^^^^^^^^^^^^^^^^^^^^^^^^^^^^^^^^^^^^^^^^^^^^^
TypeError: sync_silver_project_to_neo4j() takes 1 positional argument but 3 were given
  [43] sync wsgs-uranium-027n091w20 (c5c3d1d0-faa5-449a-8c59-85ee55f1af40)
    r = await sync_silver_project_to_neo4j(conn, 'c5c3d1d0-faa5-449a-8c59-85ee55f1af40', driver)
              ~~~~~~~~~~~~~~~~~~~~~~~~~~~~^^^^^^^^^^^^^^^^^^^^^^^^^^^^^^^^^^^^^^^^^^^^^^^^^^^^^^
TypeError: sync_silver_project_to_neo4j() takes 1 positional argument but 3 were given
  [44] sync wsgs-uranium-027n091w23 (f793a2a9-b60f-4e73-bb56-b9e085ebc3b0)
    r = await sync_silver_project_to_neo4j(conn, 'f793a2a9-b60f-4e73-bb56-b9e085ebc3b0', driver)
              ~~~~~~~~~~~~~~~~~~~~~~~~~~~~^^^^^^^^^^^^^^^^^^^^^^^^^^^^^^^^^^^^^^^^^^^^^^^^^^^^^^
TypeError: sync_silver_project_to_neo4j() takes 1 positional argument but 3 were given
  [45] sync wsgs-uranium-027n091w24 (9b9ea02d-29fd-4874-bba2-567d1ddfc90b)
    r = await sync_silver_project_to_neo4j(conn, '9b9ea02d-29fd-4874-bba2-567d1ddfc90b', driver)
              ~~~~~~~~~~~~~~~~~~~~~~~~~~~~^^^^^^^^^^^^^^^^^^^^^^^^^^^^^^^^^^^^^^^^^^^^^^^^^^^^^^
TypeError: sync_silver_project_to_neo4j() takes 1 positional argument but 3 were given
  [46] sync wsgs-uranium-027n091w25 (4a0657ef-ec2f-4f27-95e0-5066fbd83a3e)
    r = await sync_silver_project_to_neo4j(conn, '4a0657ef-ec2f-4f27-95e0-5066fbd83a3e', driver)
              ~~~~~~~~~~~~~~~~~~~~~~~~~~~~^^^^^^^^^^^^^^^^^^^^^^^^^^^^^^^^^^^^^^^^^^^^^^^^^^^^^^
TypeError: sync_silver_project_to_neo4j() takes 1 positional argument but 3 were given
  [47] sync wsgs-uranium-027n091w27 (d866a9cb-9375-45eb-88bf-8e81b58f94b4)
    r = await sync_silver_project_to_neo4j(conn, 'd866a9cb-9375-45eb-88bf-8e81b58f94b4', driver)
              ~~~~~~~~~~~~~~~~~~~~~~~~~~~~^^^^^^^^^^^^^^^^^^^^^^^^^^^^^^^^^^^^^^^^^^^^^^^^^^^^^^
TypeError: sync_silver_project_to_neo4j() takes 1 positional argument but 3 were given
  [48] sync wsgs-uranium-027n091w33 (9a389632-6618-4f1b-9dd5-7da79d9071f1)
    r = await sync_silver_project_to_neo4j(conn, '9a389632-6618-4f1b-9dd5-7da79d9071f1', driver)
              ~~~~~~~~~~~~~~~~~~~~~~~~~~~~^^^^^^^^^^^^^^^^^^^^^^^^^^^^^^^^^^^^^^^^^^^^^^^^^^^^^^
TypeError: sync_silver_project_to_neo4j() takes 1 positional argument but 3 were given
  [49] sync wsgs-uranium-027n091w35 (7830fe95-3172-4d4f-bf82-dd105e6f805a)
    r = await sync_silver_project_to_neo4j(conn, '7830fe95-3172-4d4f-bf82-dd105e6f805a', driver)
              ~~~~~~~~~~~~~~~~~~~~~~~~~~~~^^^^^^^^^^^^^^^^^^^^^^^^^^^^^^^^^^^^^^^^^^^^^^^^^^^^^^
TypeError: sync_silver_project_to_neo4j() takes 1 positional argument but 3 were given
  [50] sync wsgs-uranium-027n091w36 (26721431-3774-4fce-baf8-19311a0fe2bf)
    r = await sync_silver_project_to_neo4j(conn, '26721431-3774-4fce-baf8-19311a0fe2bf', driver)
              ~~~~~~~~~~~~~~~~~~~~~~~~~~~~^^^^^^^^^^^^^^^^^^^^^^^^^^^^^^^^^^^^^^^^^^^^^^^^^^^^^^
TypeError: sync_silver_project_to_neo4j() takes 1 positional argument but 3 were given
  [51] sync wsgs-uranium-027n093w03 (30c91acf-83eb-4891-858f-8a0049154d9e)
    r = await sync_silver_project_to_neo4j(conn, '30c91acf-83eb-4891-858f-8a0049154d9e', driver)
              ~~~~~~~~~~~~~~~~~~~~~~~~~~~~^^^^^^^^^^^^^^^^^^^^^^^^^^^^^^^^^^^^^^^^^^^^^^^^^^^^^^
TypeError: sync_silver_project_to_neo4j() takes 1 positional argument but 3 were given
  [52] sync wsgs-uranium-027n093w14 (9a5d2bd5-4515-4ead-a9ea-27a6e74077ab)
    r = await sync_silver_project_to_neo4j(conn, '9a5d2bd5-4515-4ead-a9ea-27a6e74077ab', driver)
              ~~~~~~~~~~~~~~~~~~~~~~~~~~~~^^^^^^^^^^^^^^^^^^^^^^^^^^^^^^^^^^^^^^^^^^^^^^^^^^^^^^
TypeError: sync_silver_project_to_neo4j() takes 1 positional argument but 3 were given
  [53] sync wsgs-uranium-027n093w15 (ffc4f1d5-1cc8-43b3-9d16-f303da0b076c)
    r = await sync_silver_project_to_neo4j(conn, 'ffc4f1d5-1cc8-43b3-9d16-f303da0b076c', driver)
              ~~~~~~~~~~~~~~~~~~~~~~~~~~~~^^^^^^^^^^^^^^^^^^^^^^^^^^^^^^^^^^^^^^^^^^^^^^^^^^^^^^
TypeError: sync_silver_project_to_neo4j() takes 1 positional argument but 3 were given
  [54] sync wsgs-uranium-028n065w29 (4c88b271-20f7-479c-b296-936f07b84d36)
    r = await sync_silver_project_to_neo4j(conn, '4c88b271-20f7-479c-b296-936f07b84d36', driver)
              ~~~~~~~~~~~~~~~~~~~~~~~~~~~~^^^^^^^^^^^^^^^^^^^^^^^^^^^^^^^^^^^^^^^^^^^^^^^^^^^^^^
TypeError: sync_silver_project_to_neo4j() takes 1 positional argument but 3 were given
  [55] sync wsgs-uranium-028n065w31 (f09babd6-a141-43bb-b6f0-035f6e72f8a8)
    r = await sync_silver_project_to_neo4j(conn, 'f09babd6-a141-43bb-b6f0-035f6e72f8a8', driver)
              ~~~~~~~~~~~~~~~~~~~~~~~~~~~~^^^^^^^^^^^^^^^^^^^^^^^^^^^^^^^^^^^^^^^^^^^^^^^^^^^^^^
TypeError: sync_silver_project_to_neo4j() takes 1 positional argument but 3 were given
  [56] sync wsgs-uranium-028n066w20 (9486548f-57f5-41c0-a9d9-e68bc6322876)
    r = await sync_silver_project_to_neo4j(conn, '9486548f-57f5-41c0-a9d9-e68bc6322876', driver)
              ~~~~~~~~~~~~~~~~~~~~~~~~~~~~^^^^^^^^^^^^^^^^^^^^^^^^^^^^^^^^^^^^^^^^^^^^^^^^^^^^^^
TypeError: sync_silver_project_to_neo4j() takes 1 positional argument but 3 were given
  [57] sync wsgs-uranium-028n077w12 (413be833-7016-4f15-82ef-21797e3b715d)
    r = await sync_silver_project_to_neo4j(conn, '413be833-7016-4f15-82ef-21797e3b715d', driver)
              ~~~~~~~~~~~~~~~~~~~~~~~~~~~~^^^^^^^^^^^^^^^^^^^^^^^^^^^^^^^^^^^^^^^^^^^^^^^^^^^^^^
TypeError: sync_silver_project_to_neo4j() takes 1 positional argument but 3 were given
  [58] sync wsgs-uranium-028n078w28 (42f7be22-dcd3-44a6-9130-a85447ca25ac)
    r = await sync_silver_project_to_neo4j(conn, '42f7be22-dcd3-44a6-9130-a85447ca25ac', driver)
              ~~~~~~~~~~~~~~~~~~~~~~~~~~~~^^^^^^^^^^^^^^^^^^^^^^^^^^^^^^^^^^^^^^^^^^^^^^^^^^^^^^
TypeError: sync_silver_project_to_neo4j() takes 1 positional argument but 3 were given
  [59] sync wsgs-uranium-028n078w36 (720a2c60-66b8-4479-a219-2ee448def220)
    r = await sync_silver_project_to_neo4j(conn, '720a2c60-66b8-4479-a219-2ee448def220', driver)
              ~~~~~~~~~~~~~~~~~~~~~~~~~~~~^^^^^^^^^^^^^^^^^^^^^^^^^^^^^^^^^^^^^^^^^^^^^^^^^^^^^^
TypeError: sync_silver_project_to_neo4j() takes 1 positional argument but 3 were given
  [60] sync wsgs-uranium-028n079w34 (f5e2be38-4086-4532-bed5-9d7f3482c8ff)
    r = await sync_silver_project_to_neo4j(conn, 'f5e2be38-4086-4532-bed5-9d7f3482c8ff', driver)
              ~~~~~~~~~~~~~~~~~~~~~~~~~~~~^^^^^^^^^^^^^^^^^^^^^^^^^^^^^^^^^^^^^^^^^^^^^^^^^^^^^^
TypeError: sync_silver_project_to_neo4j() takes 1 positional argument but 3 were given
  [61] sync wsgs-uranium-028n079w35 (b707a26b-d0cb-4e4b-ace2-9be0bfa3e9d2)
    r = await sync_silver_project_to_neo4j(conn, 'b707a26b-d0cb-4e4b-ace2-9be0bfa3e9d2', driver)
              ~~~~~~~~~~~~~~~~~~~~~~~~~~~~^^^^^^^^^^^^^^^^^^^^^^^^^^^^^^^^^^^^^^^^^^^^^^^^^^^^^^
TypeError: sync_silver_project_to_neo4j() takes 1 positional argument but 3 were given
  [62] sync wsgs-uranium-029n065w19 (546588e8-36b1-4239-ba8f-3343d3251021)
    r = await sync_silver_project_to_neo4j(conn, '546588e8-36b1-4239-ba8f-3343d3251021', driver)
              ~~~~~~~~~~~~~~~~~~~~~~~~~~~~^^^^^^^^^^^^^^^^^^^^^^^^^^^^^^^^^^^^^^^^^^^^^^^^^^^^^^
TypeError: sync_silver_project_to_neo4j() takes 1 positional argument but 3 were given
  [63] sync wsgs-uranium-031n092w01 (e7e9d82e-a112-4671-a3bd-fa5077306ba0)
    r = await sync_silver_project_to_neo4j(conn, 'e7e9d82e-a112-4671-a3bd-fa5077306ba0', driver)
              ~~~~~~~~~~~~~~~~~~~~~~~~~~~~^^^^^^^^^^^^^^^^^^^^^^^^^^^^^^^^^^^^^^^^^^^^^^^^^^^^^^
TypeError: sync_silver_project_to_neo4j() takes 1 positional argument but 3 were given
  [64] sync wsgs-uranium-031n092w09 (1a57c66c-39ac-4b9f-b5fc-7466fba5ebd7)
    r = await sync_silver_project_to_neo4j(conn, '1a57c66c-39ac-4b9f-b5fc-7466fba5ebd7', driver)
              ~~~~~~~~~~~~~~~~~~~~~~~~~~~~^^^^^^^^^^^^^^^^^^^^^^^^^^^^^^^^^^^^^^^^^^^^^^^^^^^^^^
TypeError: sync_silver_project_to_neo4j() takes 1 positional argument but 3 were given
  [65] sync wsgs-uranium-031n092w12 (46cbd386-eebc-4840-8e39-7cb8ea8d0b63)
    r = await sync_silver_project_to_neo4j(conn, '46cbd386-eebc-4840-8e39-7cb8ea8d0b63', driver)
              ~~~~~~~~~~~~~~~~~~~~~~~~~~~~^^^^^^^^^^^^^^^^^^^^^^^^^^^^^^^^^^^^^^^^^^^^^^^^^^^^^^
TypeError: sync_silver_project_to_neo4j() takes 1 positional argument but 3 were given
  [66] sync wsgs-uranium-031n092w16 (63f629f8-a1ed-4016-86a1-43a6ff2cad62)
    r = await sync_silver_project_to_neo4j(conn, '63f629f8-a1ed-4016-86a1-43a6ff2cad62', driver)
              ~~~~~~~~~~~~~~~~~~~~~~~~~~~~^^^^^^^^^^^^^^^^^^^^^^^^^^^^^^^^^^^^^^^^^^^^^^^^^^^^^^
TypeError: sync_silver_project_to_neo4j() takes 1 positional argument but 3 were given
  [67] sync wsgs-uranium-031n092w36 (779d592f-8c9d-4249-98e2-075f07b390a9)
    r = await sync_silver_project_to_neo4j(conn, '779d592f-8c9d-4249-98e2-075f07b390a9', driver)
              ~~~~~~~~~~~~~~~~~~~~~~~~~~~~^^^^^^^^^^^^^^^^^^^^^^^^^^^^^^^^^^^^^^^^^^^^^^^^^^^^^^
TypeError: sync_silver_project_to_neo4j() takes 1 positional argument but 3 were given
  [68] sync wsgs-uranium-031n093w01 (613f1c61-a9df-450c-a408-a75fd1c8c6f0)
    r = await sync_silver_project_to_neo4j(conn, '613f1c61-a9df-450c-a408-a75fd1c8c6f0', driver)
              ~~~~~~~~~~~~~~~~~~~~~~~~~~~~^^^^^^^^^^^^^^^^^^^^^^^^^^^^^^^^^^^^^^^^^^^^^^^^^^^^^^
TypeError: sync_silver_project_to_neo4j() takes 1 positional argument but 3 were given
  [69] sync wsgs-uranium-031n093w02 (75545754-f0ef-41c4-9639-c221a2e18dd8)
    r = await sync_silver_project_to_neo4j(conn, '75545754-f0ef-41c4-9639-c221a2e18dd8', driver)
              ~~~~~~~~~~~~~~~~~~~~~~~~~~~~^^^^^^^^^^^^^^^^^^^^^^^^^^^^^^^^^^^^^^^^^^^^^^^^^^^^^^
TypeError: sync_silver_project_to_neo4j() takes 1 positional argument but 3 were given
  [70] sync wsgs-uranium-032n092w01 (0fa53414-eb31-4bef-bca5-7ce58392ed1a)
    r = await sync_silver_project_to_neo4j(conn, '0fa53414-eb31-4bef-bca5-7ce58392ed1a', driver)
              ~~~~~~~~~~~~~~~~~~~~~~~~~~~~^^^^^^^^^^^^^^^^^^^^^^^^^^^^^^^^^^^^^^^^^^^^^^^^^^^^^^
TypeError: sync_silver_project_to_neo4j() takes 1 positional argument but 3 were given
  [71] sync wsgs-uranium-032n092w07 (d9fb89f7-275f-471a-ad11-1d06946ce285)
    r = await sync_silver_project_to_neo4j(conn, 'd9fb89f7-275f-471a-ad11-1d06946ce285', driver)
              ~~~~~~~~~~~~~~~~~~~~~~~~~~~~^^^^^^^^^^^^^^^^^^^^^^^^^^^^^^^^^^^^^^^^^^^^^^^^^^^^^^
TypeError: sync_silver_project_to_neo4j() takes 1 positional argument but 3 were given
  [72] sync wsgs-uranium-032n092w15 (9cf08f26-7550-4a4d-a783-b41f612c9c99)
    r = await sync_silver_project_to_neo4j(conn, '9cf08f26-7550-4a4d-a783-b41f612c9c99', driver)
              ~~~~~~~~~~~~~~~~~~~~~~~~~~~~^^^^^^^^^^^^^^^^^^^^^^^^^^^^^^^^^^^^^^^^^^^^^^^^^^^^^^
TypeError: sync_silver_project_to_neo4j() takes 1 positional argument but 3 were given
  [73] sync wsgs-uranium-032n092w16 (8b1e8cf4-e7e7-4317-9922-98e953084fc4)
    r = await sync_silver_project_to_neo4j(conn, '8b1e8cf4-e7e7-4317-9922-98e953084fc4', driver)
              ~~~~~~~~~~~~~~~~~~~~~~~~~~~~^^^^^^^^^^^^^^^^^^^^^^^^^^^^^^^^^^^^^^^^^^^^^^^^^^^^^^
TypeError: sync_silver_project_to_neo4j() takes 1 positional argument but 3 were given
  [74] sync wsgs-uranium-032n092w36 (f78e9c7e-b29a-4f87-a9e9-fb7ef4844e67)
    r = await sync_silver_project_to_neo4j(conn, 'f78e9c7e-b29a-4f87-a9e9-fb7ef4844e67', driver)
              ~~~~~~~~~~~~~~~~~~~~~~~~~~~~^^^^^^^^^^^^^^^^^^^^^^^^^^^^^^^^^^^^^^^^^^^^^^^^^^^^^^
TypeError: sync_silver_project_to_neo4j() takes 1 positional argument but 3 were given
  [75] sync wsgs-uranium-032n093w35 (f40b3a53-5d1d-4505-8157-8fc1e660ca13)
    r = await sync_silver_project_to_neo4j(conn, 'f40b3a53-5d1d-4505-8157-8fc1e660ca13', driver)
              ~~~~~~~~~~~~~~~~~~~~~~~~~~~~^^^^^^^^^^^^^^^^^^^^^^^^^^^^^^^^^^^^^^^^^^^^^^^^^^^^^^
TypeError: sync_silver_project_to_neo4j() takes 1 positional argument but 3 were given
  [76] sync wsgs-uranium-032n093w36 (151c3afe-3698-49f1-bc04-455012dd7973)
    r = await sync_silver_project_to_neo4j(conn, '151c3afe-3698-49f1-bc04-455012dd7973', driver)
              ~~~~~~~~~~~~~~~~~~~~~~~~~~~~^^^^^^^^^^^^^^^^^^^^^^^^^^^^^^^^^^^^^^^^^^^^^^^^^^^^^^
TypeError: sync_silver_project_to_neo4j() takes 1 positional argument but 3 were given
  [77] sync wsgs-uranium-032n095w35 (b51d19be-9f74-4b97-8ac1-0991651dbf01)
    r = await sync_silver_project_to_neo4j(conn, 'b51d19be-9f74-4b97-8ac1-0991651dbf01', driver)
              ~~~~~~~~~~~~~~~~~~~~~~~~~~~~^^^^^^^^^^^^^^^^^^^^^^^^^^^^^^^^^^^^^^^^^^^^^^^^^^^^^^
TypeError: sync_silver_project_to_neo4j() takes 1 positional argument but 3 were given
  [78] sync wsgs-uranium-033n089w27 (c4cd584b-7828-488d-a35b-24429fdb219f)
    r = await sync_silver_project_to_neo4j(conn, 'c4cd584b-7828-488d-a35b-24429fdb219f', driver)
              ~~~~~~~~~~~~~~~~~~~~~~~~~~~~^^^^^^^^^^^^^^^^^^^^^^^^^^^^^^^^^^^^^^^^^^^^^^^^^^^^^^
TypeError: sync_silver_project_to_neo4j() takes 1 positional argument but 3 were given
  [79] sync wsgs-uranium-033n089w28 (f88e8f4b-8773-4997-81e7-4b95eddcacd0)
    r = await sync_silver_project_to_neo4j(conn, 'f88e8f4b-8773-4997-81e7-4b95eddcacd0', driver)
              ~~~~~~~~~~~~~~~~~~~~~~~~~~~~^^^^^^^^^^^^^^^^^^^^^^^^^^^^^^^^^^^^^^^^^^^^^^^^^^^^^^
TypeError: sync_silver_project_to_neo4j() takes 1 positional argument but 3 were given
  [80] sync wsgs-uranium-033n092w16 (46d02e9b-557a-4572-bdb9-fd5f29211e54)
    r = await sync_silver_project_to_neo4j(conn, '46d02e9b-557a-4572-bdb9-fd5f29211e54', driver)
              ~~~~~~~~~~~~~~~~~~~~~~~~~~~~^^^^^^^^^^^^^^^^^^^^^^^^^^^^^^^^^^^^^^^^^^^^^^^^^^^^^^
TypeError: sync_silver_project_to_neo4j() takes 1 positional argument but 3 were given
  [81] sync wsgs-uranium-033n092w33 (f5e6cb13-25db-43c9-9b18-a2ea09d723b8)
    r = await sync_silver_project_to_neo4j(conn, 'f5e6cb13-25db-43c9-9b18-a2ea09d723b8', driver)
              ~~~~~~~~~~~~~~~~~~~~~~~~~~~~^^^^^^^^^^^^^^^^^^^^^^^^^^^^^^^^^^^^^^^^^^^^^^^^^^^^^^
TypeError: sync_silver_project_to_neo4j() takes 1 positional argument but 3 were given
  [82] sync wsgs-uranium-033n092w36 (e485b879-4688-404a-ab6a-4188c1211d2d)
    r = await sync_silver_project_to_neo4j(conn, 'e485b879-4688-404a-ab6a-4188c1211d2d', driver)
              ~~~~~~~~~~~~~~~~~~~~~~~~~~~~^^^^^^^^^^^^^^^^^^^^^^^^^^^^^^^^^^^^^^^^^^^^^^^^^^^^^^
TypeError: sync_silver_project_to_neo4j() takes 1 positional argument but 3 were given
  [83] sync wsgs-uranium-033n093w36 (623e9405-c65b-43c6-b606-e06d73940a1d)
    r = await sync_silver_project_to_neo4j(conn, '623e9405-c65b-43c6-b606-e06d73940a1d', driver)
              ~~~~~~~~~~~~~~~~~~~~~~~~~~~~^^^^^^^^^^^^^^^^^^^^^^^^^^^^^^^^^^^^^^^^^^^^^^^^^^^^^^
TypeError: sync_silver_project_to_neo4j() takes 1 positional argument but 3 were given
  [84] sync wsgs-uranium-034n062w03 (3e4d4fe5-76ab-4880-9a71-8caca1b70c25)
    r = await sync_silver_project_to_neo4j(conn, '3e4d4fe5-76ab-4880-9a71-8caca1b70c25', driver)
              ~~~~~~~~~~~~~~~~~~~~~~~~~~~~^^^^^^^^^^^^^^^^^^^^^^^^^^^^^^^^^^^^^^^^^^^^^^^^^^^^^^
TypeError: sync_silver_project_to_neo4j() takes 1 positional argument but 3 were given
  [85] sync wsgs-uranium-034n062w16 (a5b75668-5c80-4b43-83c9-df18f55bdc21)
    r = await sync_silver_project_to_neo4j(conn, 'a5b75668-5c80-4b43-83c9-df18f55bdc21', driver)
              ~~~~~~~~~~~~~~~~~~~~~~~~~~~~^^^^^^^^^^^^^^^^^^^^^^^^^^^^^^^^^^^^^^^^^^^^^^^^^^^^^^
TypeError: sync_silver_project_to_neo4j() takes 1 positional argument but 3 were given
  [86] sync wsgs-uranium-034n062w36 (1e94d8fc-a262-4ef7-8ee8-a6245ce45693)
    r = await sync_silver_project_to_neo4j(conn, '1e94d8fc-a262-4ef7-8ee8-a6245ce45693', driver)
              ~~~~~~~~~~~~~~~~~~~~~~~~~~~~^^^^^^^^^^^^^^^^^^^^^^^^^^^^^^^^^^^^^^^^^^^^^^^^^^^^^^
TypeError: sync_silver_project_to_neo4j() takes 1 positional argument but 3 were given
  [87] sync wsgs-uranium-035n062w29 (ce68968e-e29d-4218-b533-c02ecb475867)
    r = await sync_silver_project_to_neo4j(conn, 'ce68968e-e29d-4218-b533-c02ecb475867', driver)
              ~~~~~~~~~~~~~~~~~~~~~~~~~~~~^^^^^^^^^^^^^^^^^^^^^^^^^^^^^^^^^^^^^^^^^^^^^^^^^^^^^^
TypeError: sync_silver_project_to_neo4j() takes 1 positional argument but 3 were given
  [88] sync wsgs-uranium-035n062w33 (92975c65-ce65-4cf6-bf62-d14c568f5268)
    r = await sync_silver_project_to_neo4j(conn, '92975c65-ce65-4cf6-bf62-d14c568f5268', driver)
              ~~~~~~~~~~~~~~~~~~~~~~~~~~~~^^^^^^^^^^^^^^^^^^^^^^^^^^^^^^^^^^^^^^^^^^^^^^^^^^^^^^
TypeError: sync_silver_project_to_neo4j() takes 1 positional argument but 3 were given
  [89] sync wsgs-uranium-035n062w34 (5dcc71f3-9ac1-46d0-ba92-b3a2aab83e2e)
    r = await sync_silver_project_to_neo4j(conn, '5dcc71f3-9ac1-46d0-ba92-b3a2aab83e2e', driver)
              ~~~~~~~~~~~~~~~~~~~~~~~~~~~~^^^^^^^^^^^^^^^^^^^^^^^^^^^^^^^^^^^^^^^^^^^^^^^^^^^^^^
TypeError: sync_silver_project_to_neo4j() takes 1 positional argument but 3 were given
  [90] sync wsgs-uranium-035n074w03 (f7b34c27-27ff-4a9f-91ec-144d7b146f5d)
    r = await sync_silver_project_to_neo4j(conn, 'f7b34c27-27ff-4a9f-91ec-144d7b146f5d', driver)
              ~~~~~~~~~~~~~~~~~~~~~~~~~~~~^^^^^^^^^^^^^^^^^^^^^^^^^^^^^^^^^^^^^^^^^^^^^^^^^^^^^^
TypeError: sync_silver_project_to_neo4j() takes 1 positional argument but 3 were given
  [91] sync wsgs-uranium-035n074w36 (1cbba60c-6ac2-4f1b-8da8-a8e9d785cad8)
    r = await sync_silver_project_to_neo4j(conn, '1cbba60c-6ac2-4f1b-8da8-a8e9d785cad8', driver)
              ~~~~~~~~~~~~~~~~~~~~~~~~~~~~^^^^^^^^^^^^^^^^^^^^^^^^^^^^^^^^^^^^^^^^^^^^^^^^^^^^^^
TypeError: sync_silver_project_to_neo4j() takes 1 positional argument but 3 were given
  [92] sync wsgs-uranium-036n073w36 (52a4cced-dc1b-4545-9c2b-c144cfc2c649)
    r = await sync_silver_project_to_neo4j(conn, '52a4cced-dc1b-4545-9c2b-c144cfc2c649', driver)
              ~~~~~~~~~~~~~~~~~~~~~~~~~~~~^^^^^^^^^^^^^^^^^^^^^^^^^^^^^^^^^^^^^^^^^^^^^^^^^^^^^^
TypeError: sync_silver_project_to_neo4j() takes 1 positional argument but 3 were given
  [93] sync wsgs-uranium-036n074w36 (1ef99392-c70e-4898-9ef8-286163c4e6b0)
    r = await sync_silver_project_to_neo4j(conn, '1ef99392-c70e-4898-9ef8-286163c4e6b0', driver)
              ~~~~~~~~~~~~~~~~~~~~~~~~~~~~^^^^^^^^^^^^^^^^^^^^^^^^^^^^^^^^^^^^^^^^^^^^^^^^^^^^^^
TypeError: sync_silver_project_to_neo4j() takes 1 positional argument but 3 were given
  [94] sync wsgs-uranium-037n074w09 (18cfe811-451e-4d5b-af98-401fb09629c9)
    r = await sync_silver_project_to_neo4j(conn, '18cfe811-451e-4d5b-af98-401fb09629c9', driver)
              ~~~~~~~~~~~~~~~~~~~~~~~~~~~~^^^^^^^^^^^^^^^^^^^^^^^^^^^^^^^^^^^^^^^^^^^^^^^^^^^^^^
TypeError: sync_silver_project_to_neo4j() takes 1 positional argument but 3 were given
  [95] sync wsgs-uranium-037n074w36 (da277692-5862-4b94-87ad-0d2d53b0b286)
    r = await sync_silver_project_to_neo4j(conn, 'da277692-5862-4b94-87ad-0d2d53b0b286', driver)
              ~~~~~~~~~~~~~~~~~~~~~~~~~~~~^^^^^^^^^^^^^^^^^^^^^^^^^^^^^^^^^^^^^^^^^^^^^^^^^^^^^^
TypeError: sync_silver_project_to_neo4j() takes 1 positional argument but 3 were given
  [96] sync wsgs-uranium-040n075w07 (2cc3f1cf-7477-4538-a6c8-371862fb3ddc)
    r = await sync_silver_project_to_neo4j(conn, '2cc3f1cf-7477-4538-a6c8-371862fb3ddc', driver)
              ~~~~~~~~~~~~~~~~~~~~~~~~~~~~^^^^^^^^^^^^^^^^^^^^^^^^^^^^^^^^^^^^^^^^^^^^^^^^^^^^^^
TypeError: sync_silver_project_to_neo4j() takes 1 positional argument but 3 were given
  [97] sync wsgs-uranium-040n075w08 (1ca24329-6f49-4ee2-b3eb-91c003b58074)
    r = await sync_silver_project_to_neo4j(conn, '1ca24329-6f49-4ee2-b3eb-91c003b58074', driver)
              ~~~~~~~~~~~~~~~~~~~~~~~~~~~~^^^^^^^^^^^^^^^^^^^^^^^^^^^^^^^^^^^^^^^^^^^^^^^^^^^^^^
TypeError: sync_silver_project_to_neo4j() takes 1 positional argument but 3 were given
  [98] sync wsgs-uranium-040n075w16 (3a348c5a-19df-479f-ae7c-76353d926e11)
    r = await sync_silver_project_to_neo4j(conn, '3a348c5a-19df-479f-ae7c-76353d926e11', driver)
              ~~~~~~~~~~~~~~~~~~~~~~~~~~~~^^^^^^^^^^^^^^^^^^^^^^^^^^^^^^^^^^^^^^^^^^^^^^^^^^^^^^
TypeError: sync_silver_project_to_neo4j() takes 1 positional argument but 3 were given
  [99] sync wsgs-uranium-040n075w17 (f5c4aa0c-a78a-4bf7-9d5e-55cf9d63cf90)
    r = await sync_silver_project_to_neo4j(conn, 'f5c4aa0c-a78a-4bf7-9d5e-55cf9d63cf90', driver)
              ~~~~~~~~~~~~~~~~~~~~~~~~~~~~^^^^^^^^^^^^^^^^^^^^^^^^^^^^^^^^^^^^^^^^^^^^^^^^^^^^^^
TypeError: sync_silver_project_to_neo4j() takes 1 positional argument but 3 were given
  [100] sync wsgs-uranium-041n075w29 (73f149c3-8faa-4ddc-9979-0f0e0cffd8ee)
    r = await sync_silver_project_to_neo4j(conn, '73f149c3-8faa-4ddc-9979-0f0e0cffd8ee', driver)
              ~~~~~~~~~~~~~~~~~~~~~~~~~~~~^^^^^^^^^^^^^^^^^^^^^^^^^^^^^^^^^^^^^^^^^^^^^^^^^^^^^^
TypeError: sync_silver_project_to_neo4j() takes 1 positional argument but 3 were given
  [101] sync wsgs-uranium-041n075w31 (b948f4ec-1f87-4fd8-8395-ad4a1199d66f)
    r = await sync_silver_project_to_neo4j(conn, 'b948f4ec-1f87-4fd8-8395-ad4a1199d66f', driver)
              ~~~~~~~~~~~~~~~~~~~~~~~~~~~~^^^^^^^^^^^^^^^^^^^^^^^^^^^^^^^^^^^^^^^^^^^^^^^^^^^^^^
TypeError: sync_silver_project_to_neo4j() takes 1 positional argument but 3 were given
  [102] sync wsgs-uranium-041n075w32 (68a9ce37-d6a5-4917-861b-d710978a1e43)
    r = await sync_silver_project_to_neo4j(conn, '68a9ce37-d6a5-4917-861b-d710978a1e43', driver)
              ~~~~~~~~~~~~~~~~~~~~~~~~~~~~^^^^^^^^^^^^^^^^^^^^^^^^^^^^^^^^^^^^^^^^^^^^^^^^^^^^^^
TypeError: sync_silver_project_to_neo4j() takes 1 positional argument but 3 were given
  [103] sync wsgs-uranium-041n076w04 (7cceb201-2f4d-4b9c-b586-3652c55ef21b)
    r = await sync_silver_project_to_neo4j(conn, '7cceb201-2f4d-4b9c-b586-3652c55ef21b', driver)
              ~~~~~~~~~~~~~~~~~~~~~~~~~~~~^^^^^^^^^^^^^^^^^^^^^^^^^^^^^^^^^^^^^^^^^^^^^^^^^^^^^^
TypeError: sync_silver_project_to_neo4j() takes 1 positional argument but 3 were given
  [104] sync wsgs-uranium-041n076w08 (0a5ef9fa-c900-4336-90cd-83660e689d45)
    r = await sync_silver_project_to_neo4j(conn, '0a5ef9fa-c900-4336-90cd-83660e689d45', driver)
              ~~~~~~~~~~~~~~~~~~~~~~~~~~~~^^^^^^^^^^^^^^^^^^^^^^^^^^^^^^^^^^^^^^^^^^^^^^^^^^^^^^
TypeError: sync_silver_project_to_neo4j() takes 1 positional argument but 3 were given
  [105] sync wsgs-uranium-041n076w36 (58738339-58b2-47ae-a090-ad1aed67ce5e)
    r = await sync_silver_project_to_neo4j(conn, '58738339-58b2-47ae-a090-ad1aed67ce5e', driver)
              ~~~~~~~~~~~~~~~~~~~~~~~~~~~~^^^^^^^^^^^^^^^^^^^^^^^^^^^^^^^^^^^^^^^^^^^^^^^^^^^^^^
TypeError: sync_silver_project_to_neo4j() takes 1 positional argument but 3 were given
  [106] sync wsgs-uranium-041n077w16 (804da33a-dd80-433d-912f-635492fe6fd5)
    r = await sync_silver_project_to_neo4j(conn, '804da33a-dd80-433d-912f-635492fe6fd5', driver)
              ~~~~~~~~~~~~~~~~~~~~~~~~~~~~^^^^^^^^^^^^^^^^^^^^^^^^^^^^^^^^^^^^^^^^^^^^^^^^^^^^^^
TypeError: sync_silver_project_to_neo4j() takes 1 positional argument but 3 were given
  [107] sync wsgs-uranium-042n073w15 (45aa1317-5130-468c-864f-247c07d06c09)
    r = await sync_silver_project_to_neo4j(conn, '45aa1317-5130-468c-864f-247c07d06c09', driver)
              ~~~~~~~~~~~~~~~~~~~~~~~~~~~~^^^^^^^^^^^^^^^^^^^^^^^^^^^^^^^^^^^^^^^^^^^^^^^^^^^^^^
TypeError: sync_silver_project_to_neo4j() takes 1 positional argument but 3 were given
  [108] sync wsgs-uranium-042n075w36 (7083bc22-81da-4fb5-9342-c080294af6f4)
    r = await sync_silver_project_to_neo4j(conn, '7083bc22-81da-4fb5-9342-c080294af6f4', driver)
              ~~~~~~~~~~~~~~~~~~~~~~~~~~~~^^^^^^^^^^^^^^^^^^^^^^^^^^^^^^^^^^^^^^^^^^^^^^^^^^^^^^
TypeError: sync_silver_project_to_neo4j() takes 1 positional argument but 3 were given
  [109] sync wsgs-uranium-042n076w32 (37a5410f-c13f-45a4-8552-cf0583731127)
    r = await sync_silver_project_to_neo4j(conn, '37a5410f-c13f-45a4-8552-cf0583731127', driver)
              ~~~~~~~~~~~~~~~~~~~~~~~~~~~~^^^^^^^^^^^^^^^^^^^^^^^^^^^^^^^^^^^^^^^^^^^^^^^^^^^^^^
TypeError: sync_silver_project_to_neo4j() takes 1 positional argument but 3 were given
  [110] sync wsgs-uranium-043n076w18 (32777e62-2a16-4dbf-81bc-b6bfaedb94d1)
    r = await sync_silver_project_to_neo4j(conn, '32777e62-2a16-4dbf-81bc-b6bfaedb94d1', driver)
              ~~~~~~~~~~~~~~~~~~~~~~~~~~~~^^^^^^^^^^^^^^^^^^^^^^^^^^^^^^^^^^^^^^^^^^^^^^^^^^^^^^
TypeError: sync_silver_project_to_neo4j() takes 1 positional argument but 3 were given
  [111] sync wsgs-uranium-043n076w36 (8395a18e-72d9-43e1-94c0-8588dce2158b)
    r = await sync_silver_project_to_neo4j(conn, '8395a18e-72d9-43e1-94c0-8588dce2158b', driver)
              ~~~~~~~~~~~~~~~~~~~~~~~~~~~~^^^^^^^^^^^^^^^^^^^^^^^^^^^^^^^^^^^^^^^^^^^^^^^^^^^^^^
TypeError: sync_silver_project_to_neo4j() takes 1 positional argument but 3 were given
  [112] sync wsgs-uranium-043n079w36 (61101e81-718f-4e45-ad70-a5b7e5c11171)
    r = await sync_silver_project_to_neo4j(conn, '61101e81-718f-4e45-ad70-a5b7e5c11171', driver)
              ~~~~~~~~~~~~~~~~~~~~~~~~~~~~^^^^^^^^^^^^^^^^^^^^^^^^^^^^^^^^^^^^^^^^^^^^^^^^^^^^^^
TypeError: sync_silver_project_to_neo4j() takes 1 positional argument but 3 were given
  [113] sync wsgs-uranium-043n083wxx (c96eda52-1629-4bcb-b963-9f5b3e6c6d2d)
    r = await sync_silver_project_to_neo4j(conn, 'c96eda52-1629-4bcb-b963-9f5b3e6c6d2d', driver)
              ~~~~~~~~~~~~~~~~~~~~~~~~~~~~^^^^^^^^^^^^^^^^^^^^^^^^^^^^^^^^^^^^^^^^^^^^^^^^^^^^^^
TypeError: sync_silver_project_to_neo4j() takes 1 positional argument but 3 were given
  [114] sync wsgs-uranium-044n074w16 (3ec7d6c2-b0aa-4ca0-8f53-47b7081c56a7)
    r = await sync_silver_project_to_neo4j(conn, '3ec7d6c2-b0aa-4ca0-8f53-47b7081c56a7', driver)
              ~~~~~~~~~~~~~~~~~~~~~~~~~~~~^^^^^^^^^^^^^^^^^^^^^^^^^^^^^^^^^^^^^^^^^^^^^^^^^^^^^^
TypeError: sync_silver_project_to_neo4j() takes 1 positional argument but 3 were given
  [115] sync wsgs-uranium-044n075w16 (2472fa96-da9e-47c6-a5ab-65c772ebd62c)
    r = await sync_silver_project_to_neo4j(conn, '2472fa96-da9e-47c6-a5ab-65c772ebd62c', driver)
              ~~~~~~~~~~~~~~~~~~~~~~~~~~~~^^^^^^^^^^^^^^^^^^^^^^^^^^^^^^^^^^^^^^^^^^^^^^^^^^^^^^
TypeError: sync_silver_project_to_neo4j() takes 1 positional argument but 3 were given
  [116] sync wsgs-uranium-044n075w36 (264479c4-dbfb-4164-8fa2-916a853041da)
    r = await sync_silver_project_to_neo4j(conn, '264479c4-dbfb-4164-8fa2-916a853041da', driver)
              ~~~~~~~~~~~~~~~~~~~~~~~~~~~~^^^^^^^^^^^^^^^^^^^^^^^^^^^^^^^^^^^^^^^^^^^^^^^^^^^^^^
TypeError: sync_silver_project_to_neo4j() takes 1 positional argument but 3 were given
  [117] sync wsgs-uranium-044n079w16 (ec743e7a-839c-439f-b6d1-5c300865617a)
    r = await sync_silver_project_to_neo4j(conn, 'ec743e7a-839c-439f-b6d1-5c300865617a', driver)
              ~~~~~~~~~~~~~~~~~~~~~~~~~~~~^^^^^^^^^^^^^^^^^^^^^^^^^^^^^^^^^^^^^^^^^^^^^^^^^^^^^^
TypeError: sync_silver_project_to_neo4j() takes 1 positional argument but 3 were given
  [118] sync wsgs-uranium-045n075w16 (d0d8c500-2c10-4da9-b512-013d8251b7f9)
    r = await sync_silver_project_to_neo4j(conn, 'd0d8c500-2c10-4da9-b512-013d8251b7f9', driver)
              ~~~~~~~~~~~~~~~~~~~~~~~~~~~~^^^^^^^^^^^^^^^^^^^^^^^^^^^^^^^^^^^^^^^^^^^^^^^^^^^^^^
TypeError: sync_silver_project_to_neo4j() takes 1 positional argument but 3 were given
  [119] sync wsgs-uranium-045n079w16 (edea0ef5-b146-40f8-b58f-94f8bca5075b)
    r = await sync_silver_project_to_neo4j(conn, 'edea0ef5-b146-40f8-b58f-94f8bca5075b', driver)
              ~~~~~~~~~~~~~~~~~~~~~~~~~~~~^^^^^^^^^^^^^^^^^^^^^^^^^^^^^^^^^^^^^^^^^^^^^^^^^^^^^^
TypeError: sync_silver_project_to_neo4j() takes 1 positional argument but 3 were given
  [120] sync wsgs-uranium-046n078w36 (9ceb4e57-f825-4e06-a285-3e1dd441bfeb)
    r = await sync_silver_project_to_neo4j(conn, '9ceb4e57-f825-4e06-a285-3e1dd441bfeb', driver)
              ~~~~~~~~~~~~~~~~~~~~~~~~~~~~^^^^^^^^^^^^^^^^^^^^^^^^^^^^^^^^^^^^^^^^^^^^^^^^^^^^^^
TypeError: sync_silver_project_to_neo4j() takes 1 positional argument but 3 were given

==> KG sync done: 0/120 projects

==> Phase: trigger Qdrant embedding for new passages
/usr/local/lib/python3.13/site-packages/transformers/utils/hub.py:110: FutureWarning: Using `TRANSFORMERS_CACHE` is deprecated and will be removed in v5 of Transformers. Use `HF_HOME` instead.
  warnings.warn(
  embedding result: EmbeddingSyncResult(workspace_id='a0000000-0000-0000-0000-000000000001', project_id=None, passages_seen=31, passages_embedded=31, passages_skipped=0, qdrant_points_upserted=31, errors=[])

==> Final silver state
    table_name     | count 
-------------------+-------
 collars           |   302
 document_passages |  1574
 lithology_logs    |  5867
 projects          |   120
 reports           |  1174
 samples           |  2336
 well_log_curves   |  3365
(7 rows)


==> Project list
          slug           |         project_name         |     region      |              company              | collars 
-------------------------+------------------------------+-----------------+-----------------------------------+---------
 gas-hills-033n089w28    | Gas Hills Roll-Front Uranium | Fremont, WY     | Pathfinder Mines (Wyoming Mining) |      94
 wsgs-uranium-033n089w28 | WSGS Uranium 033N089W28      | Wyoming         | WSGS Archive                      |      94
 cameco-shirley-basin    | Cameco Shirley Basin Uranium | CARBON, WY      | CAMECO RESOURCES                  |      66
 phantom-lake-silver     | Phantom Lake Silver          | Athabasca Basin | Phantom Lake Mining Ltd.          |      20
 wsgs-uranium-033n089w27 | WSGS Uranium 033N089W27      | Wyoming         | WSGS Archive                      |       7
 wsgs-uranium-035n074w03 | WSGS Uranium 035N074W03      | Wyoming         | WSGS Archive                      |       6
 wsgs-uranium-035n062w33 | WSGS Uranium 035N062W33      | Wyoming         | WSGS Archive                      |       4
 wsgs-uranium-034n062w16 | WSGS Uranium 034N062W16      | Wyoming         | WSGS Archive                      |       4
 wsgs-uranium-034n062w36 | WSGS Uranium 034N062W36      | Wyoming         | WSGS Archive                      |       2
 wsgs-uranium-034n062w03 | WSGS Uranium 034N062W03      | Wyoming         | WSGS Archive                      |       2
 wsgs-uranium-035n062w29 | WSGS Uranium 035N062W29      | Wyoming         | WSGS Archive                      |       2
 wsgs-uranium-035n062w34 | WSGS Uranium 035N062W34      | Wyoming         | WSGS Archive                      |       1
 wsgs-uranium-027n091w35 | WSGS Uranium 027N091W35      | Wyoming         | WSGS Archive                      |       0
 wsgs-uranium-027n080w10 | WSGS Uranium 027N080W10      | Wyoming         | WSGS Archive                      |       0
 wsgs-uranium-026n090w20 | WSGS Uranium 026N090W20      | Wyoming         | WSGS Archive                      |       0
 wsgs-uranium-027n078w09 | WSGS Uranium 027N078W09      | Wyoming         | WSGS Archive                      |       0
 wsgs-uranium-027n091w33 | WSGS Uranium 027N091W33      | Wyoming         | WSGS Archive                      |       0
 wsgs-uranium-026n090w29 | WSGS Uranium 026N090W29      | Wyoming         | WSGS Archive                      |       0
 wsgs-uranium-027n091w16 | WSGS Uranium 027N091W16      | Wyoming         | WSGS Archive                      |       0
 wsgs-uranium-027n079w01 | WSGS Uranium 027N079W01      | Wyoming         | WSGS Archive                      |       0
 wsgs-uranium-025n091w01 | WSGS Uranium 025N091W01      | Wyoming         | WSGS Archive                      |       0
 wsgs-uranium-028n079w35 | WSGS Uranium 028N079W35      | Wyoming         | WSGS Archive                      |       0
 wsgs-uranium-026n091w04 | WSGS Uranium 026N091W04      | Wyoming         | WSGS Archive                      |       0
 wsgs-uranium-026n090w05 | WSGS Uranium 026N090W05      | Wyoming         | WSGS Archive                      |       0
 wsgs-uranium-027n091w23 | WSGS Uranium 027N091W23      | Wyoming         | WSGS Archive                      |       0
 wsgs-uranium-027n093w14 | WSGS Uranium 027N093W14      | Wyoming         | WSGS Archive                      |       0
 wsgs-uranium-027n091w24 | WSGS Uranium 027N091W24      | Wyoming         | WSGS Archive                      |       0
 wsgs-uranium-037n074w36 | WSGS Uranium 037N074W36      | Wyoming         | WSGS Archive                      |       0
 wsgs-uranium-027n080w11 | WSGS Uranium 027N080W11      | Wyoming         | WSGS Archive                      |       0
 wsgs-uranium-027n091w19 | WSGS Uranium 027N091W19      | Wyoming         | WSGS Archive                      |       0
 wsgs-uranium-028n065w29 | WSGS Uranium 028N065W29      | Wyoming         | WSGS Archive                      |       0
 wsgs-uranium-027n079w03 | WSGS Uranium 027N079W03      | Wyoming         | WSGS Archive                      |       0
 wsgs-uranium-027n078w13 | WSGS Uranium 027N078W13      | Wyoming         | WSGS Archive                      |       0
 wsgs-uranium-027n079w14 | WSGS Uranium 027N079W14      | Wyoming         | WSGS Archive                      |       0
 wsgs-uranium-027n079w11 | WSGS Uranium 027N079W11      | Wyoming         | WSGS Archive                      |       0
 wsgs-uranium-025n091w13 | WSGS Uranium 025N091W13      | Wyoming         | WSGS Archive                      |       0
 wsgs-uranium-024n091w11 | WSGS Uranium 024N091W11      | Wyoming         | WSGS Archive                      |       0
 wsgs-uranium-027n077w19 | WSGS Uranium 027N077W19      | Wyoming         | WSGS Archive                      |       0
 wsgs-uranium-025n090w05 | WSGS Uranium 025N090W05      | Wyoming         | WSGS Archive                      |       0
 wsgs-uranium-027n093w15 | WSGS Uranium 027N093W15      | Wyoming         | WSGS Archive                      |       0
 wsgs-uranium-027n093w03 | WSGS Uranium 027N093W03      | Wyoming         | WSGS Archive                      |       0
 wsgs-uranium-025n091w02 | WSGS Uranium 025N091W02      | Wyoming         | WSGS Archive                      |       0
 wsgs-uranium-027n091w25 | WSGS Uranium 027N091W25      | Wyoming         | WSGS Archive                      |       0
 wsgs-uranium-018n110w36 | WSGS Uranium 018N110W36      | Wyoming         | WSGS Archive                      |       0
 wsgs-uranium-032n092w36 | WSGS Uranium 032N092W36      | Wyoming         | WSGS Archive                      |       0
 wsgs-uranium-032n092w16 | WSGS Uranium 032N092W16      | Wyoming         | WSGS Archive                      |       0
 wsgs-uranium-032n093w36 | WSGS Uranium 032N093W36      | Wyoming         | WSGS Archive                      |       0
 wsgs-uranium-031n092w16 | WSGS Uranium 031N092W16      | Wyoming         | WSGS Archive                      |       0
 wsgs-uranium-031n092w36 | WSGS Uranium 031N092W36      | Wyoming         | WSGS Archive                      |       0
 wsgs-uranium-033n092w36 | WSGS Uranium 033N092W36      | Wyoming         | WSGS Archive                      |       0
 wsgs-uranium-032n092w07 | WSGS Uranium 032N092W07      | Wyoming         | WSGS Archive                      |       0
 wsgs-uranium-031n092w12 | WSGS Uranium 031N092W12      | Wyoming         | WSGS Archive                      |       0
 wsgs-uranium-032n093w35 | WSGS Uranium 032N093W35      | Wyoming         | WSGS Archive                      |       0
 wsgs-uranium-033n093w36 | WSGS Uranium 033N093W36      | Wyoming         | WSGS Archive                      |       0
 wsgs-uranium-033n092w16 | WSGS Uranium 033N092W16      | Wyoming         | WSGS Archive                      |       0
 wsgs-uranium-027n079w35 | WSGS Uranium 027N079W35      | Wyoming         | WSGS Archive                      |       0
 wsgs-uranium-031n092w01 | WSGS Uranium 031N092W01      | Wyoming         | WSGS Archive                      |       0
 wsgs-uranium-032n092w15 | WSGS Uranium 032N092W15      | Wyoming         | WSGS Archive                      |       0
 wsgs-uranium-031n093w01 | WSGS Uranium 031N093W01      | Wyoming         | WSGS Archive                      |       0
 wsgs-uranium-031n092w09 | WSGS Uranium 031N092W09      | Wyoming         | WSGS Archive                      |       0
 wsgs-uranium-033n092w33 | WSGS Uranium 033N092W33      | Wyoming         | WSGS Archive                      |       0
 wsgs-uranium-031n093w02 | WSGS Uranium 031N093W02      | Wyoming         | WSGS Archive                      |       0
 wsgs-uranium-032n092w01 | WSGS Uranium 032N092W01      | Wyoming         | WSGS Archive                      |       0
 wsgs-uranium-036n074w36 | WSGS Uranium 036N074W36      | Wyoming         | WSGS Archive                      |       0
 wsgs-uranium-027n079w10 | WSGS Uranium 027N079W10      | Wyoming         | WSGS Archive                      |       0
 wsgs-uranium-027n079w09 | WSGS Uranium 027N079W09      | Wyoming         | WSGS Archive                      |       0
 wsgs-uranium-026n091w07 | WSGS Uranium 026N091W07      | Wyoming         | WSGS Archive                      |       0
 wsgs-uranium-025n090w04 | WSGS Uranium 025N090W04      | Wyoming         | WSGS Archive                      |       0
 wsgs-uranium-027n091w27 | WSGS Uranium 027N091W27      | Wyoming         | WSGS Archive                      |       0
 wsgs-uranium-026n091w27 | WSGS Uranium 026N091W27      | Wyoming         | WSGS Archive                      |       0
 wsgs-uranium-026n091w02 | WSGS Uranium 026N091W02      | Wyoming         | WSGS Archive                      |       0
 wsgs-uranium-028n077w12 | WSGS Uranium 028N077W12      | Wyoming         | WSGS Archive                      |       0
 wsgs-uranium-027n078w33 | WSGS Uranium 027N078W33      | Wyoming         | WSGS Archive                      |       0
 wsgs-uranium-028n079w34 | WSGS Uranium 028N079W34      | Wyoming         | WSGS Archive                      |       0
 wsgs-uranium-026n091w32 | WSGS Uranium 026N091W32      | Wyoming         | WSGS Archive                      |       0
 wsgs-uranium-027n091w20 | WSGS Uranium 027N091W20      | Wyoming         | WSGS Archive                      |       0
 wsgs-uranium-043n076w36 | WSGS Uranium 043N076W36      | Wyoming         | WSGS Archive                      |       0
 wsgs-uranium-026n091w33 | WSGS Uranium 026N091W33      | Wyoming         | WSGS Archive                      |       0
 wsgs-uranium-027n091w17 | WSGS Uranium 027N091W17      | Wyoming         | WSGS Archive                      |       0
 wsgs-uranium-043n079w36 | WSGS Uranium 043N079W36      | Wyoming         | WSGS Archive                      |       0
 wsgs-uranium-035n074w36 | WSGS Uranium 035N074W36      | Wyoming         | WSGS Archive                      |       0
 wsgs-uranium-029n065w19 | WSGS Uranium 029N065W19      | Wyoming         | WSGS Archive                      |       0
 wsgs-uranium-041n077w16 | WSGS Uranium 041N077W16      | Wyoming         | WSGS Archive                      |       0
 wsgs-uranium-028n065w31 | WSGS Uranium 028N065W31      | Wyoming         | WSGS Archive                      |       0
 wsgs-uranium-028n066w20 | WSGS Uranium 028N066W20      | Wyoming         | WSGS Archive                      |       0
 wsgs-uranium-028n078w28 | WSGS Uranium 028N078W28      | Wyoming         | WSGS Archive                      |       0
 wsgs-uranium-044n075w36 | WSGS Uranium 044N075W36      | Wyoming         | WSGS Archive                      |       0
 wsgs-uranium-044n075w16 | WSGS Uranium 044N075W16      | Wyoming         | WSGS Archive                      |       0
 wsgs-uranium-041n076w08 | WSGS Uranium 041N076W08      | Wyoming         | WSGS Archive                      |       0
 wsgs-uranium-042n073w15 | WSGS Uranium 042N073W15      | Wyoming         | WSGS Archive                      |       0
 wsgs-uranium-044n079w16 | WSGS Uranium 044N079W16      | Wyoming         | WSGS Archive                      |       0
 wsgs-uranium-041n076w04 | WSGS Uranium 041N076W04      | Wyoming         | WSGS Archive                      |       0
 wsgs-uranium-042n076w32 | WSGS Uranium 042N076W32      | Wyoming         | WSGS Archive                      |       0
 wsgs-uranium-041n075w29 | WSGS Uranium 041N075W29      | Wyoming         | WSGS Archive                      |       0
 wsgs-uranium-040n075w17 | WSGS Uranium 040N075W17      | Wyoming         | WSGS Archive                      |       0
 wsgs-uranium-041n076w36 | WSGS Uranium 041N076W36      | Wyoming         | WSGS Archive                      |       0
 wsgs-uranium-041n075w31 | WSGS Uranium 041N075W31      | Wyoming         | WSGS Archive                      |       0
 wsgs-uranium-037n074w09 | WSGS Uranium 037N074W09      | Wyoming         | WSGS Archive                      |       0
 wsgs-uranium-040n075w08 | WSGS Uranium 040N075W08      | Wyoming         | WSGS Archive                      |       0
 wsgs-uranium-046n078w36 | WSGS Uranium 046N078W36      | Wyoming         | WSGS Archive                      |       0
 wsgs-uranium-041n075w32 | WSGS Uranium 041N075W32      | Wyoming         | WSGS Archive                      |       0
 wsgs-uranium-045n079w16 | WSGS Uranium 045N079W16      | Wyoming         | WSGS Archive                      |       0
 wsgs-uranium-040n075w16 | WSGS Uranium 040N075W16      | Wyoming         | WSGS Archive                      |       0
 wsgs-uranium-044n074w16 | WSGS Uranium 044N074W16      | Wyoming         | WSGS Archive                      |       0
 wsgs-uranium-043n076w18 | WSGS Uranium 043N076W18      | Wyoming         | WSGS Archive                      |       0
 wsgs-uranium-042n075w36 | WSGS Uranium 042N075W36      | Wyoming         | WSGS Archive                      |       0
 wsgs-uranium-045n075w16 | WSGS Uranium 045N075W16      | Wyoming         | WSGS Archive                      |       0
 wsgs-uranium-040n075w07 | WSGS Uranium 040N075W07      | Wyoming         | WSGS Archive                      |       0
 wsgs-uranium-028n078w36 | WSGS Uranium 028N078W36      | Wyoming         | WSGS Archive                      |       0
 wsgs-uranium-027n078w14 | WSGS Uranium 027N078W14      | Wyoming         | WSGS Archive                      |       0
 wsgs-uranium-032n095w35 | WSGS Uranium 032N095W35      | Wyoming         | WSGS Archive                      |       0
 wsgs-uranium-043n083wxx | WSGS Uranium 043N083WXX      | Wyoming         | WSGS Archive                      |       0
 wsgs-uranium-026n090w09 | WSGS Uranium 026N090W09      | Wyoming         | WSGS Archive                      |       0
 wsgs-uranium-027n079w02 | WSGS Uranium 027N079W02      | Wyoming         | WSGS Archive                      |       0
 wsgs-uranium-026n090w08 | WSGS Uranium 026N090W08      | Wyoming         | WSGS Archive                      |       0
 wsgs-uranium-027n091w36 | WSGS Uranium 027N091W36      | Wyoming         | WSGS Archive                      |       0
 wsgs-uranium-025n090w06 | WSGS Uranium 025N090W06      | Wyoming         | WSGS Archive                      |       0
 wsgs-uranium-027n078w04 | WSGS Uranium 027N078W04      | Wyoming         | WSGS Archive                      |       0
 wsgs-uranium-036n073w36 | WSGS Uranium 036N073W36      | Wyoming         | WSGS Archive                      |       0
 wsgs-uranium-027n078w10 | WSGS Uranium 027N078W10      | Wyoming         | WSGS Archive                      |       0
(120 rows)


==> Finalize complete: 2026-05-18T07:44:26Z
